[wanxinp2p-account-service][${env:SERVER_PORT}] 2023-10-06 10:00:19,098 INFO [AsyncResolver-bootstrap-executor-0][ConfigClusterResolver.java:43] - Resolving eureka endpoints via configuration
[wanxinp2p-account-service][${env:SERVER_PORT}] 2023-10-06 10:00:28,966 INFO [NettyClientSelector_1][Slf4jLoggerFactory.java:95] - closeChannel: close the connection to remote address[] result: true
[wanxinp2p-account-service][${env:SERVER_PORT}] 2023-10-06 10:00:29,198 INFO [NettyClientSelector_1][Slf4jLoggerFactory.java:95] - closeChannel: close the connection to remote address[] result: true
[wanxinp2p-account-service][${env:SERVER_PORT}] 2023-10-06 10:00:58,965 INFO [NettyClientSelector_1][Slf4jLoggerFactory.java:95] - closeChannel: close the connection to remote address[] result: true
[wanxinp2p-account-service][${env:SERVER_PORT}] 2023-10-06 10:00:59,198 INFO [NettyClientSelector_1][Slf4jLoggerFactory.java:95] - closeChannel: close the connection to remote address[] result: true
[wanxinp2p-account-service][${env:SERVER_PORT}] 2023-10-06 10:01:28,969 INFO [NettyClientSelector_1][Slf4jLoggerFactory.java:95] - closeChannel: close the connection to remote address[] result: true
[wanxinp2p-account-service][${env:SERVER_PORT}] 2023-10-06 10:01:29,187 INFO [NettyClientSelector_1][Slf4jLoggerFactory.java:95] - closeChannel: close the connection to remote address[] result: true
[wanxinp2p-account-service][${env:SERVER_PORT}] 2023-10-06 10:01:58,974 INFO [NettyClientSelector_1][Slf4jLoggerFactory.java:95] - closeChannel: close the connection to remote address[] result: true
[wanxinp2p-account-service][${env:SERVER_PORT}] 2023-10-06 10:01:59,188 INFO [NettyClientSelector_1][Slf4jLoggerFactory.java:95] - closeChannel: close the connection to remote address[] result: true
[wanxinp2p-account-service][${env:SERVER_PORT}] 2023-10-06 10:02:28,978 INFO [NettyClientSelector_1][Slf4jLoggerFactory.java:95] - closeChannel: close the connection to remote address[] result: true
[wanxinp2p-account-service][${env:SERVER_PORT}] 2023-10-06 10:02:29,196 INFO [NettyClientSelector_1][Slf4jLoggerFactory.java:95] - closeChannel: close the connection to remote address[] result: true
[wanxinp2p-account-service][${env:SERVER_PORT}] 2023-10-06 10:02:58,959 INFO [NettyClientSelector_1][Slf4jLoggerFactory.java:95] - closeChannel: close the connection to remote address[] result: true
[wanxinp2p-account-service][${env:SERVER_PORT}] 2023-10-06 10:02:59,191 INFO [NettyClientSelector_1][Slf4jLoggerFactory.java:95] - closeChannel: close the connection to remote address[] result: true
[wanxinp2p-account-service][${env:SERVER_PORT}] 2023-10-06 10:03:28,968 INFO [NettyClientSelector_1][Slf4jLoggerFactory.java:95] - closeChannel: close the connection to remote address[] result: true
[wanxinp2p-account-service][${env:SERVER_PORT}] 2023-10-06 10:03:29,214 INFO [NettyClientSelector_1][Slf4jLoggerFactory.java:95] - closeChannel: close the connection to remote address[] result: true
[wanxinp2p-account-service][${env:SERVER_PORT}] 2023-10-06 10:03:58,979 INFO [NettyClientSelector_1][Slf4jLoggerFactory.java:95] - closeChannel: close the connection to remote address[] result: true
[wanxinp2p-account-service][${env:SERVER_PORT}] 2023-10-06 10:03:59,196 INFO [NettyClientSelector_1][Slf4jLoggerFactory.java:95] - closeChannel: close the connection to remote address[] result: true
[wanxinp2p-account-service][${env:SERVER_PORT}] 2023-10-06 10:04:28,967 INFO [NettyClientSelector_1][Slf4jLoggerFactory.java:95] - closeChannel: close the connection to remote address[] result: true
[wanxinp2p-account-service][${env:SERVER_PORT}] 2023-10-06 10:04:29,181 INFO [NettyClientSelector_1][Slf4jLoggerFactory.java:95] - closeChannel: close the connection to remote address[] result: true
[wanxinp2p-account-service][${env:SERVER_PORT}] 2023-10-06 10:04:49,595 WARN [Apollo-RemoteConfigRepository-1][RemoteConfigRepository.java:194] - Load config failed, will retry in 1 SECONDS. appId: account-service, cluster: DEFAULT, namespaces: application
[wanxinp2p-account-service][${env:SERVER_PORT}] 2023-10-06 10:04:50,610 WARN [Apollo-RemoteConfigRepository-1][AbstractConfigRepository.java:26] - Sync config failed, will retry. Repository class com.ctrip.framework.apollo.internals.RemoteConfigRepository, reason: Load Apollo Config failed - appId: account-service, cluster: DEFAULT, namespace: application, url: http://192.168.1.8:8080/configs/account-service/DEFAULT/application?ip=192.168.1.8&messages=%7B%22details%22%3A%7B%22account-service%2Bdefault%2Bapplication%22%3A432%7D%7D [Cause: [status code: 404] Could not find config for namespace - appId: account-service, cluster: DEFAULT, namespace: application, please check whether the configs are released in Apollo!]
[wanxinp2p-account-service][${env:SERVER_PORT}] 2023-10-06 10:04:58,962 INFO [NettyClientSelector_1][Slf4jLoggerFactory.java:95] - closeChannel: close the connection to remote address[] result: true
[wanxinp2p-account-service][${env:SERVER_PORT}] 2023-10-06 10:04:59,194 INFO [NettyClientSelector_1][Slf4jLoggerFactory.java:95] - closeChannel: close the connection to remote address[] result: true
[wanxinp2p-account-service][${env:SERVER_PORT}] 2023-10-06 10:05:19,099 INFO [AsyncResolver-bootstrap-executor-0][ConfigClusterResolver.java:43] - Resolving eureka endpoints via configuration
[wanxinp2p-account-service][${env:SERVER_PORT}] 2023-10-06 10:05:28,959 INFO [NettyClientSelector_1][Slf4jLoggerFactory.java:95] - closeChannel: close the connection to remote address[] result: true
[wanxinp2p-account-service][${env:SERVER_PORT}] 2023-10-06 10:05:29,191 INFO [NettyClientSelector_1][Slf4jLoggerFactory.java:95] - closeChannel: close the connection to remote address[] result: true
[wanxinp2p-account-service][${env:SERVER_PORT}] 2023-10-06 10:05:58,962 INFO [NettyClientSelector_1][Slf4jLoggerFactory.java:95] - closeChannel: close the connection to remote address[] result: true
[wanxinp2p-account-service][${env:SERVER_PORT}] 2023-10-06 10:05:59,194 INFO [NettyClientSelector_1][Slf4jLoggerFactory.java:95] - closeChannel: close the connection to remote address[] result: true
[wanxinp2p-account-service][${env:SERVER_PORT}] 2023-10-06 10:06:28,959 INFO [NettyClientSelector_1][Slf4jLoggerFactory.java:95] - closeChannel: close the connection to remote address[] result: true
[wanxinp2p-account-service][${env:SERVER_PORT}] 2023-10-06 10:06:29,190 INFO [NettyClientSelector_1][Slf4jLoggerFactory.java:95] - closeChannel: close the connection to remote address[] result: true
[wanxinp2p-account-service][${env:SERVER_PORT}] 2023-10-06 10:06:58,973 INFO [NettyClientSelector_1][Slf4jLoggerFactory.java:95] - closeChannel: close the connection to remote address[] result: true
[wanxinp2p-account-service][${env:SERVER_PORT}] 2023-10-06 10:06:59,223 INFO [NettyClientSelector_1][Slf4jLoggerFactory.java:95] - closeChannel: close the connection to remote address[] result: true
[wanxinp2p-account-service][${env:SERVER_PORT}] 2023-10-06 10:07:28,966 INFO [NettyClientSelector_1][Slf4jLoggerFactory.java:95] - closeChannel: close the connection to remote address[] result: true
[wanxinp2p-account-service][${env:SERVER_PORT}] 2023-10-06 10:07:29,191 INFO [NettyClientSelector_1][Slf4jLoggerFactory.java:95] - closeChannel: close the connection to remote address[] result: true
[wanxinp2p-account-service][${env:SERVER_PORT}] 2023-10-06 10:07:58,965 INFO [NettyClientSelector_1][Slf4jLoggerFactory.java:95] - closeChannel: close the connection to remote address[] result: true
[wanxinp2p-account-service][${env:SERVER_PORT}] 2023-10-06 10:07:59,211 INFO [NettyClientSelector_1][Slf4jLoggerFactory.java:95] - closeChannel: close the connection to remote address[] result: true
[wanxinp2p-account-service][${env:SERVER_PORT}] 2023-10-06 10:08:28,975 INFO [NettyClientSelector_1][Slf4jLoggerFactory.java:95] - closeChannel: close the connection to remote address[] result: true
[wanxinp2p-account-service][${env:SERVER_PORT}] 2023-10-06 10:08:29,191 INFO [NettyClientSelector_1][Slf4jLoggerFactory.java:95] - closeChannel: close the connection to remote address[] result: true
[wanxinp2p-account-service][${env:SERVER_PORT}] 2023-10-06 10:08:58,971 INFO [NettyClientSelector_1][Slf4jLoggerFactory.java:95] - closeChannel: close the connection to remote address[] result: true
[wanxinp2p-account-service][${env:SERVER_PORT}] 2023-10-06 10:08:59,186 INFO [NettyClientSelector_1][Slf4jLoggerFactory.java:95] - closeChannel: close the connection to remote address[] result: true
[wanxinp2p-account-service][${env:SERVER_PORT}] 2023-10-06 10:09:28,976 INFO [NettyClientSelector_1][Slf4jLoggerFactory.java:95] - closeChannel: close the connection to remote address[] result: true
[wanxinp2p-account-service][${env:SERVER_PORT}] 2023-10-06 10:09:29,208 INFO [NettyClientSelector_1][Slf4jLoggerFactory.java:95] - closeChannel: close the connection to remote address[] result: true
[wanxinp2p-account-service][${env:SERVER_PORT}] 2023-10-06 10:09:49,593 WARN [Apollo-RemoteConfigRepository-1][RemoteConfigRepository.java:194] - Load config failed, will retry in 1 SECONDS. appId: account-service, cluster: DEFAULT, namespaces: application
[wanxinp2p-account-service][${env:SERVER_PORT}] 2023-10-06 10:09:50,597 WARN [Apollo-RemoteConfigRepository-1][AbstractConfigRepository.java:26] - Sync config failed, will retry. Repository class com.ctrip.framework.apollo.internals.RemoteConfigRepository, reason: Load Apollo Config failed - appId: account-service, cluster: DEFAULT, namespace: application, url: http://192.168.1.8:8080/configs/account-service/DEFAULT/application?ip=192.168.1.8&messages=%7B%22details%22%3A%7B%22account-service%2Bdefault%2Bapplication%22%3A432%7D%7D [Cause: [status code: 404] Could not find config for namespace - appId: account-service, cluster: DEFAULT, namespace: application, please check whether the configs are released in Apollo!]
[wanxinp2p-account-service][${env:SERVER_PORT}] 2023-10-06 10:09:58,966 INFO [NettyClientSelector_1][Slf4jLoggerFactory.java:95] - closeChannel: close the connection to remote address[] result: true
[wanxinp2p-account-service][${env:SERVER_PORT}] 2023-10-06 10:09:59,200 INFO [NettyClientSelector_1][Slf4jLoggerFactory.java:95] - closeChannel: close the connection to remote address[] result: true
[wanxinp2p-account-service][${env:SERVER_PORT}] 2023-10-06 10:10:19,101 INFO [AsyncResolver-bootstrap-executor-0][ConfigClusterResolver.java:43] - Resolving eureka endpoints via configuration
[wanxinp2p-account-service][${env:SERVER_PORT}] 2023-10-06 10:10:28,973 INFO [NettyClientSelector_1][Slf4jLoggerFactory.java:95] - closeChannel: close the connection to remote address[] result: true
[wanxinp2p-account-service][${env:SERVER_PORT}] 2023-10-06 10:10:29,190 INFO [NettyClientSelector_1][Slf4jLoggerFactory.java:95] - closeChannel: close the connection to remote address[] result: true
[wanxinp2p-account-service][${env:SERVER_PORT}] 2023-10-06 10:10:58,965 INFO [NettyClientSelector_1][Slf4jLoggerFactory.java:95] - closeChannel: close the connection to remote address[] result: true
[wanxinp2p-account-service][${env:SERVER_PORT}] 2023-10-06 10:10:59,196 INFO [NettyClientSelector_1][Slf4jLoggerFactory.java:95] - closeChannel: close the connection to remote address[] result: true
[wanxinp2p-account-service][${env:SERVER_PORT}] 2023-10-06 10:11:28,967 INFO [NettyClientSelector_1][Slf4jLoggerFactory.java:95] - closeChannel: close the connection to remote address[] result: true
[wanxinp2p-account-service][${env:SERVER_PORT}] 2023-10-06 10:11:29,201 INFO [NettyClientSelector_1][Slf4jLoggerFactory.java:95] - closeChannel: close the connection to remote address[] result: true
[wanxinp2p-account-service][${env:SERVER_PORT}] 2023-10-06 10:11:58,967 INFO [NettyClientSelector_1][Slf4jLoggerFactory.java:95] - closeChannel: close the connection to remote address[] result: true
[wanxinp2p-account-service][${env:SERVER_PORT}] 2023-10-06 10:11:59,217 INFO [NettyClientSelector_1][Slf4jLoggerFactory.java:95] - closeChannel: close the connection to remote address[] result: true
[wanxinp2p-account-service][${env:SERVER_PORT}] 2023-10-06 10:12:28,984 INFO [NettyClientSelector_1][Slf4jLoggerFactory.java:95] - closeChannel: close the connection to remote address[] result: true
[wanxinp2p-account-service][${env:SERVER_PORT}] 2023-10-06 10:12:29,201 INFO [NettyClientSelector_1][Slf4jLoggerFactory.java:95] - closeChannel: close the connection to remote address[] result: true
[wanxinp2p-account-service][${env:SERVER_PORT}] 2023-10-06 10:12:58,973 INFO [NettyClientSelector_1][Slf4jLoggerFactory.java:95] - closeChannel: close the connection to remote address[] result: true
[wanxinp2p-account-service][${env:SERVER_PORT}] 2023-10-06 10:12:59,188 INFO [NettyClientSelector_1][Slf4jLoggerFactory.java:95] - closeChannel: close the connection to remote address[] result: true
[wanxinp2p-account-service][${env:SERVER_PORT}] 2023-10-06 10:13:28,965 INFO [NettyClientSelector_1][Slf4jLoggerFactory.java:95] - closeChannel: close the connection to remote address[] result: true
[wanxinp2p-account-service][${env:SERVER_PORT}] 2023-10-06 10:13:29,198 INFO [NettyClientSelector_1][Slf4jLoggerFactory.java:95] - closeChannel: close the connection to remote address[] result: true
[wanxinp2p-account-service][${env:SERVER_PORT}] 2023-10-06 10:13:58,969 INFO [NettyClientSelector_1][Slf4jLoggerFactory.java:95] - closeChannel: close the connection to remote address[] result: true
[wanxinp2p-account-service][${env:SERVER_PORT}] 2023-10-06 10:13:59,200 INFO [NettyClientSelector_1][Slf4jLoggerFactory.java:95] - closeChannel: close the connection to remote address[] result: true
[wanxinp2p-account-service][${env:SERVER_PORT}] 2023-10-06 10:14:28,965 INFO [NettyClientSelector_1][Slf4jLoggerFactory.java:95] - closeChannel: close the connection to remote address[] result: true
[wanxinp2p-account-service][${env:SERVER_PORT}] 2023-10-06 10:14:29,199 INFO [NettyClientSelector_1][Slf4jLoggerFactory.java:95] - closeChannel: close the connection to remote address[] result: true
[wanxinp2p-account-service][${env:SERVER_PORT}] 2023-10-06 10:14:49,582 WARN [Apollo-RemoteConfigRepository-1][RemoteConfigRepository.java:194] - Load config failed, will retry in 1 SECONDS. appId: account-service, cluster: DEFAULT, namespaces: application
[wanxinp2p-account-service][${env:SERVER_PORT}] 2023-10-06 10:14:50,588 WARN [Apollo-RemoteConfigRepository-1][AbstractConfigRepository.java:26] - Sync config failed, will retry. Repository class com.ctrip.framework.apollo.internals.RemoteConfigRepository, reason: Load Apollo Config failed - appId: account-service, cluster: DEFAULT, namespace: application, url: http://192.168.1.8:8080/configs/account-service/DEFAULT/application?ip=192.168.1.8&messages=%7B%22details%22%3A%7B%22account-service%2Bdefault%2Bapplication%22%3A432%7D%7D [Cause: [status code: 404] Could not find config for namespace - appId: account-service, cluster: DEFAULT, namespace: application, please check whether the configs are released in Apollo!]
[wanxinp2p-account-service][${env:SERVER_PORT}] 2023-10-06 10:14:58,962 INFO [NettyClientSelector_1][Slf4jLoggerFactory.java:95] - closeChannel: close the connection to remote address[] result: true
[wanxinp2p-account-service][${env:SERVER_PORT}] 2023-10-06 10:14:59,179 INFO [NettyClientSelector_1][Slf4jLoggerFactory.java:95] - closeChannel: close the connection to remote address[] result: true
[wanxinp2p-account-service][${env:SERVER_PORT}] 2023-10-06 10:15:19,110 INFO [AsyncResolver-bootstrap-executor-0][ConfigClusterResolver.java:43] - Resolving eureka endpoints via configuration
[wanxinp2p-account-service][${env:SERVER_PORT}] 2023-10-06 10:15:28,972 INFO [NettyClientSelector_1][Slf4jLoggerFactory.java:95] - closeChannel: close the connection to remote address[] result: true
[wanxinp2p-account-service][${env:SERVER_PORT}] 2023-10-06 10:15:29,206 INFO [NettyClientSelector_1][Slf4jLoggerFactory.java:95] - closeChannel: close the connection to remote address[] result: true
[wanxinp2p-account-service][${env:SERVER_PORT}] 2023-10-06 10:15:58,975 INFO [NettyClientSelector_1][Slf4jLoggerFactory.java:95] - closeChannel: close the connection to remote address[] result: true
[wanxinp2p-account-service][${env:SERVER_PORT}] 2023-10-06 10:15:59,191 INFO [NettyClientSelector_1][Slf4jLoggerFactory.java:95] - closeChannel: close the connection to remote address[] result: true
[wanxinp2p-account-service][${env:SERVER_PORT}] 2023-10-06 10:16:28,982 INFO [NettyClientSelector_1][Slf4jLoggerFactory.java:95] - closeChannel: close the connection to remote address[] result: true
[wanxinp2p-account-service][${env:SERVER_PORT}] 2023-10-06 10:16:29,181 INFO [NettyClientSelector_1][Slf4jLoggerFactory.java:95] - closeChannel: close the connection to remote address[] result: true
[wanxinp2p-account-service][${env:SERVER_PORT}] 2023-10-06 10:16:58,989 INFO [NettyClientSelector_1][Slf4jLoggerFactory.java:95] - closeChannel: close the connection to remote address[] result: true
[wanxinp2p-account-service][${env:SERVER_PORT}] 2023-10-06 10:16:59,191 INFO [NettyClientSelector_1][Slf4jLoggerFactory.java:95] - closeChannel: close the connection to remote address[] result: true
[wanxinp2p-account-service][${env:SERVER_PORT}] 2023-10-06 10:17:28,965 INFO [NettyClientSelector_1][Slf4jLoggerFactory.java:95] - closeChannel: close the connection to remote address[] result: true
[wanxinp2p-account-service][${env:SERVER_PORT}] 2023-10-06 10:17:29,199 INFO [NettyClientSelector_1][Slf4jLoggerFactory.java:95] - closeChannel: close the connection to remote address[] result: true
[wanxinp2p-account-service][${env:SERVER_PORT}] 2023-10-06 10:17:58,991 INFO [NettyClientSelector_1][Slf4jLoggerFactory.java:95] - closeChannel: close the connection to remote address[] result: true
[wanxinp2p-account-service][${env:SERVER_PORT}] 2023-10-06 10:17:59,194 INFO [NettyClientSelector_1][Slf4jLoggerFactory.java:95] - closeChannel: close the connection to remote address[] result: true
[wanxinp2p-account-service][${env:SERVER_PORT}] 2023-10-06 10:18:28,973 INFO [NettyClientSelector_1][Slf4jLoggerFactory.java:95] - closeChannel: close the connection to remote address[] result: true
[wanxinp2p-account-service][${env:SERVER_PORT}] 2023-10-06 10:18:29,191 INFO [NettyClientSelector_1][Slf4jLoggerFactory.java:95] - closeChannel: close the connection to remote address[] result: true
[wanxinp2p-account-service][${env:SERVER_PORT}] 2023-10-06 10:18:58,976 INFO [NettyClientSelector_1][Slf4jLoggerFactory.java:95] - closeChannel: close the connection to remote address[] result: true
[wanxinp2p-account-service][${env:SERVER_PORT}] 2023-10-06 10:18:59,192 INFO [NettyClientSelector_1][Slf4jLoggerFactory.java:95] - closeChannel: close the connection to remote address[] result: true
[wanxinp2p-account-service][${env:SERVER_PORT}] 2023-10-06 10:19:28,975 INFO [NettyClientSelector_1][Slf4jLoggerFactory.java:95] - closeChannel: close the connection to remote address[] result: true
[wanxinp2p-account-service][${env:SERVER_PORT}] 2023-10-06 10:19:29,209 INFO [NettyClientSelector_1][Slf4jLoggerFactory.java:95] - closeChannel: close the connection to remote address[] result: true
[wanxinp2p-account-service][${env:SERVER_PORT}] 2023-10-06 10:19:49,593 WARN [Apollo-RemoteConfigRepository-1][RemoteConfigRepository.java:194] - Load config failed, will retry in 1 SECONDS. appId: account-service, cluster: DEFAULT, namespaces: application
[wanxinp2p-account-service][${env:SERVER_PORT}] 2023-10-06 10:19:50,601 WARN [Apollo-RemoteConfigRepository-1][AbstractConfigRepository.java:26] - Sync config failed, will retry. Repository class com.ctrip.framework.apollo.internals.RemoteConfigRepository, reason: Load Apollo Config failed - appId: account-service, cluster: DEFAULT, namespace: application, url: http://192.168.1.8:8080/configs/account-service/DEFAULT/application?ip=192.168.1.8&messages=%7B%22details%22%3A%7B%22account-service%2Bdefault%2Bapplication%22%3A432%7D%7D [Cause: [status code: 404] Could not find config for namespace - appId: account-service, cluster: DEFAULT, namespace: application, please check whether the configs are released in Apollo!]
[wanxinp2p-account-service][${env:SERVER_PORT}] 2023-10-06 10:19:58,972 INFO [NettyClientSelector_1][Slf4jLoggerFactory.java:95] - closeChannel: close the connection to remote address[] result: true
[wanxinp2p-account-service][${env:SERVER_PORT}] 2023-10-06 10:19:59,203 INFO [NettyClientSelector_1][Slf4jLoggerFactory.java:95] - closeChannel: close the connection to remote address[] result: true
[wanxinp2p-account-service][${env:SERVER_PORT}] 2023-10-06 10:20:19,114 INFO [AsyncResolver-bootstrap-executor-0][ConfigClusterResolver.java:43] - Resolving eureka endpoints via configuration
[wanxinp2p-account-service][${env:SERVER_PORT}] 2023-10-06 10:20:28,971 INFO [NettyClientSelector_1][Slf4jLoggerFactory.java:95] - closeChannel: close the connection to remote address[] result: true
[wanxinp2p-account-service][${env:SERVER_PORT}] 2023-10-06 10:20:29,188 INFO [NettyClientSelector_1][Slf4jLoggerFactory.java:95] - closeChannel: close the connection to remote address[] result: true
[wanxinp2p-account-service][${env:SERVER_PORT}] 2023-10-06 10:20:58,984 INFO [NettyClientSelector_1][Slf4jLoggerFactory.java:95] - closeChannel: close the connection to remote address[] result: true
[wanxinp2p-account-service][${env:SERVER_PORT}] 2023-10-06 10:20:59,185 INFO [NettyClientSelector_1][Slf4jLoggerFactory.java:95] - closeChannel: close the connection to remote address[] result: true
[wanxinp2p-account-service][${env:SERVER_PORT}] 2023-10-06 10:21:28,970 INFO [NettyClientSelector_1][Slf4jLoggerFactory.java:95] - closeChannel: close the connection to remote address[] result: true
[wanxinp2p-account-service][${env:SERVER_PORT}] 2023-10-06 10:21:29,185 INFO [NettyClientSelector_1][Slf4jLoggerFactory.java:95] - closeChannel: close the connection to remote address[] result: true
[wanxinp2p-account-service][${env:SERVER_PORT}] 2023-10-06 10:21:58,990 INFO [NettyClientSelector_1][Slf4jLoggerFactory.java:95] - closeChannel: close the connection to remote address[] result: true
[wanxinp2p-account-service][${env:SERVER_PORT}] 2023-10-06 10:21:59,190 INFO [NettyClientSelector_1][Slf4jLoggerFactory.java:95] - closeChannel: close the connection to remote address[] result: true
[wanxinp2p-account-service][${env:SERVER_PORT}] 2023-10-06 10:22:28,977 INFO [NettyClientSelector_1][Slf4jLoggerFactory.java:95] - closeChannel: close the connection to remote address[] result: true
[wanxinp2p-account-service][${env:SERVER_PORT}] 2023-10-06 10:22:29,195 INFO [NettyClientSelector_1][Slf4jLoggerFactory.java:95] - closeChannel: close the connection to remote address[] result: true
[wanxinp2p-account-service][${env:SERVER_PORT}] 2023-10-06 10:22:58,979 INFO [NettyClientSelector_1][Slf4jLoggerFactory.java:95] - closeChannel: close the connection to remote address[] result: true
[wanxinp2p-account-service][${env:SERVER_PORT}] 2023-10-06 10:22:59,197 INFO [NettyClientSelector_1][Slf4jLoggerFactory.java:95] - closeChannel: close the connection to remote address[] result: true
[wanxinp2p-account-service][${env:SERVER_PORT}] 2023-10-06 10:23:28,964 INFO [NettyClientSelector_1][Slf4jLoggerFactory.java:95] - closeChannel: close the connection to remote address[] result: true
[wanxinp2p-account-service][${env:SERVER_PORT}] 2023-10-06 10:23:29,183 INFO [NettyClientSelector_1][Slf4jLoggerFactory.java:95] - closeChannel: close the connection to remote address[] result: true
[wanxinp2p-account-service][${env:SERVER_PORT}] 2023-10-06 10:23:58,963 INFO [NettyClientSelector_1][Slf4jLoggerFactory.java:95] - closeChannel: close the connection to remote address[] result: true
[wanxinp2p-account-service][${env:SERVER_PORT}] 2023-10-06 10:23:59,179 INFO [NettyClientSelector_1][Slf4jLoggerFactory.java:95] - closeChannel: close the connection to remote address[] result: true
[wanxinp2p-account-service][${env:SERVER_PORT}] 2023-10-06 10:24:28,968 INFO [NettyClientSelector_1][Slf4jLoggerFactory.java:95] - closeChannel: close the connection to remote address[] result: true
[wanxinp2p-account-service][${env:SERVER_PORT}] 2023-10-06 10:24:29,186 INFO [NettyClientSelector_1][Slf4jLoggerFactory.java:95] - closeChannel: close the connection to remote address[] result: true
[wanxinp2p-account-service][${env:SERVER_PORT}] 2023-10-06 10:24:49,589 WARN [Apollo-RemoteConfigRepository-1][RemoteConfigRepository.java:194] - Load config failed, will retry in 1 SECONDS. appId: account-service, cluster: DEFAULT, namespaces: application
[wanxinp2p-account-service][${env:SERVER_PORT}] 2023-10-06 10:24:50,593 WARN [Apollo-RemoteConfigRepository-1][AbstractConfigRepository.java:26] - Sync config failed, will retry. Repository class com.ctrip.framework.apollo.internals.RemoteConfigRepository, reason: Load Apollo Config failed - appId: account-service, cluster: DEFAULT, namespace: application, url: http://192.168.1.8:8080/configs/account-service/DEFAULT/application?ip=192.168.1.8&messages=%7B%22details%22%3A%7B%22account-service%2Bdefault%2Bapplication%22%3A432%7D%7D [Cause: [status code: 404] Could not find config for namespace - appId: account-service, cluster: DEFAULT, namespace: application, please check whether the configs are released in Apollo!]
[wanxinp2p-account-service][${env:SERVER_PORT}] 2023-10-06 10:24:58,949 INFO [NettyClientSelector_1][Slf4jLoggerFactory.java:95] - closeChannel: close the connection to remote address[] result: true
[wanxinp2p-account-service][${env:SERVER_PORT}] 2023-10-06 10:24:59,178 INFO [NettyClientSelector_1][Slf4jLoggerFactory.java:95] - closeChannel: close the connection to remote address[] result: true
[wanxinp2p-account-service][${env:SERVER_PORT}] 2023-10-06 10:25:19,129 INFO [AsyncResolver-bootstrap-executor-0][ConfigClusterResolver.java:43] - Resolving eureka endpoints via configuration
[wanxinp2p-account-service][${env:SERVER_PORT}] 2023-10-06 10:25:28,962 INFO [NettyClientSelector_1][Slf4jLoggerFactory.java:95] - closeChannel: close the connection to remote address[] result: true
[wanxinp2p-account-service][${env:SERVER_PORT}] 2023-10-06 10:25:29,193 INFO [NettyClientSelector_1][Slf4jLoggerFactory.java:95] - closeChannel: close the connection to remote address[] result: true
[wanxinp2p-account-service][${env:SERVER_PORT}] 2023-10-06 10:25:58,967 INFO [NettyClientSelector_1][Slf4jLoggerFactory.java:95] - closeChannel: close the connection to remote address[] result: true
[wanxinp2p-account-service][${env:SERVER_PORT}] 2023-10-06 10:25:59,184 INFO [NettyClientSelector_1][Slf4jLoggerFactory.java:95] - closeChannel: close the connection to remote address[] result: true
[wanxinp2p-account-service][${env:SERVER_PORT}] 2023-10-06 10:26:28,966 INFO [NettyClientSelector_1][Slf4jLoggerFactory.java:95] - closeChannel: close the connection to remote address[] result: true
[wanxinp2p-account-service][${env:SERVER_PORT}] 2023-10-06 10:26:29,200 INFO [NettyClientSelector_1][Slf4jLoggerFactory.java:95] - closeChannel: close the connection to remote address[] result: true
[wanxinp2p-account-service][${env:SERVER_PORT}] 2023-10-06 10:26:58,957 INFO [NettyClientSelector_1][Slf4jLoggerFactory.java:95] - closeChannel: close the connection to remote address[] result: true
[wanxinp2p-account-service][${env:SERVER_PORT}] 2023-10-06 10:26:59,190 INFO [NettyClientSelector_1][Slf4jLoggerFactory.java:95] - closeChannel: close the connection to remote address[] result: true
[wanxinp2p-account-service][${env:SERVER_PORT}] 2023-10-06 10:27:28,963 INFO [NettyClientSelector_1][Slf4jLoggerFactory.java:95] - closeChannel: close the connection to remote address[] result: true
[wanxinp2p-account-service][${env:SERVER_PORT}] 2023-10-06 10:27:29,197 INFO [NettyClientSelector_1][Slf4jLoggerFactory.java:95] - closeChannel: close the connection to remote address[] result: true
[wanxinp2p-account-service][${env:SERVER_PORT}] 2023-10-06 10:27:58,966 INFO [NettyClientSelector_1][Slf4jLoggerFactory.java:95] - closeChannel: close the connection to remote address[] result: true
[wanxinp2p-account-service][${env:SERVER_PORT}] 2023-10-06 10:27:59,198 INFO [NettyClientSelector_1][Slf4jLoggerFactory.java:95] - closeChannel: close the connection to remote address[] result: true
[wanxinp2p-account-service][${env:SERVER_PORT}] 2023-10-06 10:28:28,971 INFO [NettyClientSelector_1][Slf4jLoggerFactory.java:95] - closeChannel: close the connection to remote address[] result: true
[wanxinp2p-account-service][${env:SERVER_PORT}] 2023-10-06 10:28:29,188 INFO [NettyClientSelector_1][Slf4jLoggerFactory.java:95] - closeChannel: close the connection to remote address[] result: true
[wanxinp2p-account-service][${env:SERVER_PORT}] 2023-10-06 10:28:58,973 INFO [NettyClientSelector_1][Slf4jLoggerFactory.java:95] - closeChannel: close the connection to remote address[] result: true
[wanxinp2p-account-service][${env:SERVER_PORT}] 2023-10-06 10:28:59,190 INFO [NettyClientSelector_1][Slf4jLoggerFactory.java:95] - closeChannel: close the connection to remote address[] result: true
[wanxinp2p-account-service][${env:SERVER_PORT}] 2023-10-06 10:29:28,990 INFO [NettyClientSelector_1][Slf4jLoggerFactory.java:95] - closeChannel: close the connection to remote address[] result: true
[wanxinp2p-account-service][${env:SERVER_PORT}] 2023-10-06 10:29:29,193 INFO [NettyClientSelector_1][Slf4jLoggerFactory.java:95] - closeChannel: close the connection to remote address[] result: true
[wanxinp2p-account-service][${env:SERVER_PORT}] 2023-10-06 10:29:49,588 WARN [Apollo-RemoteConfigRepository-1][RemoteConfigRepository.java:194] - Load config failed, will retry in 1 SECONDS. appId: account-service, cluster: DEFAULT, namespaces: application
[wanxinp2p-account-service][${env:SERVER_PORT}] 2023-10-06 10:29:50,602 WARN [Apollo-RemoteConfigRepository-1][AbstractConfigRepository.java:26] - Sync config failed, will retry. Repository class com.ctrip.framework.apollo.internals.RemoteConfigRepository, reason: Load Apollo Config failed - appId: account-service, cluster: DEFAULT, namespace: application, url: http://192.168.1.8:8080/configs/account-service/DEFAULT/application?ip=192.168.1.8&messages=%7B%22details%22%3A%7B%22account-service%2Bdefault%2Bapplication%22%3A432%7D%7D [Cause: [status code: 404] Could not find config for namespace - appId: account-service, cluster: DEFAULT, namespace: application, please check whether the configs are released in Apollo!]
[wanxinp2p-account-service][${env:SERVER_PORT}] 2023-10-06 10:29:58,976 INFO [NettyClientSelector_1][Slf4jLoggerFactory.java:95] - closeChannel: close the connection to remote address[] result: true
[wanxinp2p-account-service][${env:SERVER_PORT}] 2023-10-06 10:29:59,195 INFO [NettyClientSelector_1][Slf4jLoggerFactory.java:95] - closeChannel: close the connection to remote address[] result: true
[wanxinp2p-account-service][${env:SERVER_PORT}] 2023-10-06 10:30:19,134 INFO [AsyncResolver-bootstrap-executor-0][ConfigClusterResolver.java:43] - Resolving eureka endpoints via configuration
[wanxinp2p-account-service][${env:SERVER_PORT}] 2023-10-06 10:30:28,960 INFO [NettyClientSelector_1][Slf4jLoggerFactory.java:95] - closeChannel: close the connection to remote address[] result: true
[wanxinp2p-account-service][${env:SERVER_PORT}] 2023-10-06 10:30:29,171 INFO [NettyClientSelector_1][Slf4jLoggerFactory.java:95] - closeChannel: close the connection to remote address[] result: true
[wanxinp2p-account-service][${env:SERVER_PORT}] 2023-10-06 10:30:58,977 INFO [NettyClientSelector_1][Slf4jLoggerFactory.java:95] - closeChannel: close the connection to remote address[] result: true
[wanxinp2p-account-service][${env:SERVER_PORT}] 2023-10-06 10:30:59,193 INFO [NettyClientSelector_1][Slf4jLoggerFactory.java:95] - closeChannel: close the connection to remote address[] result: true
[wanxinp2p-account-service][${env:SERVER_PORT}] 2023-10-06 10:31:28,973 INFO [NettyClientSelector_1][Slf4jLoggerFactory.java:95] - closeChannel: close the connection to remote address[] result: true
[wanxinp2p-account-service][${env:SERVER_PORT}] 2023-10-06 10:31:29,189 INFO [NettyClientSelector_1][Slf4jLoggerFactory.java:95] - closeChannel: close the connection to remote address[] result: true
[wanxinp2p-account-service][${env:SERVER_PORT}] 2023-10-06 10:31:58,972 INFO [NettyClientSelector_1][Slf4jLoggerFactory.java:95] - closeChannel: close the connection to remote address[] result: true
[wanxinp2p-account-service][${env:SERVER_PORT}] 2023-10-06 10:31:59,191 INFO [NettyClientSelector_1][Slf4jLoggerFactory.java:95] - closeChannel: close the connection to remote address[] result: true
[wanxinp2p-account-service][${env:SERVER_PORT}] 2023-10-06 10:32:28,975 INFO [NettyClientSelector_1][Slf4jLoggerFactory.java:95] - closeChannel: close the connection to remote address[] result: true
[wanxinp2p-account-service][${env:SERVER_PORT}] 2023-10-06 10:32:29,193 INFO [NettyClientSelector_1][Slf4jLoggerFactory.java:95] - closeChannel: close the connection to remote address[] result: true
[wanxinp2p-account-service][${env:SERVER_PORT}] 2023-10-06 10:32:58,964 INFO [NettyClientSelector_1][Slf4jLoggerFactory.java:95] - closeChannel: close the connection to remote address[] result: true
[wanxinp2p-account-service][${env:SERVER_PORT}] 2023-10-06 10:32:59,197 INFO [NettyClientSelector_1][Slf4jLoggerFactory.java:95] - closeChannel: close the connection to remote address[] result: true
[wanxinp2p-account-service][${env:SERVER_PORT}] 2023-10-06 10:33:28,967 INFO [NettyClientSelector_1][Slf4jLoggerFactory.java:95] - closeChannel: close the connection to remote address[] result: true
[wanxinp2p-account-service][${env:SERVER_PORT}] 2023-10-06 10:33:29,185 INFO [NettyClientSelector_1][Slf4jLoggerFactory.java:95] - closeChannel: close the connection to remote address[] result: true
[wanxinp2p-account-service][${env:SERVER_PORT}] 2023-10-06 10:33:58,994 INFO [NettyClientSelector_1][Slf4jLoggerFactory.java:95] - closeChannel: close the connection to remote address[] result: true
[wanxinp2p-account-service][${env:SERVER_PORT}] 2023-10-06 10:33:59,193 INFO [NettyClientSelector_1][Slf4jLoggerFactory.java:95] - closeChannel: close the connection to remote address[] result: true
[wanxinp2p-account-service][${env:SERVER_PORT}] 2023-10-06 10:34:28,980 INFO [NettyClientSelector_1][Slf4jLoggerFactory.java:95] - closeChannel: close the connection to remote address[] result: true
[wanxinp2p-account-service][${env:SERVER_PORT}] 2023-10-06 10:34:29,214 INFO [NettyClientSelector_1][Slf4jLoggerFactory.java:95] - closeChannel: close the connection to remote address[] result: true
[wanxinp2p-account-service][${env:SERVER_PORT}] 2023-10-06 10:34:49,590 WARN [Apollo-RemoteConfigRepository-1][RemoteConfigRepository.java:194] - Load config failed, will retry in 1 SECONDS. appId: account-service, cluster: DEFAULT, namespaces: application
[wanxinp2p-account-service][${env:SERVER_PORT}] 2023-10-06 10:34:50,607 WARN [Apollo-RemoteConfigRepository-1][AbstractConfigRepository.java:26] - Sync config failed, will retry. Repository class com.ctrip.framework.apollo.internals.RemoteConfigRepository, reason: Load Apollo Config failed - appId: account-service, cluster: DEFAULT, namespace: application, url: http://192.168.1.8:8080/configs/account-service/DEFAULT/application?ip=192.168.1.8&messages=%7B%22details%22%3A%7B%22account-service%2Bdefault%2Bapplication%22%3A432%7D%7D [Cause: [status code: 404] Could not find config for namespace - appId: account-service, cluster: DEFAULT, namespace: application, please check whether the configs are released in Apollo!]
[wanxinp2p-account-service][${env:SERVER_PORT}] 2023-10-06 10:34:58,960 INFO [NettyClientSelector_1][Slf4jLoggerFactory.java:95] - closeChannel: close the connection to remote address[] result: true
[wanxinp2p-account-service][${env:SERVER_PORT}] 2023-10-06 10:34:59,177 INFO [NettyClientSelector_1][Slf4jLoggerFactory.java:95] - closeChannel: close the connection to remote address[] result: true
[wanxinp2p-account-service][${env:SERVER_PORT}] 2023-10-06 10:35:19,147 INFO [AsyncResolver-bootstrap-executor-0][ConfigClusterResolver.java:43] - Resolving eureka endpoints via configuration
[wanxinp2p-account-service][${env:SERVER_PORT}] 2023-10-06 10:35:28,967 INFO [NettyClientSelector_1][Slf4jLoggerFactory.java:95] - closeChannel: close the connection to remote address[] result: true
[wanxinp2p-account-service][${env:SERVER_PORT}] 2023-10-06 10:35:29,184 INFO [NettyClientSelector_1][Slf4jLoggerFactory.java:95] - closeChannel: close the connection to remote address[] result: true
[wanxinp2p-account-service][${env:SERVER_PORT}] 2023-10-06 10:35:58,972 INFO [NettyClientSelector_1][Slf4jLoggerFactory.java:95] - closeChannel: close the connection to remote address[] result: true
[wanxinp2p-account-service][${env:SERVER_PORT}] 2023-10-06 10:35:59,206 INFO [NettyClientSelector_1][Slf4jLoggerFactory.java:95] - closeChannel: close the connection to remote address[] result: true
[wanxinp2p-account-service][${env:SERVER_PORT}] 2023-10-06 10:36:28,969 INFO [NettyClientSelector_1][Slf4jLoggerFactory.java:95] - closeChannel: close the connection to remote address[] result: true
[wanxinp2p-account-service][${env:SERVER_PORT}] 2023-10-06 10:36:29,186 INFO [NettyClientSelector_1][Slf4jLoggerFactory.java:95] - closeChannel: close the connection to remote address[] result: true
[wanxinp2p-account-service][${env:SERVER_PORT}] 2023-10-06 10:36:58,965 INFO [NettyClientSelector_1][Slf4jLoggerFactory.java:95] - closeChannel: close the connection to remote address[] result: true
[wanxinp2p-account-service][${env:SERVER_PORT}] 2023-10-06 10:36:59,196 INFO [NettyClientSelector_1][Slf4jLoggerFactory.java:95] - closeChannel: close the connection to remote address[] result: true
[wanxinp2p-account-service][${env:SERVER_PORT}] 2023-10-06 10:37:28,974 INFO [NettyClientSelector_1][Slf4jLoggerFactory.java:95] - closeChannel: close the connection to remote address[] result: true
[wanxinp2p-account-service][${env:SERVER_PORT}] 2023-10-06 10:37:29,194 INFO [NettyClientSelector_1][Slf4jLoggerFactory.java:95] - closeChannel: close the connection to remote address[] result: true
[wanxinp2p-account-service][${env:SERVER_PORT}] 2023-10-06 10:37:58,973 INFO [NettyClientSelector_1][Slf4jLoggerFactory.java:95] - closeChannel: close the connection to remote address[] result: true
[wanxinp2p-account-service][${env:SERVER_PORT}] 2023-10-06 10:37:59,190 INFO [NettyClientSelector_1][Slf4jLoggerFactory.java:95] - closeChannel: close the connection to remote address[] result: true
[wanxinp2p-account-service][${env:SERVER_PORT}] 2023-10-06 10:38:28,977 INFO [NettyClientSelector_1][Slf4jLoggerFactory.java:95] - closeChannel: close the connection to remote address[] result: true
[wanxinp2p-account-service][${env:SERVER_PORT}] 2023-10-06 10:38:29,208 INFO [NettyClientSelector_1][Slf4jLoggerFactory.java:95] - closeChannel: close the connection to remote address[] result: true
[wanxinp2p-account-service][${env:SERVER_PORT}] 2023-10-06 10:38:58,973 INFO [NettyClientSelector_1][Slf4jLoggerFactory.java:95] - closeChannel: close the connection to remote address[] result: true
[wanxinp2p-account-service][${env:SERVER_PORT}] 2023-10-06 10:38:59,189 INFO [NettyClientSelector_1][Slf4jLoggerFactory.java:95] - closeChannel: close the connection to remote address[] result: true
[wanxinp2p-account-service][${env:SERVER_PORT}] 2023-10-06 10:39:28,968 INFO [NettyClientSelector_1][Slf4jLoggerFactory.java:95] - closeChannel: close the connection to remote address[] result: true
[wanxinp2p-account-service][${env:SERVER_PORT}] 2023-10-06 10:39:29,201 INFO [NettyClientSelector_1][Slf4jLoggerFactory.java:95] - closeChannel: close the connection to remote address[] result: true
[wanxinp2p-account-service][${env:SERVER_PORT}] 2023-10-06 10:39:49,603 WARN [Apollo-RemoteConfigRepository-1][RemoteConfigRepository.java:194] - Load config failed, will retry in 1 SECONDS. appId: account-service, cluster: DEFAULT, namespaces: application
[wanxinp2p-account-service][${env:SERVER_PORT}] 2023-10-06 10:39:50,621 WARN [Apollo-RemoteConfigRepository-1][AbstractConfigRepository.java:26] - Sync config failed, will retry. Repository class com.ctrip.framework.apollo.internals.RemoteConfigRepository, reason: Load Apollo Config failed - appId: account-service, cluster: DEFAULT, namespace: application, url: http://192.168.1.8:8080/configs/account-service/DEFAULT/application?ip=192.168.1.8&messages=%7B%22details%22%3A%7B%22account-service%2Bdefault%2Bapplication%22%3A432%7D%7D [Cause: [status code: 404] Could not find config for namespace - appId: account-service, cluster: DEFAULT, namespace: application, please check whether the configs are released in Apollo!]
[wanxinp2p-account-service][${env:SERVER_PORT}] 2023-10-06 10:39:58,965 INFO [NettyClientSelector_1][Slf4jLoggerFactory.java:95] - closeChannel: close the connection to remote address[] result: true
[wanxinp2p-account-service][${env:SERVER_PORT}] 2023-10-06 10:39:59,182 INFO [NettyClientSelector_1][Slf4jLoggerFactory.java:95] - closeChannel: close the connection to remote address[] result: true
[wanxinp2p-account-service][${env:SERVER_PORT}] 2023-10-06 10:40:19,149 INFO [AsyncResolver-bootstrap-executor-0][ConfigClusterResolver.java:43] - Resolving eureka endpoints via configuration
[wanxinp2p-account-service][${env:SERVER_PORT}] 2023-10-06 10:40:28,976 INFO [NettyClientSelector_1][Slf4jLoggerFactory.java:95] - closeChannel: close the connection to remote address[] result: true
[wanxinp2p-account-service][${env:SERVER_PORT}] 2023-10-06 10:40:29,196 INFO [NettyClientSelector_1][Slf4jLoggerFactory.java:95] - closeChannel: close the connection to remote address[] result: true
[wanxinp2p-account-service][${env:SERVER_PORT}] 2023-10-06 10:40:58,968 INFO [NettyClientSelector_1][Slf4jLoggerFactory.java:95] - closeChannel: close the connection to remote address[] result: true
[wanxinp2p-account-service][${env:SERVER_PORT}] 2023-10-06 10:40:59,182 INFO [NettyClientSelector_1][Slf4jLoggerFactory.java:95] - closeChannel: close the connection to remote address[] result: true
[wanxinp2p-account-service][${env:SERVER_PORT}] 2023-10-06 10:41:28,977 INFO [NettyClientSelector_1][Slf4jLoggerFactory.java:95] - closeChannel: close the connection to remote address[] result: true
[wanxinp2p-account-service][${env:SERVER_PORT}] 2023-10-06 10:41:29,199 INFO [NettyClientSelector_1][Slf4jLoggerFactory.java:95] - closeChannel: close the connection to remote address[] result: true
[wanxinp2p-account-service][${env:SERVER_PORT}] 2023-10-06 10:41:58,966 INFO [NettyClientSelector_1][Slf4jLoggerFactory.java:95] - closeChannel: close the connection to remote address[] result: true
[wanxinp2p-account-service][${env:SERVER_PORT}] 2023-10-06 10:41:59,185 INFO [NettyClientSelector_1][Slf4jLoggerFactory.java:95] - closeChannel: close the connection to remote address[] result: true
[wanxinp2p-account-service][${env:SERVER_PORT}] 2023-10-06 10:42:28,960 INFO [NettyClientSelector_1][Slf4jLoggerFactory.java:95] - closeChannel: close the connection to remote address[] result: true
[wanxinp2p-account-service][${env:SERVER_PORT}] 2023-10-06 10:42:29,191 INFO [NettyClientSelector_1][Slf4jLoggerFactory.java:95] - closeChannel: close the connection to remote address[] result: true
[wanxinp2p-account-service][${env:SERVER_PORT}] 2023-10-06 10:42:58,973 INFO [NettyClientSelector_1][Slf4jLoggerFactory.java:95] - closeChannel: close the connection to remote address[] result: true
[wanxinp2p-account-service][${env:SERVER_PORT}] 2023-10-06 10:42:59,205 INFO [NettyClientSelector_1][Slf4jLoggerFactory.java:95] - closeChannel: close the connection to remote address[] result: true
[wanxinp2p-account-service][${env:SERVER_PORT}] 2023-10-06 10:43:28,971 INFO [NettyClientSelector_1][Slf4jLoggerFactory.java:95] - closeChannel: close the connection to remote address[] result: true
[wanxinp2p-account-service][${env:SERVER_PORT}] 2023-10-06 10:43:29,184 INFO [NettyClientSelector_1][Slf4jLoggerFactory.java:95] - closeChannel: close the connection to remote address[] result: true
[wanxinp2p-account-service][${env:SERVER_PORT}] 2023-10-06 10:43:58,975 INFO [NettyClientSelector_1][Slf4jLoggerFactory.java:95] - closeChannel: close the connection to remote address[] result: true
[wanxinp2p-account-service][${env:SERVER_PORT}] 2023-10-06 10:43:59,190 INFO [NettyClientSelector_1][Slf4jLoggerFactory.java:95] - closeChannel: close the connection to remote address[] result: true
[wanxinp2p-account-service][${env:SERVER_PORT}] 2023-10-06 10:44:28,972 INFO [NettyClientSelector_1][Slf4jLoggerFactory.java:95] - closeChannel: close the connection to remote address[] result: true
[wanxinp2p-account-service][${env:SERVER_PORT}] 2023-10-06 10:44:29,222 INFO [NettyClientSelector_1][Slf4jLoggerFactory.java:95] - closeChannel: close the connection to remote address[] result: true
[wanxinp2p-account-service][${env:SERVER_PORT}] 2023-10-06 10:44:49,591 WARN [Apollo-RemoteConfigRepository-1][RemoteConfigRepository.java:194] - Load config failed, will retry in 1 SECONDS. appId: account-service, cluster: DEFAULT, namespaces: application
[wanxinp2p-account-service][${env:SERVER_PORT}] 2023-10-06 10:44:50,597 WARN [Apollo-RemoteConfigRepository-1][AbstractConfigRepository.java:26] - Sync config failed, will retry. Repository class com.ctrip.framework.apollo.internals.RemoteConfigRepository, reason: Load Apollo Config failed - appId: account-service, cluster: DEFAULT, namespace: application, url: http://192.168.1.8:8080/configs/account-service/DEFAULT/application?ip=192.168.1.8&messages=%7B%22details%22%3A%7B%22account-service%2Bdefault%2Bapplication%22%3A432%7D%7D [Cause: [status code: 404] Could not find config for namespace - appId: account-service, cluster: DEFAULT, namespace: application, please check whether the configs are released in Apollo!]
[wanxinp2p-account-service][${env:SERVER_PORT}] 2023-10-06 10:44:58,977 INFO [NettyClientSelector_1][Slf4jLoggerFactory.java:95] - closeChannel: close the connection to remote address[] result: true
[wanxinp2p-account-service][${env:SERVER_PORT}] 2023-10-06 10:44:59,192 INFO [NettyClientSelector_1][Slf4jLoggerFactory.java:95] - closeChannel: close the connection to remote address[] result: true
[wanxinp2p-account-service][${env:SERVER_PORT}] 2023-10-06 10:45:19,159 INFO [AsyncResolver-bootstrap-executor-0][ConfigClusterResolver.java:43] - Resolving eureka endpoints via configuration
[wanxinp2p-account-service][${env:SERVER_PORT}] 2023-10-06 10:45:28,959 INFO [NettyClientSelector_1][Slf4jLoggerFactory.java:95] - closeChannel: close the connection to remote address[] result: true
[wanxinp2p-account-service][${env:SERVER_PORT}] 2023-10-06 10:45:29,190 INFO [NettyClientSelector_1][Slf4jLoggerFactory.java:95] - closeChannel: close the connection to remote address[] result: true
[wanxinp2p-account-service][${env:SERVER_PORT}] 2023-10-06 10:45:58,958 INFO [NettyClientSelector_1][Slf4jLoggerFactory.java:95] - closeChannel: close the connection to remote address[] result: true
[wanxinp2p-account-service][${env:SERVER_PORT}] 2023-10-06 10:45:59,190 INFO [NettyClientSelector_1][Slf4jLoggerFactory.java:95] - closeChannel: close the connection to remote address[] result: true
[wanxinp2p-account-service][${env:SERVER_PORT}] 2023-10-06 10:46:28,985 INFO [NettyClientSelector_1][Slf4jLoggerFactory.java:95] - closeChannel: close the connection to remote address[] result: true
[wanxinp2p-account-service][${env:SERVER_PORT}] 2023-10-06 10:46:29,197 INFO [NettyClientSelector_1][Slf4jLoggerFactory.java:95] - closeChannel: close the connection to remote address[] result: true
[wanxinp2p-account-service][${env:SERVER_PORT}] 2023-10-06 10:46:58,966 INFO [NettyClientSelector_1][Slf4jLoggerFactory.java:95] - closeChannel: close the connection to remote address[] result: true
[wanxinp2p-account-service][${env:SERVER_PORT}] 2023-10-06 10:46:59,201 INFO [NettyClientSelector_1][Slf4jLoggerFactory.java:95] - closeChannel: close the connection to remote address[] result: true
[wanxinp2p-account-service][${env:SERVER_PORT}] 2023-10-06 10:47:28,968 INFO [NettyClientSelector_1][Slf4jLoggerFactory.java:95] - closeChannel: close the connection to remote address[] result: true
[wanxinp2p-account-service][${env:SERVER_PORT}] 2023-10-06 10:47:29,187 INFO [NettyClientSelector_1][Slf4jLoggerFactory.java:95] - closeChannel: close the connection to remote address[] result: true
[wanxinp2p-account-service][${env:SERVER_PORT}] 2023-10-06 10:47:58,985 INFO [NettyClientSelector_1][Slf4jLoggerFactory.java:95] - closeChannel: close the connection to remote address[] result: true
[wanxinp2p-account-service][${env:SERVER_PORT}] 2023-10-06 10:47:59,186 INFO [NettyClientSelector_1][Slf4jLoggerFactory.java:95] - closeChannel: close the connection to remote address[] result: true
[wanxinp2p-account-service][${env:SERVER_PORT}] 2023-10-06 10:48:28,980 INFO [NettyClientSelector_1][Slf4jLoggerFactory.java:95] - closeChannel: close the connection to remote address[] result: true
[wanxinp2p-account-service][${env:SERVER_PORT}] 2023-10-06 10:48:29,197 INFO [NettyClientSelector_1][Slf4jLoggerFactory.java:95] - closeChannel: close the connection to remote address[] result: true
[wanxinp2p-account-service][${env:SERVER_PORT}] 2023-10-06 10:48:58,969 INFO [NettyClientSelector_1][Slf4jLoggerFactory.java:95] - closeChannel: close the connection to remote address[] result: true
[wanxinp2p-account-service][${env:SERVER_PORT}] 2023-10-06 10:48:59,185 INFO [NettyClientSelector_1][Slf4jLoggerFactory.java:95] - closeChannel: close the connection to remote address[] result: true
[wanxinp2p-account-service][${env:SERVER_PORT}] 2023-10-06 10:49:28,975 INFO [NettyClientSelector_1][Slf4jLoggerFactory.java:95] - closeChannel: close the connection to remote address[] result: true
[wanxinp2p-account-service][${env:SERVER_PORT}] 2023-10-06 10:49:29,194 INFO [NettyClientSelector_1][Slf4jLoggerFactory.java:95] - closeChannel: close the connection to remote address[] result: true
[wanxinp2p-account-service][${env:SERVER_PORT}] 2023-10-06 10:49:49,591 WARN [Apollo-RemoteConfigRepository-1][RemoteConfigRepository.java:194] - Load config failed, will retry in 1 SECONDS. appId: account-service, cluster: DEFAULT, namespaces: application
[wanxinp2p-account-service][${env:SERVER_PORT}] 2023-10-06 10:49:50,595 WARN [Apollo-RemoteConfigRepository-1][AbstractConfigRepository.java:26] - Sync config failed, will retry. Repository class com.ctrip.framework.apollo.internals.RemoteConfigRepository, reason: Load Apollo Config failed - appId: account-service, cluster: DEFAULT, namespace: application, url: http://192.168.1.8:8080/configs/account-service/DEFAULT/application?ip=192.168.1.8&messages=%7B%22details%22%3A%7B%22account-service%2Bdefault%2Bapplication%22%3A432%7D%7D [Cause: [status code: 404] Could not find config for namespace - appId: account-service, cluster: DEFAULT, namespace: application, please check whether the configs are released in Apollo!]
[wanxinp2p-account-service][${env:SERVER_PORT}] 2023-10-06 10:49:58,963 INFO [NettyClientSelector_1][Slf4jLoggerFactory.java:95] - closeChannel: close the connection to remote address[] result: true
[wanxinp2p-account-service][${env:SERVER_PORT}] 2023-10-06 10:49:59,196 INFO [NettyClientSelector_1][Slf4jLoggerFactory.java:95] - closeChannel: close the connection to remote address[] result: true
[wanxinp2p-account-service][${env:SERVER_PORT}] 2023-10-06 10:50:19,172 INFO [AsyncResolver-bootstrap-executor-0][ConfigClusterResolver.java:43] - Resolving eureka endpoints via configuration
[wanxinp2p-account-service][${env:SERVER_PORT}] 2023-10-06 10:50:28,979 INFO [NettyClientSelector_1][Slf4jLoggerFactory.java:95] - closeChannel: close the connection to remote address[] result: true
[wanxinp2p-account-service][${env:SERVER_PORT}] 2023-10-06 10:50:29,198 INFO [NettyClientSelector_1][Slf4jLoggerFactory.java:95] - closeChannel: close the connection to remote address[] result: true
[wanxinp2p-account-service][${env:SERVER_PORT}] 2023-10-06 10:50:58,979 INFO [NettyClientSelector_1][Slf4jLoggerFactory.java:95] - closeChannel: close the connection to remote address[] result: true
[wanxinp2p-account-service][${env:SERVER_PORT}] 2023-10-06 10:50:59,196 INFO [NettyClientSelector_1][Slf4jLoggerFactory.java:95] - closeChannel: close the connection to remote address[] result: true
[wanxinp2p-account-service][${env:SERVER_PORT}] 2023-10-06 10:51:28,976 INFO [NettyClientSelector_1][Slf4jLoggerFactory.java:95] - closeChannel: close the connection to remote address[] result: true
[wanxinp2p-account-service][${env:SERVER_PORT}] 2023-10-06 10:51:29,192 INFO [NettyClientSelector_1][Slf4jLoggerFactory.java:95] - closeChannel: close the connection to remote address[] result: true
[wanxinp2p-account-service][${env:SERVER_PORT}] 2023-10-06 10:51:58,960 INFO [NettyClientSelector_1][Slf4jLoggerFactory.java:95] - closeChannel: close the connection to remote address[] result: true
[wanxinp2p-account-service][${env:SERVER_PORT}] 2023-10-06 10:51:59,191 INFO [NettyClientSelector_1][Slf4jLoggerFactory.java:95] - closeChannel: close the connection to remote address[] result: true
[wanxinp2p-account-service][${env:SERVER_PORT}] 2023-10-06 10:52:28,964 INFO [NettyClientSelector_1][Slf4jLoggerFactory.java:95] - closeChannel: close the connection to remote address[] result: true
[wanxinp2p-account-service][${env:SERVER_PORT}] 2023-10-06 10:52:29,199 INFO [NettyClientSelector_1][Slf4jLoggerFactory.java:95] - closeChannel: close the connection to remote address[] result: true
[wanxinp2p-account-service][${env:SERVER_PORT}] 2023-10-06 10:52:58,975 INFO [NettyClientSelector_1][Slf4jLoggerFactory.java:95] - closeChannel: close the connection to remote address[] result: true
[wanxinp2p-account-service][${env:SERVER_PORT}] 2023-10-06 10:52:59,192 INFO [NettyClientSelector_1][Slf4jLoggerFactory.java:95] - closeChannel: close the connection to remote address[] result: true
[wanxinp2p-account-service][${env:SERVER_PORT}] 2023-10-06 10:53:28,967 INFO [NettyClientSelector_1][Slf4jLoggerFactory.java:95] - closeChannel: close the connection to remote address[] result: true
[wanxinp2p-account-service][${env:SERVER_PORT}] 2023-10-06 10:53:29,201 INFO [NettyClientSelector_1][Slf4jLoggerFactory.java:95] - closeChannel: close the connection to remote address[] result: true
[wanxinp2p-account-service][${env:SERVER_PORT}] 2023-10-06 10:53:58,960 INFO [NettyClientSelector_1][Slf4jLoggerFactory.java:95] - closeChannel: close the connection to remote address[] result: true
[wanxinp2p-account-service][${env:SERVER_PORT}] 2023-10-06 10:53:59,191 INFO [NettyClientSelector_1][Slf4jLoggerFactory.java:95] - closeChannel: close the connection to remote address[] result: true
[wanxinp2p-account-service][${env:SERVER_PORT}] 2023-10-06 10:54:28,974 INFO [NettyClientSelector_1][Slf4jLoggerFactory.java:95] - closeChannel: close the connection to remote address[] result: true
[wanxinp2p-account-service][${env:SERVER_PORT}] 2023-10-06 10:54:29,190 INFO [NettyClientSelector_1][Slf4jLoggerFactory.java:95] - closeChannel: close the connection to remote address[] result: true
[wanxinp2p-account-service][${env:SERVER_PORT}] 2023-10-06 10:54:49,589 WARN [Apollo-RemoteConfigRepository-1][RemoteConfigRepository.java:194] - Load config failed, will retry in 1 SECONDS. appId: account-service, cluster: DEFAULT, namespaces: application
[wanxinp2p-account-service][${env:SERVER_PORT}] 2023-10-06 10:54:50,597 WARN [Apollo-RemoteConfigRepository-1][AbstractConfigRepository.java:26] - Sync config failed, will retry. Repository class com.ctrip.framework.apollo.internals.RemoteConfigRepository, reason: Load Apollo Config failed - appId: account-service, cluster: DEFAULT, namespace: application, url: http://192.168.1.8:8080/configs/account-service/DEFAULT/application?ip=192.168.1.8&messages=%7B%22details%22%3A%7B%22account-service%2Bdefault%2Bapplication%22%3A432%7D%7D [Cause: [status code: 404] Could not find config for namespace - appId: account-service, cluster: DEFAULT, namespace: application, please check whether the configs are released in Apollo!]
[wanxinp2p-account-service][${env:SERVER_PORT}] 2023-10-06 10:54:58,968 INFO [NettyClientSelector_1][Slf4jLoggerFactory.java:95] - closeChannel: close the connection to remote address[] result: true
[wanxinp2p-account-service][${env:SERVER_PORT}] 2023-10-06 10:54:59,184 INFO [NettyClientSelector_1][Slf4jLoggerFactory.java:95] - closeChannel: close the connection to remote address[] result: true
[wanxinp2p-account-service][${env:SERVER_PORT}] 2023-10-06 10:55:19,184 INFO [AsyncResolver-bootstrap-executor-0][ConfigClusterResolver.java:43] - Resolving eureka endpoints via configuration
[wanxinp2p-account-service][${env:SERVER_PORT}] 2023-10-06 10:55:28,978 INFO [NettyClientSelector_1][Slf4jLoggerFactory.java:95] - closeChannel: close the connection to remote address[] result: true
[wanxinp2p-account-service][${env:SERVER_PORT}] 2023-10-06 10:55:29,194 INFO [NettyClientSelector_1][Slf4jLoggerFactory.java:95] - closeChannel: close the connection to remote address[] result: true
[wanxinp2p-account-service][${env:SERVER_PORT}] 2023-10-06 10:55:58,962 INFO [NettyClientSelector_1][Slf4jLoggerFactory.java:95] - closeChannel: close the connection to remote address[] result: true
[wanxinp2p-account-service][${env:SERVER_PORT}] 2023-10-06 10:55:59,177 INFO [NettyClientSelector_1][Slf4jLoggerFactory.java:95] - closeChannel: close the connection to remote address[] result: true
[wanxinp2p-account-service][${env:SERVER_PORT}] 2023-10-06 10:56:28,976 INFO [NettyClientSelector_1][Slf4jLoggerFactory.java:95] - closeChannel: close the connection to remote address[] result: true
[wanxinp2p-account-service][${env:SERVER_PORT}] 2023-10-06 10:56:29,193 INFO [NettyClientSelector_1][Slf4jLoggerFactory.java:95] - closeChannel: close the connection to remote address[] result: true
[wanxinp2p-account-service][${env:SERVER_PORT}] 2023-10-06 10:56:58,977 INFO [NettyClientSelector_1][Slf4jLoggerFactory.java:95] - closeChannel: close the connection to remote address[] result: true
[wanxinp2p-account-service][${env:SERVER_PORT}] 2023-10-06 10:56:59,207 INFO [NettyClientSelector_1][Slf4jLoggerFactory.java:95] - closeChannel: close the connection to remote address[] result: true
[wanxinp2p-account-service][${env:SERVER_PORT}] 2023-10-06 10:57:28,970 INFO [NettyClientSelector_1][Slf4jLoggerFactory.java:95] - closeChannel: close the connection to remote address[] result: true
[wanxinp2p-account-service][${env:SERVER_PORT}] 2023-10-06 10:57:29,201 INFO [NettyClientSelector_1][Slf4jLoggerFactory.java:95] - closeChannel: close the connection to remote address[] result: true
[wanxinp2p-account-service][${env:SERVER_PORT}] 2023-10-06 10:57:58,965 INFO [NettyClientSelector_1][Slf4jLoggerFactory.java:95] - closeChannel: close the connection to remote address[] result: true
[wanxinp2p-account-service][${env:SERVER_PORT}] 2023-10-06 10:57:59,182 INFO [NettyClientSelector_1][Slf4jLoggerFactory.java:95] - closeChannel: close the connection to remote address[] result: true
[wanxinp2p-account-service][${env:SERVER_PORT}] 2023-10-06 10:58:28,966 INFO [NettyClientSelector_1][Slf4jLoggerFactory.java:95] - closeChannel: close the connection to remote address[] result: true
[wanxinp2p-account-service][${env:SERVER_PORT}] 2023-10-06 10:58:29,196 INFO [NettyClientSelector_1][Slf4jLoggerFactory.java:95] - closeChannel: close the connection to remote address[] result: true
[wanxinp2p-account-service][${env:SERVER_PORT}] 2023-10-06 10:58:58,952 INFO [NettyClientSelector_1][Slf4jLoggerFactory.java:95] - closeChannel: close the connection to remote address[] result: true
[wanxinp2p-account-service][${env:SERVER_PORT}] 2023-10-06 10:58:59,203 INFO [NettyClientSelector_1][Slf4jLoggerFactory.java:95] - closeChannel: close the connection to remote address[] result: true
[wanxinp2p-account-service][${env:SERVER_PORT}] 2023-10-06 10:59:28,963 INFO [NettyClientSelector_1][Slf4jLoggerFactory.java:95] - closeChannel: close the connection to remote address[] result: true
[wanxinp2p-account-service][${env:SERVER_PORT}] 2023-10-06 10:59:29,181 INFO [NettyClientSelector_1][Slf4jLoggerFactory.java:95] - closeChannel: close the connection to remote address[] result: true
[wanxinp2p-account-service][${env:SERVER_PORT}] 2023-10-06 10:59:49,606 WARN [Apollo-RemoteConfigRepository-1][RemoteConfigRepository.java:194] - Load config failed, will retry in 1 SECONDS. appId: account-service, cluster: DEFAULT, namespaces: application
[wanxinp2p-account-service][${env:SERVER_PORT}] 2023-10-06 10:59:50,622 WARN [Apollo-RemoteConfigRepository-1][AbstractConfigRepository.java:26] - Sync config failed, will retry. Repository class com.ctrip.framework.apollo.internals.RemoteConfigRepository, reason: Load Apollo Config failed - appId: account-service, cluster: DEFAULT, namespace: application, url: http://192.168.1.8:8080/configs/account-service/DEFAULT/application?ip=192.168.1.8&messages=%7B%22details%22%3A%7B%22account-service%2Bdefault%2Bapplication%22%3A432%7D%7D [Cause: [status code: 404] Could not find config for namespace - appId: account-service, cluster: DEFAULT, namespace: application, please check whether the configs are released in Apollo!]
[wanxinp2p-account-service][${env:SERVER_PORT}] 2023-10-06 10:59:58,961 INFO [NettyClientSelector_1][Slf4jLoggerFactory.java:95] - closeChannel: close the connection to remote address[] result: true
[wanxinp2p-account-service][${env:SERVER_PORT}] 2023-10-06 10:59:59,195 INFO [NettyClientSelector_1][Slf4jLoggerFactory.java:95] - closeChannel: close the connection to remote address[] result: true
