[wanxinp2p-account-service][${env:SERVER_PORT}] 2023-10-06 09:00:19,022 INFO [AsyncResolver-bootstrap-executor-0][ConfigClusterResolver.java:43] - Resolving eureka endpoints via configuration
[wanxinp2p-account-service][${env:SERVER_PORT}] 2023-10-06 09:00:28,966 INFO [NettyClientSelector_1][Slf4jLoggerFactory.java:95] - closeChannel: close the connection to remote address[] result: true
[wanxinp2p-account-service][${env:SERVER_PORT}] 2023-10-06 09:00:29,201 INFO [NettyClientSelector_1][Slf4jLoggerFactory.java:95] - closeChannel: close the connection to remote address[] result: true
[wanxinp2p-account-service][${env:SERVER_PORT}] 2023-10-06 09:00:58,969 INFO [NettyClientSelector_1][Slf4jLoggerFactory.java:95] - closeChannel: close the connection to remote address[] result: true
[wanxinp2p-account-service][${env:SERVER_PORT}] 2023-10-06 09:00:59,202 INFO [NettyClientSelector_1][Slf4jLoggerFactory.java:95] - closeChannel: close the connection to remote address[] result: true
[wanxinp2p-account-service][${env:SERVER_PORT}] 2023-10-06 09:01:28,987 INFO [NettyClientSelector_1][Slf4jLoggerFactory.java:95] - closeChannel: close the connection to remote address[] result: true
[wanxinp2p-account-service][${env:SERVER_PORT}] 2023-10-06 09:01:29,190 INFO [NettyClientSelector_1][Slf4jLoggerFactory.java:95] - closeChannel: close the connection to remote address[] result: true
[wanxinp2p-account-service][${env:SERVER_PORT}] 2023-10-06 09:01:58,977 INFO [NettyClientSelector_1][Slf4jLoggerFactory.java:95] - closeChannel: close the connection to remote address[] result: true
[wanxinp2p-account-service][${env:SERVER_PORT}] 2023-10-06 09:01:59,192 INFO [NettyClientSelector_1][Slf4jLoggerFactory.java:95] - closeChannel: close the connection to remote address[] result: true
[wanxinp2p-account-service][${env:SERVER_PORT}] 2023-10-06 09:02:28,969 INFO [NettyClientSelector_1][Slf4jLoggerFactory.java:95] - closeChannel: close the connection to remote address[] result: true
[wanxinp2p-account-service][${env:SERVER_PORT}] 2023-10-06 09:02:29,186 INFO [NettyClientSelector_1][Slf4jLoggerFactory.java:95] - closeChannel: close the connection to remote address[] result: true
[wanxinp2p-account-service][${env:SERVER_PORT}] 2023-10-06 09:02:58,971 INFO [NettyClientSelector_1][Slf4jLoggerFactory.java:95] - closeChannel: close the connection to remote address[] result: true
[wanxinp2p-account-service][${env:SERVER_PORT}] 2023-10-06 09:02:59,188 INFO [NettyClientSelector_1][Slf4jLoggerFactory.java:95] - closeChannel: close the connection to remote address[] result: true
[wanxinp2p-account-service][${env:SERVER_PORT}] 2023-10-06 09:03:28,966 INFO [NettyClientSelector_1][Slf4jLoggerFactory.java:95] - closeChannel: close the connection to remote address[] result: true
[wanxinp2p-account-service][${env:SERVER_PORT}] 2023-10-06 09:03:29,197 INFO [NettyClientSelector_1][Slf4jLoggerFactory.java:95] - closeChannel: close the connection to remote address[] result: true
[wanxinp2p-account-service][${env:SERVER_PORT}] 2023-10-06 09:03:58,982 INFO [NettyClientSelector_1][Slf4jLoggerFactory.java:95] - closeChannel: close the connection to remote address[] result: true
[wanxinp2p-account-service][${env:SERVER_PORT}] 2023-10-06 09:03:59,184 INFO [NettyClientSelector_1][Slf4jLoggerFactory.java:95] - closeChannel: close the connection to remote address[] result: true
[wanxinp2p-account-service][${env:SERVER_PORT}] 2023-10-06 09:04:28,988 INFO [NettyClientSelector_1][Slf4jLoggerFactory.java:95] - closeChannel: close the connection to remote address[] result: true
[wanxinp2p-account-service][${env:SERVER_PORT}] 2023-10-06 09:04:29,191 INFO [NettyClientSelector_1][Slf4jLoggerFactory.java:95] - closeChannel: close the connection to remote address[] result: true
[wanxinp2p-account-service][${env:SERVER_PORT}] 2023-10-06 09:04:49,599 WARN [Apollo-RemoteConfigRepository-1][RemoteConfigRepository.java:194] - Load config failed, will retry in 1 SECONDS. appId: account-service, cluster: DEFAULT, namespaces: application
[wanxinp2p-account-service][${env:SERVER_PORT}] 2023-10-06 09:04:50,601 WARN [Apollo-RemoteConfigRepository-1][AbstractConfigRepository.java:26] - Sync config failed, will retry. Repository class com.ctrip.framework.apollo.internals.RemoteConfigRepository, reason: Load Apollo Config failed - appId: account-service, cluster: DEFAULT, namespace: application, url: http://192.168.1.8:8080/configs/account-service/DEFAULT/application?ip=192.168.1.8&messages=%7B%22details%22%3A%7B%22account-service%2Bdefault%2Bapplication%22%3A432%7D%7D [Cause: [status code: 404] Could not find config for namespace - appId: account-service, cluster: DEFAULT, namespace: application, please check whether the configs are released in Apollo!]
[wanxinp2p-account-service][${env:SERVER_PORT}] 2023-10-06 09:04:58,968 INFO [NettyClientSelector_1][Slf4jLoggerFactory.java:95] - closeChannel: close the connection to remote address[] result: true
[wanxinp2p-account-service][${env:SERVER_PORT}] 2023-10-06 09:04:59,203 INFO [NettyClientSelector_1][Slf4jLoggerFactory.java:95] - closeChannel: close the connection to remote address[] result: true
[wanxinp2p-account-service][${env:SERVER_PORT}] 2023-10-06 09:05:19,026 INFO [AsyncResolver-bootstrap-executor-0][ConfigClusterResolver.java:43] - Resolving eureka endpoints via configuration
[wanxinp2p-account-service][${env:SERVER_PORT}] 2023-10-06 09:05:28,995 INFO [NettyClientSelector_1][Slf4jLoggerFactory.java:95] - closeChannel: close the connection to remote address[] result: true
[wanxinp2p-account-service][${env:SERVER_PORT}] 2023-10-06 09:05:29,213 INFO [NettyClientSelector_1][Slf4jLoggerFactory.java:95] - closeChannel: close the connection to remote address[] result: true
[wanxinp2p-account-service][${env:SERVER_PORT}] 2023-10-06 09:05:58,974 INFO [NettyClientSelector_1][Slf4jLoggerFactory.java:95] - closeChannel: close the connection to remote address[] result: true
[wanxinp2p-account-service][${env:SERVER_PORT}] 2023-10-06 09:05:59,189 INFO [NettyClientSelector_1][Slf4jLoggerFactory.java:95] - closeChannel: close the connection to remote address[] result: true
[wanxinp2p-account-service][${env:SERVER_PORT}] 2023-10-06 09:06:28,970 INFO [NettyClientSelector_1][Slf4jLoggerFactory.java:95] - closeChannel: close the connection to remote address[] result: true
[wanxinp2p-account-service][${env:SERVER_PORT}] 2023-10-06 09:06:29,203 INFO [NettyClientSelector_1][Slf4jLoggerFactory.java:95] - closeChannel: close the connection to remote address[] result: true
[wanxinp2p-account-service][${env:SERVER_PORT}] 2023-10-06 09:06:58,969 INFO [NettyClientSelector_1][Slf4jLoggerFactory.java:95] - closeChannel: close the connection to remote address[] result: true
[wanxinp2p-account-service][${env:SERVER_PORT}] 2023-10-06 09:06:59,201 INFO [NettyClientSelector_1][Slf4jLoggerFactory.java:95] - closeChannel: close the connection to remote address[] result: true
[wanxinp2p-account-service][${env:SERVER_PORT}] 2023-10-06 09:07:28,967 INFO [NettyClientSelector_1][Slf4jLoggerFactory.java:95] - closeChannel: close the connection to remote address[] result: true
[wanxinp2p-account-service][${env:SERVER_PORT}] 2023-10-06 09:07:29,215 INFO [NettyClientSelector_1][Slf4jLoggerFactory.java:95] - closeChannel: close the connection to remote address[] result: true
[wanxinp2p-account-service][${env:SERVER_PORT}] 2023-10-06 09:07:58,960 INFO [NettyClientSelector_1][Slf4jLoggerFactory.java:95] - closeChannel: close the connection to remote address[] result: true
[wanxinp2p-account-service][${env:SERVER_PORT}] 2023-10-06 09:07:59,193 INFO [NettyClientSelector_1][Slf4jLoggerFactory.java:95] - closeChannel: close the connection to remote address[] result: true
[wanxinp2p-account-service][${env:SERVER_PORT}] 2023-10-06 09:08:28,976 INFO [NettyClientSelector_1][Slf4jLoggerFactory.java:95] - closeChannel: close the connection to remote address[] result: true
[wanxinp2p-account-service][${env:SERVER_PORT}] 2023-10-06 09:08:29,192 INFO [NettyClientSelector_1][Slf4jLoggerFactory.java:95] - closeChannel: close the connection to remote address[] result: true
[wanxinp2p-account-service][${env:SERVER_PORT}] 2023-10-06 09:08:58,970 INFO [NettyClientSelector_1][Slf4jLoggerFactory.java:95] - closeChannel: close the connection to remote address[] result: true
[wanxinp2p-account-service][${env:SERVER_PORT}] 2023-10-06 09:08:59,186 INFO [NettyClientSelector_1][Slf4jLoggerFactory.java:95] - closeChannel: close the connection to remote address[] result: true
[wanxinp2p-account-service][${env:SERVER_PORT}] 2023-10-06 09:09:28,990 INFO [NettyClientSelector_1][Slf4jLoggerFactory.java:95] - closeChannel: close the connection to remote address[] result: true
[wanxinp2p-account-service][${env:SERVER_PORT}] 2023-10-06 09:09:29,192 INFO [NettyClientSelector_1][Slf4jLoggerFactory.java:95] - closeChannel: close the connection to remote address[] result: true
[wanxinp2p-account-service][${env:SERVER_PORT}] 2023-10-06 09:09:49,592 WARN [Apollo-RemoteConfigRepository-1][RemoteConfigRepository.java:194] - Load config failed, will retry in 1 SECONDS. appId: account-service, cluster: DEFAULT, namespaces: application
[wanxinp2p-account-service][${env:SERVER_PORT}] 2023-10-06 09:09:50,600 WARN [Apollo-RemoteConfigRepository-1][AbstractConfigRepository.java:26] - Sync config failed, will retry. Repository class com.ctrip.framework.apollo.internals.RemoteConfigRepository, reason: Load Apollo Config failed - appId: account-service, cluster: DEFAULT, namespace: application, url: http://192.168.1.8:8080/configs/account-service/DEFAULT/application?ip=192.168.1.8&messages=%7B%22details%22%3A%7B%22account-service%2Bdefault%2Bapplication%22%3A432%7D%7D [Cause: [status code: 404] Could not find config for namespace - appId: account-service, cluster: DEFAULT, namespace: application, please check whether the configs are released in Apollo!]
[wanxinp2p-account-service][${env:SERVER_PORT}] 2023-10-06 09:09:58,971 INFO [NettyClientSelector_1][Slf4jLoggerFactory.java:95] - closeChannel: close the connection to remote address[] result: true
[wanxinp2p-account-service][${env:SERVER_PORT}] 2023-10-06 09:09:59,205 INFO [NettyClientSelector_1][Slf4jLoggerFactory.java:95] - closeChannel: close the connection to remote address[] result: true
[wanxinp2p-account-service][${env:SERVER_PORT}] 2023-10-06 09:10:19,029 INFO [AsyncResolver-bootstrap-executor-0][ConfigClusterResolver.java:43] - Resolving eureka endpoints via configuration
[wanxinp2p-account-service][${env:SERVER_PORT}] 2023-10-06 09:10:28,965 INFO [NettyClientSelector_1][Slf4jLoggerFactory.java:95] - closeChannel: close the connection to remote address[] result: true
[wanxinp2p-account-service][${env:SERVER_PORT}] 2023-10-06 09:10:29,198 INFO [NettyClientSelector_1][Slf4jLoggerFactory.java:95] - closeChannel: close the connection to remote address[] result: true
[wanxinp2p-account-service][${env:SERVER_PORT}] 2023-10-06 09:10:58,972 INFO [NettyClientSelector_1][Slf4jLoggerFactory.java:95] - closeChannel: close the connection to remote address[] result: true
[wanxinp2p-account-service][${env:SERVER_PORT}] 2023-10-06 09:10:59,188 INFO [NettyClientSelector_1][Slf4jLoggerFactory.java:95] - closeChannel: close the connection to remote address[] result: true
[wanxinp2p-account-service][${env:SERVER_PORT}] 2023-10-06 09:11:28,966 INFO [NettyClientSelector_1][Slf4jLoggerFactory.java:95] - closeChannel: close the connection to remote address[] result: true
[wanxinp2p-account-service][${env:SERVER_PORT}] 2023-10-06 09:11:29,181 INFO [NettyClientSelector_1][Slf4jLoggerFactory.java:95] - closeChannel: close the connection to remote address[] result: true
[wanxinp2p-account-service][${env:SERVER_PORT}] 2023-10-06 09:11:58,975 INFO [NettyClientSelector_1][Slf4jLoggerFactory.java:95] - closeChannel: close the connection to remote address[] result: true
[wanxinp2p-account-service][${env:SERVER_PORT}] 2023-10-06 09:11:59,207 INFO [NettyClientSelector_1][Slf4jLoggerFactory.java:95] - closeChannel: close the connection to remote address[] result: true
[wanxinp2p-account-service][${env:SERVER_PORT}] 2023-10-06 09:12:28,973 INFO [NettyClientSelector_1][Slf4jLoggerFactory.java:95] - closeChannel: close the connection to remote address[] result: true
[wanxinp2p-account-service][${env:SERVER_PORT}] 2023-10-06 09:12:29,191 INFO [NettyClientSelector_1][Slf4jLoggerFactory.java:95] - closeChannel: close the connection to remote address[] result: true
[wanxinp2p-account-service][${env:SERVER_PORT}] 2023-10-06 09:12:58,966 INFO [NettyClientSelector_1][Slf4jLoggerFactory.java:95] - closeChannel: close the connection to remote address[] result: true
[wanxinp2p-account-service][${env:SERVER_PORT}] 2023-10-06 09:12:59,200 INFO [NettyClientSelector_1][Slf4jLoggerFactory.java:95] - closeChannel: close the connection to remote address[] result: true
[wanxinp2p-account-service][${env:SERVER_PORT}] 2023-10-06 09:13:28,977 INFO [NettyClientSelector_1][Slf4jLoggerFactory.java:95] - closeChannel: close the connection to remote address[] result: true
[wanxinp2p-account-service][${env:SERVER_PORT}] 2023-10-06 09:13:29,194 INFO [NettyClientSelector_1][Slf4jLoggerFactory.java:95] - closeChannel: close the connection to remote address[] result: true
[wanxinp2p-account-service][${env:SERVER_PORT}] 2023-10-06 09:13:58,971 INFO [NettyClientSelector_1][Slf4jLoggerFactory.java:95] - closeChannel: close the connection to remote address[] result: true
[wanxinp2p-account-service][${env:SERVER_PORT}] 2023-10-06 09:13:59,203 INFO [NettyClientSelector_1][Slf4jLoggerFactory.java:95] - closeChannel: close the connection to remote address[] result: true
[wanxinp2p-account-service][${env:SERVER_PORT}] 2023-10-06 09:14:28,967 INFO [NettyClientSelector_1][Slf4jLoggerFactory.java:95] - closeChannel: close the connection to remote address[] result: true
[wanxinp2p-account-service][${env:SERVER_PORT}] 2023-10-06 09:14:29,197 INFO [NettyClientSelector_1][Slf4jLoggerFactory.java:95] - closeChannel: close the connection to remote address[] result: true
[wanxinp2p-account-service][${env:SERVER_PORT}] 2023-10-06 09:14:49,584 WARN [Apollo-RemoteConfigRepository-1][RemoteConfigRepository.java:194] - Load config failed, will retry in 1 SECONDS. appId: account-service, cluster: DEFAULT, namespaces: application
[wanxinp2p-account-service][${env:SERVER_PORT}] 2023-10-06 09:14:50,587 WARN [Apollo-RemoteConfigRepository-1][AbstractConfigRepository.java:26] - Sync config failed, will retry. Repository class com.ctrip.framework.apollo.internals.RemoteConfigRepository, reason: Load Apollo Config failed - appId: account-service, cluster: DEFAULT, namespace: application, url: http://192.168.1.8:8080/configs/account-service/DEFAULT/application?ip=192.168.1.8&messages=%7B%22details%22%3A%7B%22account-service%2Bdefault%2Bapplication%22%3A432%7D%7D [Cause: [status code: 404] Could not find config for namespace - appId: account-service, cluster: DEFAULT, namespace: application, please check whether the configs are released in Apollo!]
[wanxinp2p-account-service][${env:SERVER_PORT}] 2023-10-06 09:14:58,971 INFO [NettyClientSelector_1][Slf4jLoggerFactory.java:95] - closeChannel: close the connection to remote address[] result: true
[wanxinp2p-account-service][${env:SERVER_PORT}] 2023-10-06 09:14:59,219 INFO [NettyClientSelector_1][Slf4jLoggerFactory.java:95] - closeChannel: close the connection to remote address[] result: true
[wanxinp2p-account-service][${env:SERVER_PORT}] 2023-10-06 09:15:19,036 INFO [AsyncResolver-bootstrap-executor-0][ConfigClusterResolver.java:43] - Resolving eureka endpoints via configuration
[wanxinp2p-account-service][${env:SERVER_PORT}] 2023-10-06 09:15:28,960 INFO [NettyClientSelector_1][Slf4jLoggerFactory.java:95] - closeChannel: close the connection to remote address[] result: true
[wanxinp2p-account-service][${env:SERVER_PORT}] 2023-10-06 09:15:29,207 INFO [NettyClientSelector_1][Slf4jLoggerFactory.java:95] - closeChannel: close the connection to remote address[] result: true
[wanxinp2p-account-service][${env:SERVER_PORT}] 2023-10-06 09:15:58,957 INFO [NettyClientSelector_1][Slf4jLoggerFactory.java:95] - closeChannel: close the connection to remote address[] result: true
[wanxinp2p-account-service][${env:SERVER_PORT}] 2023-10-06 09:15:59,189 INFO [NettyClientSelector_1][Slf4jLoggerFactory.java:95] - closeChannel: close the connection to remote address[] result: true
[wanxinp2p-account-service][${env:SERVER_PORT}] 2023-10-06 09:16:28,963 INFO [NettyClientSelector_1][Slf4jLoggerFactory.java:95] - closeChannel: close the connection to remote address[] result: true
[wanxinp2p-account-service][${env:SERVER_PORT}] 2023-10-06 09:16:29,195 INFO [NettyClientSelector_1][Slf4jLoggerFactory.java:95] - closeChannel: close the connection to remote address[] result: true
[wanxinp2p-account-service][${env:SERVER_PORT}] 2023-10-06 09:16:58,975 INFO [NettyClientSelector_1][Slf4jLoggerFactory.java:95] - closeChannel: close the connection to remote address[] result: true
[wanxinp2p-account-service][${env:SERVER_PORT}] 2023-10-06 09:16:59,192 INFO [NettyClientSelector_1][Slf4jLoggerFactory.java:95] - closeChannel: close the connection to remote address[] result: true
[wanxinp2p-account-service][${env:SERVER_PORT}] 2023-10-06 09:17:28,973 INFO [NettyClientSelector_1][Slf4jLoggerFactory.java:95] - closeChannel: close the connection to remote address[] result: true
[wanxinp2p-account-service][${env:SERVER_PORT}] 2023-10-06 09:17:29,205 INFO [NettyClientSelector_1][Slf4jLoggerFactory.java:95] - closeChannel: close the connection to remote address[] result: true
[wanxinp2p-account-service][${env:SERVER_PORT}] 2023-10-06 09:17:58,966 INFO [NettyClientSelector_1][Slf4jLoggerFactory.java:95] - closeChannel: close the connection to remote address[] result: true
[wanxinp2p-account-service][${env:SERVER_PORT}] 2023-10-06 09:17:59,198 INFO [NettyClientSelector_1][Slf4jLoggerFactory.java:95] - closeChannel: close the connection to remote address[] result: true
[wanxinp2p-account-service][${env:SERVER_PORT}] 2023-10-06 09:18:28,961 INFO [NettyClientSelector_1][Slf4jLoggerFactory.java:95] - closeChannel: close the connection to remote address[] result: true
[wanxinp2p-account-service][${env:SERVER_PORT}] 2023-10-06 09:18:29,195 INFO [NettyClientSelector_1][Slf4jLoggerFactory.java:95] - closeChannel: close the connection to remote address[] result: true
[wanxinp2p-account-service][${env:SERVER_PORT}] 2023-10-06 09:18:58,979 INFO [NettyClientSelector_1][Slf4jLoggerFactory.java:95] - closeChannel: close the connection to remote address[] result: true
[wanxinp2p-account-service][${env:SERVER_PORT}] 2023-10-06 09:18:59,195 INFO [NettyClientSelector_1][Slf4jLoggerFactory.java:95] - closeChannel: close the connection to remote address[] result: true
[wanxinp2p-account-service][${env:SERVER_PORT}] 2023-10-06 09:19:28,967 INFO [NettyClientSelector_1][Slf4jLoggerFactory.java:95] - closeChannel: close the connection to remote address[] result: true
[wanxinp2p-account-service][${env:SERVER_PORT}] 2023-10-06 09:19:29,184 INFO [NettyClientSelector_1][Slf4jLoggerFactory.java:95] - closeChannel: close the connection to remote address[] result: true
[wanxinp2p-account-service][${env:SERVER_PORT}] 2023-10-06 09:19:49,586 WARN [Apollo-RemoteConfigRepository-1][RemoteConfigRepository.java:194] - Load config failed, will retry in 1 SECONDS. appId: account-service, cluster: DEFAULT, namespaces: application
[wanxinp2p-account-service][${env:SERVER_PORT}] 2023-10-06 09:19:50,594 WARN [Apollo-RemoteConfigRepository-1][AbstractConfigRepository.java:26] - Sync config failed, will retry. Repository class com.ctrip.framework.apollo.internals.RemoteConfigRepository, reason: Load Apollo Config failed - appId: account-service, cluster: DEFAULT, namespace: application, url: http://192.168.1.8:8080/configs/account-service/DEFAULT/application?ip=192.168.1.8&messages=%7B%22details%22%3A%7B%22account-service%2Bdefault%2Bapplication%22%3A432%7D%7D [Cause: [status code: 404] Could not find config for namespace - appId: account-service, cluster: DEFAULT, namespace: application, please check whether the configs are released in Apollo!]
[wanxinp2p-account-service][${env:SERVER_PORT}] 2023-10-06 09:19:58,968 INFO [NettyClientSelector_1][Slf4jLoggerFactory.java:95] - closeChannel: close the connection to remote address[] result: true
[wanxinp2p-account-service][${env:SERVER_PORT}] 2023-10-06 09:19:59,185 INFO [NettyClientSelector_1][Slf4jLoggerFactory.java:95] - closeChannel: close the connection to remote address[] result: true
[wanxinp2p-account-service][${env:SERVER_PORT}] 2023-10-06 09:20:19,045 INFO [AsyncResolver-bootstrap-executor-0][ConfigClusterResolver.java:43] - Resolving eureka endpoints via configuration
[wanxinp2p-account-service][${env:SERVER_PORT}] 2023-10-06 09:20:28,970 INFO [NettyClientSelector_1][Slf4jLoggerFactory.java:95] - closeChannel: close the connection to remote address[] result: true
[wanxinp2p-account-service][${env:SERVER_PORT}] 2023-10-06 09:20:29,202 INFO [NettyClientSelector_1][Slf4jLoggerFactory.java:95] - closeChannel: close the connection to remote address[] result: true
[wanxinp2p-account-service][${env:SERVER_PORT}] 2023-10-06 09:20:58,971 INFO [NettyClientSelector_1][Slf4jLoggerFactory.java:95] - closeChannel: close the connection to remote address[] result: true
[wanxinp2p-account-service][${env:SERVER_PORT}] 2023-10-06 09:20:59,188 INFO [NettyClientSelector_1][Slf4jLoggerFactory.java:95] - closeChannel: close the connection to remote address[] result: true
[wanxinp2p-account-service][${env:SERVER_PORT}] 2023-10-06 09:21:28,970 INFO [NettyClientSelector_1][Slf4jLoggerFactory.java:95] - closeChannel: close the connection to remote address[] result: true
[wanxinp2p-account-service][${env:SERVER_PORT}] 2023-10-06 09:21:29,204 INFO [NettyClientSelector_1][Slf4jLoggerFactory.java:95] - closeChannel: close the connection to remote address[] result: true
[wanxinp2p-account-service][${env:SERVER_PORT}] 2023-10-06 09:21:58,963 INFO [NettyClientSelector_1][Slf4jLoggerFactory.java:95] - closeChannel: close the connection to remote address[] result: true
[wanxinp2p-account-service][${env:SERVER_PORT}] 2023-10-06 09:21:59,197 INFO [NettyClientSelector_1][Slf4jLoggerFactory.java:95] - closeChannel: close the connection to remote address[] result: true
[wanxinp2p-account-service][${env:SERVER_PORT}] 2023-10-06 09:22:28,972 INFO [NettyClientSelector_1][Slf4jLoggerFactory.java:95] - closeChannel: close the connection to remote address[] result: true
[wanxinp2p-account-service][${env:SERVER_PORT}] 2023-10-06 09:22:29,188 INFO [NettyClientSelector_1][Slf4jLoggerFactory.java:95] - closeChannel: close the connection to remote address[] result: true
[wanxinp2p-account-service][${env:SERVER_PORT}] 2023-10-06 09:22:58,983 INFO [NettyClientSelector_1][Slf4jLoggerFactory.java:95] - closeChannel: close the connection to remote address[] result: true
[wanxinp2p-account-service][${env:SERVER_PORT}] 2023-10-06 09:22:59,199 INFO [NettyClientSelector_1][Slf4jLoggerFactory.java:95] - closeChannel: close the connection to remote address[] result: true
[wanxinp2p-account-service][${env:SERVER_PORT}] 2023-10-06 09:23:28,976 INFO [NettyClientSelector_1][Slf4jLoggerFactory.java:95] - closeChannel: close the connection to remote address[] result: true
[wanxinp2p-account-service][${env:SERVER_PORT}] 2023-10-06 09:23:29,193 INFO [NettyClientSelector_1][Slf4jLoggerFactory.java:95] - closeChannel: close the connection to remote address[] result: true
[wanxinp2p-account-service][${env:SERVER_PORT}] 2023-10-06 09:23:58,971 INFO [NettyClientSelector_1][Slf4jLoggerFactory.java:95] - closeChannel: close the connection to remote address[] result: true
[wanxinp2p-account-service][${env:SERVER_PORT}] 2023-10-06 09:23:59,187 INFO [NettyClientSelector_1][Slf4jLoggerFactory.java:95] - closeChannel: close the connection to remote address[] result: true
[wanxinp2p-account-service][${env:SERVER_PORT}] 2023-10-06 09:24:28,963 INFO [NettyClientSelector_1][Slf4jLoggerFactory.java:95] - closeChannel: close the connection to remote address[] result: true
[wanxinp2p-account-service][${env:SERVER_PORT}] 2023-10-06 09:24:29,196 INFO [NettyClientSelector_1][Slf4jLoggerFactory.java:95] - closeChannel: close the connection to remote address[] result: true
[wanxinp2p-account-service][${env:SERVER_PORT}] 2023-10-06 09:24:49,584 WARN [Apollo-RemoteConfigRepository-1][RemoteConfigRepository.java:194] - Load config failed, will retry in 1 SECONDS. appId: account-service, cluster: DEFAULT, namespaces: application
[wanxinp2p-account-service][${env:SERVER_PORT}] 2023-10-06 09:24:50,589 WARN [Apollo-RemoteConfigRepository-1][AbstractConfigRepository.java:26] - Sync config failed, will retry. Repository class com.ctrip.framework.apollo.internals.RemoteConfigRepository, reason: Load Apollo Config failed - appId: account-service, cluster: DEFAULT, namespace: application, url: http://192.168.1.8:8080/configs/account-service/DEFAULT/application?ip=192.168.1.8&messages=%7B%22details%22%3A%7B%22account-service%2Bdefault%2Bapplication%22%3A432%7D%7D [Cause: [status code: 404] Could not find config for namespace - appId: account-service, cluster: DEFAULT, namespace: application, please check whether the configs are released in Apollo!]
[wanxinp2p-account-service][${env:SERVER_PORT}] 2023-10-06 09:24:58,965 INFO [NettyClientSelector_1][Slf4jLoggerFactory.java:95] - closeChannel: close the connection to remote address[] result: true
[wanxinp2p-account-service][${env:SERVER_PORT}] 2023-10-06 09:24:59,199 INFO [NettyClientSelector_1][Slf4jLoggerFactory.java:95] - closeChannel: close the connection to remote address[] result: true
[wanxinp2p-account-service][${env:SERVER_PORT}] 2023-10-06 09:25:19,053 INFO [AsyncResolver-bootstrap-executor-0][ConfigClusterResolver.java:43] - Resolving eureka endpoints via configuration
[wanxinp2p-account-service][${env:SERVER_PORT}] 2023-10-06 09:25:28,972 INFO [NettyClientSelector_1][Slf4jLoggerFactory.java:95] - closeChannel: close the connection to remote address[] result: true
[wanxinp2p-account-service][${env:SERVER_PORT}] 2023-10-06 09:25:29,190 INFO [NettyClientSelector_1][Slf4jLoggerFactory.java:95] - closeChannel: close the connection to remote address[] result: true
[wanxinp2p-account-service][${env:SERVER_PORT}] 2023-10-06 09:25:58,974 INFO [NettyClientSelector_1][Slf4jLoggerFactory.java:95] - closeChannel: close the connection to remote address[] result: true
[wanxinp2p-account-service][${env:SERVER_PORT}] 2023-10-06 09:25:59,191 INFO [NettyClientSelector_1][Slf4jLoggerFactory.java:95] - closeChannel: close the connection to remote address[] result: true
[wanxinp2p-account-service][${env:SERVER_PORT}] 2023-10-06 09:26:28,967 INFO [NettyClientSelector_1][Slf4jLoggerFactory.java:95] - closeChannel: close the connection to remote address[] result: true
[wanxinp2p-account-service][${env:SERVER_PORT}] 2023-10-06 09:26:29,199 INFO [NettyClientSelector_1][Slf4jLoggerFactory.java:95] - closeChannel: close the connection to remote address[] result: true
[wanxinp2p-account-service][${env:SERVER_PORT}] 2023-10-06 09:26:58,969 INFO [NettyClientSelector_1][Slf4jLoggerFactory.java:95] - closeChannel: close the connection to remote address[] result: true
[wanxinp2p-account-service][${env:SERVER_PORT}] 2023-10-06 09:26:59,184 INFO [NettyClientSelector_1][Slf4jLoggerFactory.java:95] - closeChannel: close the connection to remote address[] result: true
[wanxinp2p-account-service][${env:SERVER_PORT}] 2023-10-06 09:27:28,964 INFO [NettyClientSelector_1][Slf4jLoggerFactory.java:95] - closeChannel: close the connection to remote address[] result: true
[wanxinp2p-account-service][${env:SERVER_PORT}] 2023-10-06 09:27:29,196 INFO [NettyClientSelector_1][Slf4jLoggerFactory.java:95] - closeChannel: close the connection to remote address[] result: true
[wanxinp2p-account-service][${env:SERVER_PORT}] 2023-10-06 09:27:58,971 INFO [NettyClientSelector_1][Slf4jLoggerFactory.java:95] - closeChannel: close the connection to remote address[] result: true
[wanxinp2p-account-service][${env:SERVER_PORT}] 2023-10-06 09:27:59,189 INFO [NettyClientSelector_1][Slf4jLoggerFactory.java:95] - closeChannel: close the connection to remote address[] result: true
[wanxinp2p-account-service][${env:SERVER_PORT}] 2023-10-06 09:28:28,980 INFO [NettyClientSelector_1][Slf4jLoggerFactory.java:95] - closeChannel: close the connection to remote address[] result: true
[wanxinp2p-account-service][${env:SERVER_PORT}] 2023-10-06 09:28:29,198 INFO [NettyClientSelector_1][Slf4jLoggerFactory.java:95] - closeChannel: close the connection to remote address[] result: true
[wanxinp2p-account-service][${env:SERVER_PORT}] 2023-10-06 09:28:58,980 INFO [NettyClientSelector_1][Slf4jLoggerFactory.java:95] - closeChannel: close the connection to remote address[] result: true
[wanxinp2p-account-service][${env:SERVER_PORT}] 2023-10-06 09:28:59,197 INFO [NettyClientSelector_1][Slf4jLoggerFactory.java:95] - closeChannel: close the connection to remote address[] result: true
[wanxinp2p-account-service][${env:SERVER_PORT}] 2023-10-06 09:29:28,981 INFO [NettyClientSelector_1][Slf4jLoggerFactory.java:95] - closeChannel: close the connection to remote address[] result: true
[wanxinp2p-account-service][${env:SERVER_PORT}] 2023-10-06 09:29:29,199 INFO [NettyClientSelector_1][Slf4jLoggerFactory.java:95] - closeChannel: close the connection to remote address[] result: true
[wanxinp2p-account-service][${env:SERVER_PORT}] 2023-10-06 09:29:49,591 WARN [Apollo-RemoteConfigRepository-1][RemoteConfigRepository.java:194] - Load config failed, will retry in 1 SECONDS. appId: account-service, cluster: DEFAULT, namespaces: application
[wanxinp2p-account-service][${env:SERVER_PORT}] 2023-10-06 09:29:50,599 WARN [Apollo-RemoteConfigRepository-1][AbstractConfigRepository.java:26] - Sync config failed, will retry. Repository class com.ctrip.framework.apollo.internals.RemoteConfigRepository, reason: Load Apollo Config failed - appId: account-service, cluster: DEFAULT, namespace: application, url: http://192.168.1.8:8080/configs/account-service/DEFAULT/application?ip=192.168.1.8&messages=%7B%22details%22%3A%7B%22account-service%2Bdefault%2Bapplication%22%3A432%7D%7D [Cause: [status code: 404] Could not find config for namespace - appId: account-service, cluster: DEFAULT, namespace: application, please check whether the configs are released in Apollo!]
[wanxinp2p-account-service][${env:SERVER_PORT}] 2023-10-06 09:29:58,966 INFO [NettyClientSelector_1][Slf4jLoggerFactory.java:95] - closeChannel: close the connection to remote address[] result: true
[wanxinp2p-account-service][${env:SERVER_PORT}] 2023-10-06 09:29:59,199 INFO [NettyClientSelector_1][Slf4jLoggerFactory.java:95] - closeChannel: close the connection to remote address[] result: true
[wanxinp2p-account-service][${env:SERVER_PORT}] 2023-10-06 09:30:19,055 INFO [AsyncResolver-bootstrap-executor-0][ConfigClusterResolver.java:43] - Resolving eureka endpoints via configuration
[wanxinp2p-account-service][${env:SERVER_PORT}] 2023-10-06 09:30:28,966 INFO [NettyClientSelector_1][Slf4jLoggerFactory.java:95] - closeChannel: close the connection to remote address[] result: true
[wanxinp2p-account-service][${env:SERVER_PORT}] 2023-10-06 09:30:29,197 INFO [NettyClientSelector_1][Slf4jLoggerFactory.java:95] - closeChannel: close the connection to remote address[] result: true
[wanxinp2p-account-service][${env:SERVER_PORT}] 2023-10-06 09:30:58,971 INFO [NettyClientSelector_1][Slf4jLoggerFactory.java:95] - closeChannel: close the connection to remote address[] result: true
[wanxinp2p-account-service][${env:SERVER_PORT}] 2023-10-06 09:30:59,206 INFO [NettyClientSelector_1][Slf4jLoggerFactory.java:95] - closeChannel: close the connection to remote address[] result: true
[wanxinp2p-account-service][${env:SERVER_PORT}] 2023-10-06 09:31:28,976 INFO [NettyClientSelector_1][Slf4jLoggerFactory.java:95] - closeChannel: close the connection to remote address[] result: true
[wanxinp2p-account-service][${env:SERVER_PORT}] 2023-10-06 09:31:29,192 INFO [NettyClientSelector_1][Slf4jLoggerFactory.java:95] - closeChannel: close the connection to remote address[] result: true
[wanxinp2p-account-service][${env:SERVER_PORT}] 2023-10-06 09:31:58,990 INFO [NettyClientSelector_1][Slf4jLoggerFactory.java:95] - closeChannel: close the connection to remote address[] result: true
[wanxinp2p-account-service][${env:SERVER_PORT}] 2023-10-06 09:31:59,191 INFO [NettyClientSelector_1][Slf4jLoggerFactory.java:95] - closeChannel: close the connection to remote address[] result: true
[wanxinp2p-account-service][${env:SERVER_PORT}] 2023-10-06 09:32:28,990 INFO [NettyClientSelector_1][Slf4jLoggerFactory.java:95] - closeChannel: close the connection to remote address[] result: true
[wanxinp2p-account-service][${env:SERVER_PORT}] 2023-10-06 09:32:29,190 INFO [NettyClientSelector_1][Slf4jLoggerFactory.java:95] - closeChannel: close the connection to remote address[] result: true
[wanxinp2p-account-service][${env:SERVER_PORT}] 2023-10-06 09:32:58,963 INFO [NettyClientSelector_1][Slf4jLoggerFactory.java:95] - closeChannel: close the connection to remote address[] result: true
[wanxinp2p-account-service][${env:SERVER_PORT}] 2023-10-06 09:32:59,196 INFO [NettyClientSelector_1][Slf4jLoggerFactory.java:95] - closeChannel: close the connection to remote address[] result: true
[wanxinp2p-account-service][${env:SERVER_PORT}] 2023-10-06 09:33:28,977 INFO [NettyClientSelector_1][Slf4jLoggerFactory.java:95] - closeChannel: close the connection to remote address[] result: true
[wanxinp2p-account-service][${env:SERVER_PORT}] 2023-10-06 09:33:29,194 INFO [NettyClientSelector_1][Slf4jLoggerFactory.java:95] - closeChannel: close the connection to remote address[] result: true
[wanxinp2p-account-service][${env:SERVER_PORT}] 2023-10-06 09:33:58,970 INFO [NettyClientSelector_1][Slf4jLoggerFactory.java:95] - closeChannel: close the connection to remote address[] result: true
[wanxinp2p-account-service][${env:SERVER_PORT}] 2023-10-06 09:33:59,187 INFO [NettyClientSelector_1][Slf4jLoggerFactory.java:95] - closeChannel: close the connection to remote address[] result: true
[wanxinp2p-account-service][${env:SERVER_PORT}] 2023-10-06 09:34:28,986 INFO [NettyClientSelector_1][Slf4jLoggerFactory.java:95] - closeChannel: close the connection to remote address[] result: true
[wanxinp2p-account-service][${env:SERVER_PORT}] 2023-10-06 09:34:29,189 INFO [NettyClientSelector_1][Slf4jLoggerFactory.java:95] - closeChannel: close the connection to remote address[] result: true
[wanxinp2p-account-service][${env:SERVER_PORT}] 2023-10-06 09:34:49,597 WARN [Apollo-RemoteConfigRepository-1][RemoteConfigRepository.java:194] - Load config failed, will retry in 1 SECONDS. appId: account-service, cluster: DEFAULT, namespaces: application
[wanxinp2p-account-service][${env:SERVER_PORT}] 2023-10-06 09:34:50,605 WARN [Apollo-RemoteConfigRepository-1][AbstractConfigRepository.java:26] - Sync config failed, will retry. Repository class com.ctrip.framework.apollo.internals.RemoteConfigRepository, reason: Load Apollo Config failed - appId: account-service, cluster: DEFAULT, namespace: application, url: http://192.168.1.8:8080/configs/account-service/DEFAULT/application?ip=192.168.1.8&messages=%7B%22details%22%3A%7B%22account-service%2Bdefault%2Bapplication%22%3A432%7D%7D [Cause: [status code: 404] Could not find config for namespace - appId: account-service, cluster: DEFAULT, namespace: application, please check whether the configs are released in Apollo!]
[wanxinp2p-account-service][${env:SERVER_PORT}] 2023-10-06 09:34:58,974 INFO [NettyClientSelector_1][Slf4jLoggerFactory.java:95] - closeChannel: close the connection to remote address[] result: true
[wanxinp2p-account-service][${env:SERVER_PORT}] 2023-10-06 09:34:59,192 INFO [NettyClientSelector_1][Slf4jLoggerFactory.java:95] - closeChannel: close the connection to remote address[] result: true
[wanxinp2p-account-service][${env:SERVER_PORT}] 2023-10-06 09:35:19,065 INFO [AsyncResolver-bootstrap-executor-0][ConfigClusterResolver.java:43] - Resolving eureka endpoints via configuration
[wanxinp2p-account-service][${env:SERVER_PORT}] 2023-10-06 09:35:28,955 INFO [NettyClientSelector_1][Slf4jLoggerFactory.java:95] - closeChannel: close the connection to remote address[] result: true
[wanxinp2p-account-service][${env:SERVER_PORT}] 2023-10-06 09:35:29,205 INFO [NettyClientSelector_1][Slf4jLoggerFactory.java:95] - closeChannel: close the connection to remote address[] result: true
[wanxinp2p-account-service][${env:SERVER_PORT}] 2023-10-06 09:35:58,974 INFO [NettyClientSelector_1][Slf4jLoggerFactory.java:95] - closeChannel: close the connection to remote address[] result: true
[wanxinp2p-account-service][${env:SERVER_PORT}] 2023-10-06 09:35:59,192 INFO [NettyClientSelector_1][Slf4jLoggerFactory.java:95] - closeChannel: close the connection to remote address[] result: true
[wanxinp2p-account-service][${env:SERVER_PORT}] 2023-10-06 09:36:28,977 INFO [NettyClientSelector_1][Slf4jLoggerFactory.java:95] - closeChannel: close the connection to remote address[] result: true
[wanxinp2p-account-service][${env:SERVER_PORT}] 2023-10-06 09:36:29,179 INFO [NettyClientSelector_1][Slf4jLoggerFactory.java:95] - closeChannel: close the connection to remote address[] result: true
[wanxinp2p-account-service][${env:SERVER_PORT}] 2023-10-06 09:36:58,969 INFO [NettyClientSelector_1][Slf4jLoggerFactory.java:95] - closeChannel: close the connection to remote address[] result: true
[wanxinp2p-account-service][${env:SERVER_PORT}] 2023-10-06 09:36:59,186 INFO [NettyClientSelector_1][Slf4jLoggerFactory.java:95] - closeChannel: close the connection to remote address[] result: true
[wanxinp2p-account-service][${env:SERVER_PORT}] 2023-10-06 09:37:28,972 INFO [NettyClientSelector_1][Slf4jLoggerFactory.java:95] - closeChannel: close the connection to remote address[] result: true
[wanxinp2p-account-service][${env:SERVER_PORT}] 2023-10-06 09:37:29,207 INFO [NettyClientSelector_1][Slf4jLoggerFactory.java:95] - closeChannel: close the connection to remote address[] result: true
[wanxinp2p-account-service][${env:SERVER_PORT}] 2023-10-06 09:37:58,987 INFO [NettyClientSelector_1][Slf4jLoggerFactory.java:95] - closeChannel: close the connection to remote address[] result: true
[wanxinp2p-account-service][${env:SERVER_PORT}] 2023-10-06 09:37:59,187 INFO [NettyClientSelector_1][Slf4jLoggerFactory.java:95] - closeChannel: close the connection to remote address[] result: true
[wanxinp2p-account-service][${env:SERVER_PORT}] 2023-10-06 09:38:28,967 INFO [NettyClientSelector_1][Slf4jLoggerFactory.java:95] - closeChannel: close the connection to remote address[] result: true
[wanxinp2p-account-service][${env:SERVER_PORT}] 2023-10-06 09:38:29,198 INFO [NettyClientSelector_1][Slf4jLoggerFactory.java:95] - closeChannel: close the connection to remote address[] result: true
[wanxinp2p-account-service][${env:SERVER_PORT}] 2023-10-06 09:38:58,959 INFO [NettyClientSelector_1][Slf4jLoggerFactory.java:95] - closeChannel: close the connection to remote address[] result: true
[wanxinp2p-account-service][${env:SERVER_PORT}] 2023-10-06 09:38:59,190 INFO [NettyClientSelector_1][Slf4jLoggerFactory.java:95] - closeChannel: close the connection to remote address[] result: true
[wanxinp2p-account-service][${env:SERVER_PORT}] 2023-10-06 09:39:28,978 INFO [NettyClientSelector_1][Slf4jLoggerFactory.java:95] - closeChannel: close the connection to remote address[] result: true
[wanxinp2p-account-service][${env:SERVER_PORT}] 2023-10-06 09:39:29,193 INFO [NettyClientSelector_1][Slf4jLoggerFactory.java:95] - closeChannel: close the connection to remote address[] result: true
[wanxinp2p-account-service][${env:SERVER_PORT}] 2023-10-06 09:39:49,594 WARN [Apollo-RemoteConfigRepository-1][RemoteConfigRepository.java:194] - Load config failed, will retry in 1 SECONDS. appId: account-service, cluster: DEFAULT, namespaces: application
[wanxinp2p-account-service][${env:SERVER_PORT}] 2023-10-06 09:39:50,601 WARN [Apollo-RemoteConfigRepository-1][AbstractConfigRepository.java:26] - Sync config failed, will retry. Repository class com.ctrip.framework.apollo.internals.RemoteConfigRepository, reason: Load Apollo Config failed - appId: account-service, cluster: DEFAULT, namespace: application, url: http://192.168.1.8:8080/configs/account-service/DEFAULT/application?ip=192.168.1.8&messages=%7B%22details%22%3A%7B%22account-service%2Bdefault%2Bapplication%22%3A432%7D%7D [Cause: [status code: 404] Could not find config for namespace - appId: account-service, cluster: DEFAULT, namespace: application, please check whether the configs are released in Apollo!]
[wanxinp2p-account-service][${env:SERVER_PORT}] 2023-10-06 09:39:58,987 INFO [NettyClientSelector_1][Slf4jLoggerFactory.java:95] - closeChannel: close the connection to remote address[] result: true
[wanxinp2p-account-service][${env:SERVER_PORT}] 2023-10-06 09:39:59,187 INFO [NettyClientSelector_1][Slf4jLoggerFactory.java:95] - closeChannel: close the connection to remote address[] result: true
[wanxinp2p-account-service][${env:SERVER_PORT}] 2023-10-06 09:40:19,073 INFO [AsyncResolver-bootstrap-executor-0][ConfigClusterResolver.java:43] - Resolving eureka endpoints via configuration
[wanxinp2p-account-service][${env:SERVER_PORT}] 2023-10-06 09:40:28,964 INFO [NettyClientSelector_1][Slf4jLoggerFactory.java:95] - closeChannel: close the connection to remote address[] result: true
[wanxinp2p-account-service][${env:SERVER_PORT}] 2023-10-06 09:40:29,197 INFO [NettyClientSelector_1][Slf4jLoggerFactory.java:95] - closeChannel: close the connection to remote address[] result: true
[wanxinp2p-account-service][${env:SERVER_PORT}] 2023-10-06 09:40:58,967 INFO [NettyClientSelector_1][Slf4jLoggerFactory.java:95] - closeChannel: close the connection to remote address[] result: true
[wanxinp2p-account-service][${env:SERVER_PORT}] 2023-10-06 09:40:59,185 INFO [NettyClientSelector_1][Slf4jLoggerFactory.java:95] - closeChannel: close the connection to remote address[] result: true
[wanxinp2p-account-service][${env:SERVER_PORT}] 2023-10-06 09:41:28,969 INFO [NettyClientSelector_1][Slf4jLoggerFactory.java:95] - closeChannel: close the connection to remote address[] result: true
[wanxinp2p-account-service][${env:SERVER_PORT}] 2023-10-06 09:41:29,188 INFO [NettyClientSelector_1][Slf4jLoggerFactory.java:95] - closeChannel: close the connection to remote address[] result: true
[wanxinp2p-account-service][${env:SERVER_PORT}] 2023-10-06 09:41:58,964 INFO [NettyClientSelector_1][Slf4jLoggerFactory.java:95] - closeChannel: close the connection to remote address[] result: true
[wanxinp2p-account-service][${env:SERVER_PORT}] 2023-10-06 09:41:59,195 INFO [NettyClientSelector_1][Slf4jLoggerFactory.java:95] - closeChannel: close the connection to remote address[] result: true
[wanxinp2p-account-service][${env:SERVER_PORT}] 2023-10-06 09:42:28,980 INFO [NettyClientSelector_1][Slf4jLoggerFactory.java:95] - closeChannel: close the connection to remote address[] result: true
[wanxinp2p-account-service][${env:SERVER_PORT}] 2023-10-06 09:42:29,197 INFO [NettyClientSelector_1][Slf4jLoggerFactory.java:95] - closeChannel: close the connection to remote address[] result: true
[wanxinp2p-account-service][${env:SERVER_PORT}] 2023-10-06 09:42:58,979 INFO [NettyClientSelector_1][Slf4jLoggerFactory.java:95] - closeChannel: close the connection to remote address[] result: true
[wanxinp2p-account-service][${env:SERVER_PORT}] 2023-10-06 09:42:59,196 INFO [NettyClientSelector_1][Slf4jLoggerFactory.java:95] - closeChannel: close the connection to remote address[] result: true
[wanxinp2p-account-service][${env:SERVER_PORT}] 2023-10-06 09:43:28,986 INFO [NettyClientSelector_1][Slf4jLoggerFactory.java:95] - closeChannel: close the connection to remote address[] result: true
[wanxinp2p-account-service][${env:SERVER_PORT}] 2023-10-06 09:43:29,184 INFO [NettyClientSelector_1][Slf4jLoggerFactory.java:95] - closeChannel: close the connection to remote address[] result: true
[wanxinp2p-account-service][${env:SERVER_PORT}] 2023-10-06 09:43:58,967 INFO [NettyClientSelector_1][Slf4jLoggerFactory.java:95] - closeChannel: close the connection to remote address[] result: true
[wanxinp2p-account-service][${env:SERVER_PORT}] 2023-10-06 09:43:59,201 INFO [NettyClientSelector_1][Slf4jLoggerFactory.java:95] - closeChannel: close the connection to remote address[] result: true
[wanxinp2p-account-service][${env:SERVER_PORT}] 2023-10-06 09:44:28,979 INFO [NettyClientSelector_1][Slf4jLoggerFactory.java:95] - closeChannel: close the connection to remote address[] result: true
[wanxinp2p-account-service][${env:SERVER_PORT}] 2023-10-06 09:44:29,179 INFO [NettyClientSelector_1][Slf4jLoggerFactory.java:95] - closeChannel: close the connection to remote address[] result: true
[wanxinp2p-account-service][${env:SERVER_PORT}] 2023-10-06 09:44:49,586 WARN [Apollo-RemoteConfigRepository-1][RemoteConfigRepository.java:194] - Load config failed, will retry in 1 SECONDS. appId: account-service, cluster: DEFAULT, namespaces: application
[wanxinp2p-account-service][${env:SERVER_PORT}] 2023-10-06 09:44:50,593 WARN [Apollo-RemoteConfigRepository-1][AbstractConfigRepository.java:26] - Sync config failed, will retry. Repository class com.ctrip.framework.apollo.internals.RemoteConfigRepository, reason: Load Apollo Config failed - appId: account-service, cluster: DEFAULT, namespace: application, url: http://192.168.1.8:8080/configs/account-service/DEFAULT/application?ip=192.168.1.8&messages=%7B%22details%22%3A%7B%22account-service%2Bdefault%2Bapplication%22%3A432%7D%7D [Cause: [status code: 404] Could not find config for namespace - appId: account-service, cluster: DEFAULT, namespace: application, please check whether the configs are released in Apollo!]
[wanxinp2p-account-service][${env:SERVER_PORT}] 2023-10-06 09:44:58,985 INFO [NettyClientSelector_1][Slf4jLoggerFactory.java:95] - closeChannel: close the connection to remote address[] result: true
[wanxinp2p-account-service][${env:SERVER_PORT}] 2023-10-06 09:44:59,187 INFO [NettyClientSelector_1][Slf4jLoggerFactory.java:95] - closeChannel: close the connection to remote address[] result: true
[wanxinp2p-account-service][${env:SERVER_PORT}] 2023-10-06 09:45:19,079 INFO [AsyncResolver-bootstrap-executor-0][ConfigClusterResolver.java:43] - Resolving eureka endpoints via configuration
[wanxinp2p-account-service][${env:SERVER_PORT}] 2023-10-06 09:45:28,993 INFO [NettyClientSelector_1][Slf4jLoggerFactory.java:95] - closeChannel: close the connection to remote address[] result: true
[wanxinp2p-account-service][${env:SERVER_PORT}] 2023-10-06 09:45:29,196 INFO [NettyClientSelector_1][Slf4jLoggerFactory.java:95] - closeChannel: close the connection to remote address[] result: true
[wanxinp2p-account-service][${env:SERVER_PORT}] 2023-10-06 09:45:58,981 INFO [NettyClientSelector_1][Slf4jLoggerFactory.java:95] - closeChannel: close the connection to remote address[] result: true
[wanxinp2p-account-service][${env:SERVER_PORT}] 2023-10-06 09:45:59,198 INFO [NettyClientSelector_1][Slf4jLoggerFactory.java:95] - closeChannel: close the connection to remote address[] result: true
[wanxinp2p-account-service][${env:SERVER_PORT}] 2023-10-06 09:46:28,977 INFO [NettyClientSelector_1][Slf4jLoggerFactory.java:95] - closeChannel: close the connection to remote address[] result: true
[wanxinp2p-account-service][${env:SERVER_PORT}] 2023-10-06 09:46:29,195 INFO [NettyClientSelector_1][Slf4jLoggerFactory.java:95] - closeChannel: close the connection to remote address[] result: true
[wanxinp2p-account-service][${env:SERVER_PORT}] 2023-10-06 09:46:58,968 INFO [NettyClientSelector_1][Slf4jLoggerFactory.java:95] - closeChannel: close the connection to remote address[] result: true
[wanxinp2p-account-service][${env:SERVER_PORT}] 2023-10-06 09:46:59,200 INFO [NettyClientSelector_1][Slf4jLoggerFactory.java:95] - closeChannel: close the connection to remote address[] result: true
[wanxinp2p-account-service][${env:SERVER_PORT}] 2023-10-06 09:47:28,965 INFO [NettyClientSelector_1][Slf4jLoggerFactory.java:95] - closeChannel: close the connection to remote address[] result: true
[wanxinp2p-account-service][${env:SERVER_PORT}] 2023-10-06 09:47:29,198 INFO [NettyClientSelector_1][Slf4jLoggerFactory.java:95] - closeChannel: close the connection to remote address[] result: true
[wanxinp2p-account-service][${env:SERVER_PORT}] 2023-10-06 09:47:58,974 INFO [NettyClientSelector_1][Slf4jLoggerFactory.java:95] - closeChannel: close the connection to remote address[] result: true
[wanxinp2p-account-service][${env:SERVER_PORT}] 2023-10-06 09:47:59,191 INFO [NettyClientSelector_1][Slf4jLoggerFactory.java:95] - closeChannel: close the connection to remote address[] result: true
[wanxinp2p-account-service][${env:SERVER_PORT}] 2023-10-06 09:48:28,985 INFO [NettyClientSelector_1][Slf4jLoggerFactory.java:95] - closeChannel: close the connection to remote address[] result: true
[wanxinp2p-account-service][${env:SERVER_PORT}] 2023-10-06 09:48:29,202 INFO [NettyClientSelector_1][Slf4jLoggerFactory.java:95] - closeChannel: close the connection to remote address[] result: true
[wanxinp2p-account-service][${env:SERVER_PORT}] 2023-10-06 09:48:58,964 INFO [NettyClientSelector_1][Slf4jLoggerFactory.java:95] - closeChannel: close the connection to remote address[] result: true
[wanxinp2p-account-service][${env:SERVER_PORT}] 2023-10-06 09:48:59,195 INFO [NettyClientSelector_1][Slf4jLoggerFactory.java:95] - closeChannel: close the connection to remote address[] result: true
[wanxinp2p-account-service][${env:SERVER_PORT}] 2023-10-06 09:49:28,990 INFO [NettyClientSelector_1][Slf4jLoggerFactory.java:95] - closeChannel: close the connection to remote address[] result: true
[wanxinp2p-account-service][${env:SERVER_PORT}] 2023-10-06 09:49:29,192 INFO [NettyClientSelector_1][Slf4jLoggerFactory.java:95] - closeChannel: close the connection to remote address[] result: true
[wanxinp2p-account-service][${env:SERVER_PORT}] 2023-10-06 09:49:49,590 WARN [Apollo-RemoteConfigRepository-1][RemoteConfigRepository.java:194] - Load config failed, will retry in 1 SECONDS. appId: account-service, cluster: DEFAULT, namespaces: application
[wanxinp2p-account-service][${env:SERVER_PORT}] 2023-10-06 09:49:50,596 WARN [Apollo-RemoteConfigRepository-1][AbstractConfigRepository.java:26] - Sync config failed, will retry. Repository class com.ctrip.framework.apollo.internals.RemoteConfigRepository, reason: Load Apollo Config failed - appId: account-service, cluster: DEFAULT, namespace: application, url: http://192.168.1.8:8080/configs/account-service/DEFAULT/application?ip=192.168.1.8&messages=%7B%22details%22%3A%7B%22account-service%2Bdefault%2Bapplication%22%3A432%7D%7D [Cause: [status code: 404] Could not find config for namespace - appId: account-service, cluster: DEFAULT, namespace: application, please check whether the configs are released in Apollo!]
[wanxinp2p-account-service][${env:SERVER_PORT}] 2023-10-06 09:49:58,961 INFO [NettyClientSelector_1][Slf4jLoggerFactory.java:95] - closeChannel: close the connection to remote address[] result: true
[wanxinp2p-account-service][${env:SERVER_PORT}] 2023-10-06 09:49:59,177 INFO [NettyClientSelector_1][Slf4jLoggerFactory.java:95] - closeChannel: close the connection to remote address[] result: true
[wanxinp2p-account-service][${env:SERVER_PORT}] 2023-10-06 09:50:19,093 INFO [AsyncResolver-bootstrap-executor-0][ConfigClusterResolver.java:43] - Resolving eureka endpoints via configuration
[wanxinp2p-account-service][${env:SERVER_PORT}] 2023-10-06 09:50:28,972 INFO [NettyClientSelector_1][Slf4jLoggerFactory.java:95] - closeChannel: close the connection to remote address[] result: true
[wanxinp2p-account-service][${env:SERVER_PORT}] 2023-10-06 09:50:29,206 INFO [NettyClientSelector_1][Slf4jLoggerFactory.java:95] - closeChannel: close the connection to remote address[] result: true
[wanxinp2p-account-service][${env:SERVER_PORT}] 2023-10-06 09:50:58,970 INFO [NettyClientSelector_1][Slf4jLoggerFactory.java:95] - closeChannel: close the connection to remote address[] result: true
[wanxinp2p-account-service][${env:SERVER_PORT}] 2023-10-06 09:50:59,188 INFO [NettyClientSelector_1][Slf4jLoggerFactory.java:95] - closeChannel: close the connection to remote address[] result: true
[wanxinp2p-account-service][${env:SERVER_PORT}] 2023-10-06 09:51:28,965 INFO [NettyClientSelector_1][Slf4jLoggerFactory.java:95] - closeChannel: close the connection to remote address[] result: true
[wanxinp2p-account-service][${env:SERVER_PORT}] 2023-10-06 09:51:29,196 INFO [NettyClientSelector_1][Slf4jLoggerFactory.java:95] - closeChannel: close the connection to remote address[] result: true
[wanxinp2p-account-service][${env:SERVER_PORT}] 2023-10-06 09:51:58,982 INFO [NettyClientSelector_1][Slf4jLoggerFactory.java:95] - closeChannel: close the connection to remote address[] result: true
[wanxinp2p-account-service][${env:SERVER_PORT}] 2023-10-06 09:51:59,184 INFO [NettyClientSelector_1][Slf4jLoggerFactory.java:95] - closeChannel: close the connection to remote address[] result: true
[wanxinp2p-account-service][${env:SERVER_PORT}] 2023-10-06 09:52:28,967 INFO [NettyClientSelector_1][Slf4jLoggerFactory.java:95] - closeChannel: close the connection to remote address[] result: true
[wanxinp2p-account-service][${env:SERVER_PORT}] 2023-10-06 09:52:29,186 INFO [NettyClientSelector_1][Slf4jLoggerFactory.java:95] - closeChannel: close the connection to remote address[] result: true
[wanxinp2p-account-service][${env:SERVER_PORT}] 2023-10-06 09:52:58,967 INFO [NettyClientSelector_1][Slf4jLoggerFactory.java:95] - closeChannel: close the connection to remote address[] result: true
[wanxinp2p-account-service][${env:SERVER_PORT}] 2023-10-06 09:52:59,199 INFO [NettyClientSelector_1][Slf4jLoggerFactory.java:95] - closeChannel: close the connection to remote address[] result: true
[wanxinp2p-account-service][${env:SERVER_PORT}] 2023-10-06 09:53:28,956 INFO [NettyClientSelector_1][Slf4jLoggerFactory.java:95] - closeChannel: close the connection to remote address[] result: true
[wanxinp2p-account-service][${env:SERVER_PORT}] 2023-10-06 09:53:29,187 INFO [NettyClientSelector_1][Slf4jLoggerFactory.java:95] - closeChannel: close the connection to remote address[] result: true
[wanxinp2p-account-service][${env:SERVER_PORT}] 2023-10-06 09:53:58,985 INFO [NettyClientSelector_1][Slf4jLoggerFactory.java:95] - closeChannel: close the connection to remote address[] result: true
[wanxinp2p-account-service][${env:SERVER_PORT}] 2023-10-06 09:53:59,183 INFO [NettyClientSelector_1][Slf4jLoggerFactory.java:95] - closeChannel: close the connection to remote address[] result: true
[wanxinp2p-account-service][${env:SERVER_PORT}] 2023-10-06 09:54:28,964 INFO [NettyClientSelector_1][Slf4jLoggerFactory.java:95] - closeChannel: close the connection to remote address[] result: true
[wanxinp2p-account-service][${env:SERVER_PORT}] 2023-10-06 09:54:29,181 INFO [NettyClientSelector_1][Slf4jLoggerFactory.java:95] - closeChannel: close the connection to remote address[] result: true
[wanxinp2p-account-service][${env:SERVER_PORT}] 2023-10-06 09:54:49,594 WARN [Apollo-RemoteConfigRepository-1][RemoteConfigRepository.java:194] - Load config failed, will retry in 1 SECONDS. appId: account-service, cluster: DEFAULT, namespaces: application
[wanxinp2p-account-service][${env:SERVER_PORT}] 2023-10-06 09:54:50,601 WARN [Apollo-RemoteConfigRepository-1][AbstractConfigRepository.java:26] - Sync config failed, will retry. Repository class com.ctrip.framework.apollo.internals.RemoteConfigRepository, reason: Load Apollo Config failed - appId: account-service, cluster: DEFAULT, namespace: application, url: http://192.168.1.8:8080/configs/account-service/DEFAULT/application?ip=192.168.1.8&messages=%7B%22details%22%3A%7B%22account-service%2Bdefault%2Bapplication%22%3A432%7D%7D [Cause: [status code: 404] Could not find config for namespace - appId: account-service, cluster: DEFAULT, namespace: application, please check whether the configs are released in Apollo!]
[wanxinp2p-account-service][${env:SERVER_PORT}] 2023-10-06 09:54:58,995 INFO [NettyClientSelector_1][Slf4jLoggerFactory.java:95] - closeChannel: close the connection to remote address[] result: true
[wanxinp2p-account-service][${env:SERVER_PORT}] 2023-10-06 09:54:59,195 INFO [NettyClientSelector_1][Slf4jLoggerFactory.java:95] - closeChannel: close the connection to remote address[] result: true
[wanxinp2p-account-service][${env:SERVER_PORT}] 2023-10-06 09:55:19,094 INFO [AsyncResolver-bootstrap-executor-0][ConfigClusterResolver.java:43] - Resolving eureka endpoints via configuration
[wanxinp2p-account-service][${env:SERVER_PORT}] 2023-10-06 09:55:28,962 INFO [NettyClientSelector_1][Slf4jLoggerFactory.java:95] - closeChannel: close the connection to remote address[] result: true
[wanxinp2p-account-service][${env:SERVER_PORT}] 2023-10-06 09:55:29,195 INFO [NettyClientSelector_1][Slf4jLoggerFactory.java:95] - closeChannel: close the connection to remote address[] result: true
[wanxinp2p-account-service][${env:SERVER_PORT}] 2023-10-06 09:55:58,964 INFO [NettyClientSelector_1][Slf4jLoggerFactory.java:95] - closeChannel: close the connection to remote address[] result: true
[wanxinp2p-account-service][${env:SERVER_PORT}] 2023-10-06 09:55:59,195 INFO [NettyClientSelector_1][Slf4jLoggerFactory.java:95] - closeChannel: close the connection to remote address[] result: true
[wanxinp2p-account-service][${env:SERVER_PORT}] 2023-10-06 09:56:28,957 INFO [NettyClientSelector_1][Slf4jLoggerFactory.java:95] - closeChannel: close the connection to remote address[] result: true
[wanxinp2p-account-service][${env:SERVER_PORT}] 2023-10-06 09:56:29,173 INFO [NettyClientSelector_1][Slf4jLoggerFactory.java:95] - closeChannel: close the connection to remote address[] result: true
[wanxinp2p-account-service][${env:SERVER_PORT}] 2023-10-06 09:56:58,969 INFO [NettyClientSelector_1][Slf4jLoggerFactory.java:95] - closeChannel: close the connection to remote address[] result: true
[wanxinp2p-account-service][${env:SERVER_PORT}] 2023-10-06 09:56:59,186 INFO [NettyClientSelector_1][Slf4jLoggerFactory.java:95] - closeChannel: close the connection to remote address[] result: true
[wanxinp2p-account-service][${env:SERVER_PORT}] 2023-10-06 09:57:28,965 INFO [NettyClientSelector_1][Slf4jLoggerFactory.java:95] - closeChannel: close the connection to remote address[] result: true
[wanxinp2p-account-service][${env:SERVER_PORT}] 2023-10-06 09:57:29,198 INFO [NettyClientSelector_1][Slf4jLoggerFactory.java:95] - closeChannel: close the connection to remote address[] result: true
[wanxinp2p-account-service][${env:SERVER_PORT}] 2023-10-06 09:57:58,989 INFO [NettyClientSelector_1][Slf4jLoggerFactory.java:95] - closeChannel: close the connection to remote address[] result: true
[wanxinp2p-account-service][${env:SERVER_PORT}] 2023-10-06 09:57:59,190 INFO [NettyClientSelector_1][Slf4jLoggerFactory.java:95] - closeChannel: close the connection to remote address[] result: true
[wanxinp2p-account-service][${env:SERVER_PORT}] 2023-10-06 09:58:28,963 INFO [NettyClientSelector_1][Slf4jLoggerFactory.java:95] - closeChannel: close the connection to remote address[] result: true
[wanxinp2p-account-service][${env:SERVER_PORT}] 2023-10-06 09:58:29,196 INFO [NettyClientSelector_1][Slf4jLoggerFactory.java:95] - closeChannel: close the connection to remote address[] result: true
[wanxinp2p-account-service][${env:SERVER_PORT}] 2023-10-06 09:58:58,970 INFO [NettyClientSelector_1][Slf4jLoggerFactory.java:95] - closeChannel: close the connection to remote address[] result: true
[wanxinp2p-account-service][${env:SERVER_PORT}] 2023-10-06 09:58:59,185 INFO [NettyClientSelector_1][Slf4jLoggerFactory.java:95] - closeChannel: close the connection to remote address[] result: true
[wanxinp2p-account-service][${env:SERVER_PORT}] 2023-10-06 09:59:28,986 INFO [NettyClientSelector_1][Slf4jLoggerFactory.java:95] - closeChannel: close the connection to remote address[] result: true
[wanxinp2p-account-service][${env:SERVER_PORT}] 2023-10-06 09:59:29,187 INFO [NettyClientSelector_1][Slf4jLoggerFactory.java:95] - closeChannel: close the connection to remote address[] result: true
[wanxinp2p-account-service][${env:SERVER_PORT}] 2023-10-06 09:59:49,591 WARN [Apollo-RemoteConfigRepository-1][RemoteConfigRepository.java:194] - Load config failed, will retry in 1 SECONDS. appId: account-service, cluster: DEFAULT, namespaces: application
[wanxinp2p-account-service][${env:SERVER_PORT}] 2023-10-06 09:59:50,596 WARN [Apollo-RemoteConfigRepository-1][AbstractConfigRepository.java:26] - Sync config failed, will retry. Repository class com.ctrip.framework.apollo.internals.RemoteConfigRepository, reason: Load Apollo Config failed - appId: account-service, cluster: DEFAULT, namespace: application, url: http://192.168.1.8:8080/configs/account-service/DEFAULT/application?ip=192.168.1.8&messages=%7B%22details%22%3A%7B%22account-service%2Bdefault%2Bapplication%22%3A432%7D%7D [Cause: [status code: 404] Could not find config for namespace - appId: account-service, cluster: DEFAULT, namespace: application, please check whether the configs are released in Apollo!]
[wanxinp2p-account-service][${env:SERVER_PORT}] 2023-10-06 09:59:58,966 INFO [NettyClientSelector_1][Slf4jLoggerFactory.java:95] - closeChannel: close the connection to remote address[] result: true
[wanxinp2p-account-service][${env:SERVER_PORT}] 2023-10-06 09:59:59,182 INFO [NettyClientSelector_1][Slf4jLoggerFactory.java:95] - closeChannel: close the connection to remote address[] result: true
