[wanxinp2p-gateway-server][${env:SERVER_PORT}] 2023-10-18 13:15:40,223 INFO [main][DefaultApplicationProvider.java:85] - App ID is set to gateway-server by app.id property from System Property
[wanxinp2p-gateway-server][${env:SERVER_PORT}] 2023-10-18 13:15:40,228 INFO [main][DefaultServerProvider.java:108] - Environment is set to [dev] by JVM system property 'env'.
[wanxinp2p-gateway-server][${env:SERVER_PORT}] 2023-10-18 13:15:40,258 WARN [main][DefaultMetaServerProvider.java:39] - Could not find meta server address, because it is not available in neither (1) JVM system property 'apollo.meta', (2) OS env variable 'APOLLO_META' (3) property 'apollo.meta' from server.properties nor (4) property 'apollo.meta' from app.properties
[wanxinp2p-gateway-server][${env:SERVER_PORT}] 2023-10-18 13:15:40,264 INFO [main][MetaDomainConsts.java:93] - Located meta server address http://localhost:8080 for env DEV from com.ctrip.framework.apollo.core.internals.LegacyMetaServerProvider
[wanxinp2p-gateway-server][${env:SERVER_PORT}] 2023-10-18 13:15:49,641 INFO [main][SpringApplication.java:675] - No active profile set, falling back to default profiles: default
[wanxinp2p-gateway-server][${env:SERVER_PORT}] 2023-10-18 13:15:50,376 INFO [main][RepositoryConfigurationDelegate.java:244] - Multiple Spring Data modules found, entering strict repository configuration mode!
[wanxinp2p-gateway-server][${env:SERVER_PORT}] 2023-10-18 13:15:50,379 INFO [main][RepositoryConfigurationDelegate.java:126] - Bootstrapping Spring Data repositories in DEFAULT mode.
[wanxinp2p-gateway-server][${env:SERVER_PORT}] 2023-10-18 13:15:50,401 INFO [main][RepositoryConfigurationDelegate.java:182] - Finished Spring Data repository scanning in 12ms. Found 0 repository interfaces.
[wanxinp2p-gateway-server][${env:SERVER_PORT}] 2023-10-18 13:15:50,478 WARN [main][EndpointId.java:135] - Endpoint ID 'service-registry' contains invalid characters, please migrate to a valid format.
[wanxinp2p-gateway-server][${env:SERVER_PORT}] 2023-10-18 13:15:50,488 WARN [main][EndpointId.java:135] - Endpoint ID 'hystrix.stream' contains invalid characters, please migrate to a valid format.
[wanxinp2p-gateway-server][${env:SERVER_PORT}] 2023-10-18 13:15:50,579 INFO [main][ConfigurationClassPostProcessor.java:380] - Cannot enhance @Configuration bean definition 'com.ctrip.framework.apollo.spring.boot.ApolloAutoConfiguration' since its singleton instance has been created too early. The typical cause is a non-static @Bean method with a BeanDefinitionRegistryPostProcessor return type: Consider declaring such methods as 'static'.
[wanxinp2p-gateway-server][${env:SERVER_PORT}] 2023-10-18 13:15:50,754 INFO [main][GenericScope.java:294] - BeanFactory id=845244a8-7c39-3687-ba4b-5a9372398016
[wanxinp2p-gateway-server][${env:SERVER_PORT}] 2023-10-18 13:15:50,778 WARN [main][PropertySourcesDeducer.java:75] - Multiple PropertySourcesPlaceholderConfigurer beans registered [propertySourcesPlaceholderConfigurer, org.springframework.context.support.PropertySourcesPlaceholderConfigurer], falling back to Environment
[wanxinp2p-gateway-server][${env:SERVER_PORT}] 2023-10-18 13:15:51,027 INFO [main][PostProcessorRegistrationDelegate.java:330] - Bean 'org.springframework.cloud.autoconfigure.ConfigurationPropertiesRebinderAutoConfiguration' of type [org.springframework.cloud.autoconfigure.ConfigurationPropertiesRebinderAutoConfiguration$$EnhancerBySpringCGLIB$$d84556da] is not eligible for getting processed by all BeanPostProcessors (for example: not eligible for auto-proxying)
[wanxinp2p-gateway-server][${env:SERVER_PORT}] 2023-10-18 13:15:51,652 INFO [main][TomcatWebServer.java:90] - Tomcat initialized with port(s): 53010 (http)
[wanxinp2p-gateway-server][${env:SERVER_PORT}] 2023-10-18 13:15:51,671 INFO [main][DirectJDKLog.java:173] - Initializing ProtocolHandler ["http-nio-53010"]
[wanxinp2p-gateway-server][${env:SERVER_PORT}] 2023-10-18 13:15:51,682 INFO [main][DirectJDKLog.java:173] - Starting service [Tomcat]
[wanxinp2p-gateway-server][${env:SERVER_PORT}] 2023-10-18 13:15:51,682 INFO [main][DirectJDKLog.java:173] - Starting Servlet engine: [Apache Tomcat/9.0.16]
[wanxinp2p-gateway-server][${env:SERVER_PORT}] 2023-10-18 13:15:51,693 INFO [main][DirectJDKLog.java:173] - The APR based Apache Tomcat Native library which allows optimal performance in production environments was not found on the java.library.path: [C:\Program Files (x86)\Java\jdk1.8\bin;C:\Windows\Sun\Java\bin;C:\Windows\system32;C:\Windows;C:\Program Files\Common Files\Oracle\Java\javapath;C:\Program Files (x86)\Common Files\Intel\Shared Libraries\redist\intel64_win\compiler;C:\Program Files (x86)\Common Files\Oracle\Java\javapath;C:\Windows\system32;C:\Windows;C:\Windows\System32\Wbem;C:\Windows\System32\WindowsPowerShell\v1.0\;C:\Windows\System32\OpenSSH\;C:\Program Files (x86)\NVIDIA Corporation\PhysX\Common;C:\Program Files\NVIDIA Corporation\NVIDIA NvDLISR;C:\Program Files\Git\cmd;C:\Program Files (x86)\nodejs\;C:\Program Files\dotnet\;C:\Program Files\Microsoft SQL Server\130\Tools\Binn\;C:\Program Files\Microsoft SQL Server\Client SDK\ODBC\170\Tools\Binn\;C:\Program Files\MongoDB\Server\5.0\bin;C:\Users\User\Downloads\mongodb-database-tools-windows-x86_64-100.5.2\mongodb-database-tools-windows-x86_64-100.5.2\bin;C:\Program Files\TortoiseSVN\bin;C:\Program Files (x86)\Tencent\??web?????\dll;D:\work\mysql_community_server\mysql-8.0.29-winx64\mysql-8.0.29-winx64\bin;D:\work\java\maven\apache-maven-3.8.6-bin\apache-maven-3.8.6\bin;D:\work\java\apache-tomcat-9.0.64-windows-x64\apache-tomcat-9.0.64\bin;D:\work\java\apache-tomcat-9.0.64-windows-x64\apache-tomcat-9.0.64\lib;C:\Program Files\Microsoft SQL Server\120\Tools\Binn\;C:\Program Files (x86)\NetSarang\Xshell 7\;C:\Program Files (x86)\Java\jdk1.8\bin;D:\work\java\apache-maven-3.6.0-bin\apache-maven-3.6.0\bin;C:\ProgramData\chocolatey\bin;C:\Program Files\Docker\Docker\resources\bin;D:\redis\;C:\Users\User\AppData\Local\Programs\Python\Python310\Scripts\;C:\Users\User\AppData\Local\Programs\Python\Python310\;D:\work\anaconda;D:\work\anaconda\Library\mingw-w64\bin;D:\work\anaconda\Library\usr\bin;D:\work\anaconda\Library\bin;D:\work\anaconda\Scripts;C:\Program Files\MySQL\MySQL Shell 8.0\bin\;C:\Users\User\AppData\Local\Microsoft\WindowsApps;C:\Users\User\AppData\Local\Programs\Microsoft VS Code\bin;C:\Users\User\AppData\Roaming\npm;C:\Users\User\.dotnet\tools;D:\intellij_community\IntelliJ IDEA Community Edition 2022.2.5\bin;;C:\Program Files\PostgreSQL\15\bin;;.]
[wanxinp2p-gateway-server][${env:SERVER_PORT}] 2023-10-18 13:15:51,799 INFO [main][DirectJDKLog.java:173] - Initializing Spring embedded WebApplicationContext
[wanxinp2p-gateway-server][${env:SERVER_PORT}] 2023-10-18 13:15:51,799 INFO [main][ServletWebServerApplicationContext.java:296] - Root WebApplicationContext: initialization completed in 2146 ms
[wanxinp2p-gateway-server][${env:SERVER_PORT}] 2023-10-18 13:15:51,940 WARN [main][URLConfigurationSource.java:121] - No URLs will be polled as dynamic configuration sources.
[wanxinp2p-gateway-server][${env:SERVER_PORT}] 2023-10-18 13:15:51,941 INFO [main][URLConfigurationSource.java:122] - To enable URLs as dynamic configuration sources, define System property archaius.configurationSource.additionalUrls or make config.properties available on classpath.
[wanxinp2p-gateway-server][${env:SERVER_PORT}] 2023-10-18 13:15:51,961 INFO [main][DynamicPropertyFactory.java:281] - DynamicPropertyFactory is initialized with configuration sources: com.netflix.config.ConcurrentCompositeConfiguration@7b9668cf
[wanxinp2p-gateway-server][${env:SERVER_PORT}] 2023-10-18 13:15:53,238 WARN [main][URLConfigurationSource.java:121] - No URLs will be polled as dynamic configuration sources.
[wanxinp2p-gateway-server][${env:SERVER_PORT}] 2023-10-18 13:15:53,239 INFO [main][URLConfigurationSource.java:122] - To enable URLs as dynamic configuration sources, define System property archaius.configurationSource.additionalUrls or make config.properties available on classpath.
[wanxinp2p-gateway-server][${env:SERVER_PORT}] 2023-10-18 13:15:53,487 INFO [main][ExecutorConfigurationSupport.java:171] - Initializing ExecutorService 'applicationTaskExecutor'
[wanxinp2p-gateway-server][${env:SERVER_PORT}] 2023-10-18 13:15:54,650 INFO [main][ZuulFilterInitializer.java:65] - Starting filter initializer
[wanxinp2p-gateway-server][${env:SERVER_PORT}] 2023-10-18 13:15:54,689 INFO [main][EndpointLinksResolver.java:59] - Exposing 2 endpoint(s) beneath base path '/actuator'
[wanxinp2p-gateway-server][${env:SERVER_PORT}] 2023-10-18 13:15:54,766 INFO [main][InstanceInfoFactory.java:71] - Setting initial instance status as: STARTING
[wanxinp2p-gateway-server][${env:SERVER_PORT}] 2023-10-18 13:15:54,803 INFO [main][DiscoveryClient.java:349] - Initializing Eureka in region us-east-1
[wanxinp2p-gateway-server][${env:SERVER_PORT}] 2023-10-18 13:15:54,860 INFO [main][DiscoveryJerseyProvider.java:70] - Using JSON encoding codec LegacyJacksonJson
[wanxinp2p-gateway-server][${env:SERVER_PORT}] 2023-10-18 13:15:54,860 INFO [main][DiscoveryJerseyProvider.java:71] - Using JSON decoding codec LegacyJacksonJson
[wanxinp2p-gateway-server][${env:SERVER_PORT}] 2023-10-18 13:15:54,993 INFO [main][DiscoveryJerseyProvider.java:80] - Using XML encoding codec XStreamXml
[wanxinp2p-gateway-server][${env:SERVER_PORT}] 2023-10-18 13:15:54,993 INFO [main][DiscoveryJerseyProvider.java:81] - Using XML decoding codec XStreamXml
[wanxinp2p-gateway-server][${env:SERVER_PORT}] 2023-10-18 13:15:55,230 INFO [main][ConfigClusterResolver.java:43] - Resolving eureka endpoints via configuration
[wanxinp2p-gateway-server][${env:SERVER_PORT}] 2023-10-18 13:15:55,362 INFO [main][DiscoveryClient.java:958] - Disable delta property : false
[wanxinp2p-gateway-server][${env:SERVER_PORT}] 2023-10-18 13:15:55,362 INFO [main][DiscoveryClient.java:959] - Single vip registry refresh property : null
[wanxinp2p-gateway-server][${env:SERVER_PORT}] 2023-10-18 13:15:55,362 INFO [main][DiscoveryClient.java:960] - Force full registry fetch : false
[wanxinp2p-gateway-server][${env:SERVER_PORT}] 2023-10-18 13:15:55,363 INFO [main][DiscoveryClient.java:961] - Application is null : false
[wanxinp2p-gateway-server][${env:SERVER_PORT}] 2023-10-18 13:15:55,363 INFO [main][DiscoveryClient.java:962] - Registered Applications size is zero : true
[wanxinp2p-gateway-server][${env:SERVER_PORT}] 2023-10-18 13:15:55,363 INFO [main][DiscoveryClient.java:964] - Application version is -1: true
[wanxinp2p-gateway-server][${env:SERVER_PORT}] 2023-10-18 13:15:55,363 INFO [main][DiscoveryClient.java:1047] - Getting all instance registry info from the eureka server
[wanxinp2p-gateway-server][${env:SERVER_PORT}] 2023-10-18 13:15:55,505 INFO [main][DiscoveryClient.java:1056] - The response status is 200
[wanxinp2p-gateway-server][${env:SERVER_PORT}] 2023-10-18 13:15:55,509 INFO [main][DiscoveryClient.java:1270] - Starting heartbeat executor: renew interval is: 30
[wanxinp2p-gateway-server][${env:SERVER_PORT}] 2023-10-18 13:15:55,512 INFO [main][InstanceInfoReplicator.java:60] - InstanceInfoReplicator onDemand update allowed rate per min is 4
[wanxinp2p-gateway-server][${env:SERVER_PORT}] 2023-10-18 13:15:55,515 INFO [main][DiscoveryClient.java:449] - Discovery Client initialized at timestamp 1697606155514 with initial instances count: 2
[wanxinp2p-gateway-server][${env:SERVER_PORT}] 2023-10-18 13:15:55,517 INFO [main][EurekaServiceRegistry.java:42] - Registering application GATEWAY-SERVER with eureka with status UP
[wanxinp2p-gateway-server][${env:SERVER_PORT}] 2023-10-18 13:15:55,518 INFO [main][DiscoveryClient.java:1305] - Saw local status change event StatusChangeEvent [timestamp=1697606155518, current=UP, previous=STARTING]
[wanxinp2p-gateway-server][${env:SERVER_PORT}] 2023-10-18 13:15:55,520 INFO [DiscoveryClient-InstanceInfoReplicator-0][DiscoveryClient.java:826] - DiscoveryClient_GATEWAY-SERVER/gateway-server:192.168.1.8:53010: registering service...
[wanxinp2p-gateway-server][${env:SERVER_PORT}] 2023-10-18 13:15:55,540 INFO [main][DirectJDKLog.java:173] - Starting ProtocolHandler ["http-nio-53010"]
[wanxinp2p-gateway-server][${env:SERVER_PORT}] 2023-10-18 13:15:55,562 INFO [DiscoveryClient-InstanceInfoReplicator-0][DiscoveryClient.java:835] - DiscoveryClient_GATEWAY-SERVER/gateway-server:192.168.1.8:53010 - registration status: 204
[wanxinp2p-gateway-server][${env:SERVER_PORT}] 2023-10-18 13:15:55,572 INFO [main][TomcatWebServer.java:204] - Tomcat started on port(s): 53010 (http) with context path ''
[wanxinp2p-gateway-server][${env:SERVER_PORT}] 2023-10-18 13:15:55,575 INFO [main][EurekaAutoServiceRegistration.java:141] - Updating port to 53010
[wanxinp2p-gateway-server][${env:SERVER_PORT}] 2023-10-18 13:15:55,578 INFO [main][StartupInfoLogger.java:59] - Started GatewayServer in 16.854 seconds (JVM running for 27.907)
[wanxinp2p-gateway-server][${env:SERVER_PORT}] 2023-10-18 13:20:55,380 INFO [AsyncResolver-bootstrap-executor-0][ConfigClusterResolver.java:43] - Resolving eureka endpoints via configuration
[wanxinp2p-gateway-server][${env:SERVER_PORT}] 2023-10-18 13:25:55,394 INFO [AsyncResolver-bootstrap-executor-0][ConfigClusterResolver.java:43] - Resolving eureka endpoints via configuration
[wanxinp2p-gateway-server][${env:SERVER_PORT}] 2023-10-18 13:30:55,403 INFO [AsyncResolver-bootstrap-executor-0][ConfigClusterResolver.java:43] - Resolving eureka endpoints via configuration
[wanxinp2p-gateway-server][${env:SERVER_PORT}] 2023-10-18 13:33:52,109 WARN [Apollo-RemoteConfigLongPollService-1][RemoteConfigLongPollService.java:193] - Long polling failed, will retry in 1 seconds. appId: gateway-server, cluster: DEFAULT, namespaces: micro_service.spring-boot-redis+micro_service.spring-boot-http+application+micro_service.spring-ribbon+micro_service.spring-eureka+micro_service.spring-hystrix, long polling url: http://192.168.1.8:8080/notifications/v2?cluster=DEFAULT&appId=gateway-server&ip=192.168.1.8&notifications=%5B%7B%22namespaceName%22%3A%22application%22%2C%22notificationId%22%3A452%7D%2C%7B%22namespaceName%22%3A%22micro_service.spring-ribbon%22%2C%22notificationId%22%3A187%7D%2C%7B%22namespaceName%22%3A%22micro_service.spring-boot-redis%22%2C%22notificationId%22%3A10%7D%2C%7B%22namespaceName%22%3A%22micro_service.spring-eureka%22%2C%22notificationId%22%3A431%7D%2C%7B%22namespaceName%22%3A%22micro_service.spring-hystrix%22%2C%22notificationId%22%3A5%7D%2C%7B%22namespaceName%22%3A%22micro_service.spring-boot-http%22%2C%22notificationId%22%3A399%7D%5D, reason: Could not complete get operation [Cause: connect timed out]
[wanxinp2p-gateway-server][${env:SERVER_PORT}] 2023-10-18 13:33:54,118 WARN [Apollo-RemoteConfigLongPollService-1][RemoteConfigLongPollService.java:193] - Long polling failed, will retry in 2 seconds. appId: gateway-server, cluster: DEFAULT, namespaces: micro_service.spring-boot-redis+micro_service.spring-boot-http+application+micro_service.spring-ribbon+micro_service.spring-eureka+micro_service.spring-hystrix, long polling url: http://192.168.1.8:8080/notifications/v2?cluster=DEFAULT&appId=gateway-server&ip=192.168.1.8&notifications=%5B%7B%22namespaceName%22%3A%22application%22%2C%22notificationId%22%3A452%7D%2C%7B%22namespaceName%22%3A%22micro_service.spring-ribbon%22%2C%22notificationId%22%3A187%7D%2C%7B%22namespaceName%22%3A%22micro_service.spring-boot-redis%22%2C%22notificationId%22%3A10%7D%2C%7B%22namespaceName%22%3A%22micro_service.spring-eureka%22%2C%22notificationId%22%3A431%7D%2C%7B%22namespaceName%22%3A%22micro_service.spring-hystrix%22%2C%22notificationId%22%3A5%7D%2C%7B%22namespaceName%22%3A%22micro_service.spring-boot-http%22%2C%22notificationId%22%3A399%7D%5D, reason: Could not complete get operation [Cause: connect timed out]
[wanxinp2p-gateway-server][${env:SERVER_PORT}] 2023-10-18 13:33:57,136 WARN [Apollo-RemoteConfigLongPollService-1][RemoteConfigLongPollService.java:193] - Long polling failed, will retry in 4 seconds. appId: gateway-server, cluster: DEFAULT, namespaces: micro_service.spring-boot-redis+micro_service.spring-boot-http+application+micro_service.spring-ribbon+micro_service.spring-eureka+micro_service.spring-hystrix, long polling url: http://192.168.1.8:8080/notifications/v2?cluster=DEFAULT&appId=gateway-server&ip=192.168.1.8&notifications=%5B%7B%22namespaceName%22%3A%22application%22%2C%22notificationId%22%3A452%7D%2C%7B%22namespaceName%22%3A%22micro_service.spring-ribbon%22%2C%22notificationId%22%3A187%7D%2C%7B%22namespaceName%22%3A%22micro_service.spring-boot-redis%22%2C%22notificationId%22%3A10%7D%2C%7B%22namespaceName%22%3A%22micro_service.spring-eureka%22%2C%22notificationId%22%3A431%7D%2C%7B%22namespaceName%22%3A%22micro_service.spring-hystrix%22%2C%22notificationId%22%3A5%7D%2C%7B%22namespaceName%22%3A%22micro_service.spring-boot-http%22%2C%22notificationId%22%3A399%7D%5D, reason: Could not complete get operation [Cause: connect timed out]
[wanxinp2p-gateway-server][${env:SERVER_PORT}] 2023-10-18 13:34:02,154 WARN [Apollo-RemoteConfigLongPollService-1][RemoteConfigLongPollService.java:193] - Long polling failed, will retry in 8 seconds. appId: gateway-server, cluster: DEFAULT, namespaces: micro_service.spring-boot-redis+micro_service.spring-boot-http+application+micro_service.spring-ribbon+micro_service.spring-eureka+micro_service.spring-hystrix, long polling url: http://192.168.1.8:8080/notifications/v2?cluster=DEFAULT&appId=gateway-server&ip=192.168.1.8&notifications=%5B%7B%22namespaceName%22%3A%22application%22%2C%22notificationId%22%3A452%7D%2C%7B%22namespaceName%22%3A%22micro_service.spring-ribbon%22%2C%22notificationId%22%3A187%7D%2C%7B%22namespaceName%22%3A%22micro_service.spring-boot-redis%22%2C%22notificationId%22%3A10%7D%2C%7B%22namespaceName%22%3A%22micro_service.spring-eureka%22%2C%22notificationId%22%3A431%7D%2C%7B%22namespaceName%22%3A%22micro_service.spring-hystrix%22%2C%22notificationId%22%3A5%7D%2C%7B%22namespaceName%22%3A%22micro_service.spring-boot-http%22%2C%22notificationId%22%3A399%7D%5D, reason: Could not complete get operation [Cause: connect timed out]
[wanxinp2p-gateway-server][${env:SERVER_PORT}] 2023-10-18 13:34:11,166 WARN [Apollo-RemoteConfigLongPollService-1][RemoteConfigLongPollService.java:193] - Long polling failed, will retry in 16 seconds. appId: gateway-server, cluster: DEFAULT, namespaces: micro_service.spring-boot-redis+micro_service.spring-boot-http+application+micro_service.spring-ribbon+micro_service.spring-eureka+micro_service.spring-hystrix, long polling url: http://192.168.1.8:8080/notifications/v2?cluster=DEFAULT&appId=gateway-server&ip=192.168.1.8&notifications=%5B%7B%22namespaceName%22%3A%22application%22%2C%22notificationId%22%3A452%7D%2C%7B%22namespaceName%22%3A%22micro_service.spring-ribbon%22%2C%22notificationId%22%3A187%7D%2C%7B%22namespaceName%22%3A%22micro_service.spring-boot-redis%22%2C%22notificationId%22%3A10%7D%2C%7B%22namespaceName%22%3A%22micro_service.spring-eureka%22%2C%22notificationId%22%3A431%7D%2C%7B%22namespaceName%22%3A%22micro_service.spring-hystrix%22%2C%22notificationId%22%3A5%7D%2C%7B%22namespaceName%22%3A%22micro_service.spring-boot-http%22%2C%22notificationId%22%3A399%7D%5D, reason: Could not complete get operation [Cause: connect timed out]
[wanxinp2p-gateway-server][${env:SERVER_PORT}] 2023-10-18 13:34:28,185 WARN [Apollo-RemoteConfigLongPollService-1][RemoteConfigLongPollService.java:193] - Long polling failed, will retry in 32 seconds. appId: gateway-server, cluster: DEFAULT, namespaces: micro_service.spring-boot-redis+micro_service.spring-boot-http+application+micro_service.spring-ribbon+micro_service.spring-eureka+micro_service.spring-hystrix, long polling url: http://192.168.1.8:8080/notifications/v2?cluster=DEFAULT&appId=gateway-server&ip=192.168.1.8&notifications=%5B%7B%22namespaceName%22%3A%22application%22%2C%22notificationId%22%3A452%7D%2C%7B%22namespaceName%22%3A%22micro_service.spring-ribbon%22%2C%22notificationId%22%3A187%7D%2C%7B%22namespaceName%22%3A%22micro_service.spring-boot-redis%22%2C%22notificationId%22%3A10%7D%2C%7B%22namespaceName%22%3A%22micro_service.spring-eureka%22%2C%22notificationId%22%3A431%7D%2C%7B%22namespaceName%22%3A%22micro_service.spring-hystrix%22%2C%22notificationId%22%3A5%7D%2C%7B%22namespaceName%22%3A%22micro_service.spring-boot-http%22%2C%22notificationId%22%3A399%7D%5D, reason: Could not complete get operation [Cause: connect timed out]
[wanxinp2p-gateway-server][${env:SERVER_PORT}] 2023-10-18 13:35:30,586 ERROR [DiscoveryClient-HeartbeatExecutor-0][RedirectingEurekaHttpClient.java:91] - Request execution error. endpoint=DefaultEndpoint{ serviceUrl='http://localhost:53000/eureka/}
com.sun.jersey.api.client.ClientHandlerException: java.net.ConnectException: Connection refused: connect
	at com.sun.jersey.client.apache4.ApacheHttpClient4Handler.handle(ApacheHttpClient4Handler.java:187)
	at com.sun.jersey.api.client.filter.GZIPContentEncodingFilter.handle(GZIPContentEncodingFilter.java:123)
	at com.netflix.discovery.EurekaIdentityHeaderFilter.handle(EurekaIdentityHeaderFilter.java:27)
	at com.sun.jersey.api.client.Client.handle(Client.java:652)
	at com.sun.jersey.api.client.WebResource.handle(WebResource.java:682)
	at com.sun.jersey.api.client.WebResource.access$200(WebResource.java:74)
	at com.sun.jersey.api.client.WebResource$Builder.put(WebResource.java:529)
	at com.netflix.discovery.shared.transport.jersey.AbstractJerseyEurekaHttpClient.sendHeartBeat(AbstractJerseyEurekaHttpClient.java:102)
	at com.netflix.discovery.shared.transport.decorator.EurekaHttpClientDecorator$3.execute(EurekaHttpClientDecorator.java:92)
	at com.netflix.discovery.shared.transport.decorator.MetricsCollectingEurekaHttpClient.execute(MetricsCollectingEurekaHttpClient.java:73)
	at com.netflix.discovery.shared.transport.decorator.EurekaHttpClientDecorator.sendHeartBeat(EurekaHttpClientDecorator.java:89)
	at com.netflix.discovery.shared.transport.decorator.EurekaHttpClientDecorator$3.execute(EurekaHttpClientDecorator.java:92)
	at com.netflix.discovery.shared.transport.decorator.RedirectingEurekaHttpClient.execute(RedirectingEurekaHttpClient.java:89)
	at com.netflix.discovery.shared.transport.decorator.EurekaHttpClientDecorator.sendHeartBeat(EurekaHttpClientDecorator.java:89)
	at com.netflix.discovery.shared.transport.decorator.EurekaHttpClientDecorator$3.execute(EurekaHttpClientDecorator.java:92)
	at com.netflix.discovery.shared.transport.decorator.RetryableEurekaHttpClient.execute(RetryableEurekaHttpClient.java:120)
	at com.netflix.discovery.shared.transport.decorator.EurekaHttpClientDecorator.sendHeartBeat(EurekaHttpClientDecorator.java:89)
	at com.netflix.discovery.shared.transport.decorator.EurekaHttpClientDecorator$3.execute(EurekaHttpClientDecorator.java:92)
	at com.netflix.discovery.shared.transport.decorator.SessionedEurekaHttpClient.execute(SessionedEurekaHttpClient.java:77)
	at com.netflix.discovery.shared.transport.decorator.EurekaHttpClientDecorator.sendHeartBeat(EurekaHttpClientDecorator.java:89)
	at com.netflix.discovery.DiscoveryClient.renew(DiscoveryClient.java:846)
	at com.netflix.discovery.DiscoveryClient$HeartbeatThread.run(DiscoveryClient.java:1405)
	at java.util.concurrent.Executors$RunnableAdapter.call(Executors.java:511)
	at java.util.concurrent.FutureTask.run(FutureTask.java:266)
	at java.util.concurrent.ThreadPoolExecutor.runWorker(ThreadPoolExecutor.java:1149)
	at java.util.concurrent.ThreadPoolExecutor$Worker.run(ThreadPoolExecutor.java:624)
	at java.lang.Thread.run(Thread.java:750)
Caused by: java.net.ConnectException: Connection refused: connect
	at java.net.DualStackPlainSocketImpl.waitForConnect(Native Method)
	at java.net.DualStackPlainSocketImpl.socketConnect(DualStackPlainSocketImpl.java:81)
	at java.net.AbstractPlainSocketImpl.doConnect(AbstractPlainSocketImpl.java:476)
	at java.net.AbstractPlainSocketImpl.connectToAddress(AbstractPlainSocketImpl.java:218)
	at java.net.AbstractPlainSocketImpl.connect(AbstractPlainSocketImpl.java:200)
	at java.net.PlainSocketImpl.connect(PlainSocketImpl.java:162)
	at java.net.SocksSocketImpl.connect(SocksSocketImpl.java:394)
	at java.net.Socket.connect(Socket.java:606)
	at org.apache.http.conn.scheme.PlainSocketFactory.connectSocket(PlainSocketFactory.java:121)
	at org.apache.http.impl.conn.DefaultClientConnectionOperator.openConnection(DefaultClientConnectionOperator.java:180)
	at org.apache.http.impl.conn.AbstractPoolEntry.open(AbstractPoolEntry.java:144)
	at org.apache.http.impl.conn.AbstractPooledConnAdapter.open(AbstractPooledConnAdapter.java:134)
	at org.apache.http.impl.client.DefaultRequestDirector.tryConnect(DefaultRequestDirector.java:605)
	at org.apache.http.impl.client.DefaultRequestDirector.execute(DefaultRequestDirector.java:440)
	at org.apache.http.impl.client.AbstractHttpClient.doExecute(AbstractHttpClient.java:835)
	at org.apache.http.impl.client.CloseableHttpClient.execute(CloseableHttpClient.java:118)
	at org.apache.http.impl.client.CloseableHttpClient.execute(CloseableHttpClient.java:56)
	at com.sun.jersey.client.apache4.ApacheHttpClient4Handler.handle(ApacheHttpClient4Handler.java:173)
	... 26 more
[wanxinp2p-gateway-server][${env:SERVER_PORT}] 2023-10-18 13:35:30,592 WARN [DiscoveryClient-HeartbeatExecutor-0][RetryableEurekaHttpClient.java:130] - Request execution failed with message: java.net.ConnectException: Connection refused: connect
[wanxinp2p-gateway-server][${env:SERVER_PORT}] 2023-10-18 13:35:30,618 ERROR [DiscoveryClient-CacheRefreshExecutor-0][RedirectingEurekaHttpClient.java:91] - Request execution error. endpoint=DefaultEndpoint{ serviceUrl='http://localhost:53000/eureka/}
com.sun.jersey.api.client.ClientHandlerException: java.net.ConnectException: Connection refused: connect
	at com.sun.jersey.client.apache4.ApacheHttpClient4Handler.handle(ApacheHttpClient4Handler.java:187)
	at com.sun.jersey.api.client.filter.GZIPContentEncodingFilter.handle(GZIPContentEncodingFilter.java:123)
	at com.netflix.discovery.EurekaIdentityHeaderFilter.handle(EurekaIdentityHeaderFilter.java:27)
	at com.sun.jersey.api.client.Client.handle(Client.java:652)
	at com.sun.jersey.api.client.WebResource.handle(WebResource.java:682)
	at com.sun.jersey.api.client.WebResource.access$200(WebResource.java:74)
	at com.sun.jersey.api.client.WebResource$Builder.get(WebResource.java:509)
	at com.netflix.discovery.shared.transport.jersey.AbstractJerseyEurekaHttpClient.getApplicationsInternal(AbstractJerseyEurekaHttpClient.java:194)
	at com.netflix.discovery.shared.transport.jersey.AbstractJerseyEurekaHttpClient.getDelta(AbstractJerseyEurekaHttpClient.java:170)
	at com.netflix.discovery.shared.transport.decorator.EurekaHttpClientDecorator$7.execute(EurekaHttpClientDecorator.java:152)
	at com.netflix.discovery.shared.transport.decorator.MetricsCollectingEurekaHttpClient.execute(MetricsCollectingEurekaHttpClient.java:73)
	at com.netflix.discovery.shared.transport.decorator.EurekaHttpClientDecorator.getDelta(EurekaHttpClientDecorator.java:149)
	at com.netflix.discovery.shared.transport.decorator.EurekaHttpClientDecorator$7.execute(EurekaHttpClientDecorator.java:152)
	at com.netflix.discovery.shared.transport.decorator.RedirectingEurekaHttpClient.execute(RedirectingEurekaHttpClient.java:89)
	at com.netflix.discovery.shared.transport.decorator.EurekaHttpClientDecorator.getDelta(EurekaHttpClientDecorator.java:149)
	at com.netflix.discovery.shared.transport.decorator.EurekaHttpClientDecorator$7.execute(EurekaHttpClientDecorator.java:152)
	at com.netflix.discovery.shared.transport.decorator.RetryableEurekaHttpClient.execute(RetryableEurekaHttpClient.java:120)
	at com.netflix.discovery.shared.transport.decorator.EurekaHttpClientDecorator.getDelta(EurekaHttpClientDecorator.java:149)
	at com.netflix.discovery.shared.transport.decorator.EurekaHttpClientDecorator$7.execute(EurekaHttpClientDecorator.java:152)
	at com.netflix.discovery.shared.transport.decorator.SessionedEurekaHttpClient.execute(SessionedEurekaHttpClient.java:77)
	at com.netflix.discovery.shared.transport.decorator.EurekaHttpClientDecorator.getDelta(EurekaHttpClientDecorator.java:149)
	at com.netflix.discovery.DiscoveryClient.getAndUpdateDelta(DiscoveryClient.java:1085)
	at com.netflix.discovery.DiscoveryClient.fetchRegistry(DiscoveryClient.java:967)
	at com.netflix.discovery.DiscoveryClient.refreshRegistry(DiscoveryClient.java:1479)
	at com.netflix.discovery.DiscoveryClient$CacheRefreshThread.run(DiscoveryClient.java:1446)
	at java.util.concurrent.Executors$RunnableAdapter.call(Executors.java:511)
	at java.util.concurrent.FutureTask.run(FutureTask.java:266)
	at java.util.concurrent.ThreadPoolExecutor.runWorker(ThreadPoolExecutor.java:1149)
	at java.util.concurrent.ThreadPoolExecutor$Worker.run(ThreadPoolExecutor.java:624)
	at java.lang.Thread.run(Thread.java:750)
Caused by: java.net.ConnectException: Connection refused: connect
	at java.net.DualStackPlainSocketImpl.waitForConnect(Native Method)
	at java.net.DualStackPlainSocketImpl.socketConnect(DualStackPlainSocketImpl.java:81)
	at java.net.AbstractPlainSocketImpl.doConnect(AbstractPlainSocketImpl.java:476)
	at java.net.AbstractPlainSocketImpl.connectToAddress(AbstractPlainSocketImpl.java:218)
	at java.net.AbstractPlainSocketImpl.connect(AbstractPlainSocketImpl.java:200)
	at java.net.PlainSocketImpl.connect(PlainSocketImpl.java:162)
	at java.net.SocksSocketImpl.connect(SocksSocketImpl.java:394)
	at java.net.Socket.connect(Socket.java:606)
	at org.apache.http.conn.scheme.PlainSocketFactory.connectSocket(PlainSocketFactory.java:121)
	at org.apache.http.impl.conn.DefaultClientConnectionOperator.openConnection(DefaultClientConnectionOperator.java:180)
	at org.apache.http.impl.conn.AbstractPoolEntry.open(AbstractPoolEntry.java:144)
	at org.apache.http.impl.conn.AbstractPooledConnAdapter.open(AbstractPooledConnAdapter.java:134)
	at org.apache.http.impl.client.DefaultRequestDirector.tryConnect(DefaultRequestDirector.java:605)
	at org.apache.http.impl.client.DefaultRequestDirector.execute(DefaultRequestDirector.java:440)
	at org.apache.http.impl.client.AbstractHttpClient.doExecute(AbstractHttpClient.java:835)
	at org.apache.http.impl.client.CloseableHttpClient.execute(CloseableHttpClient.java:118)
	at org.apache.http.impl.client.CloseableHttpClient.execute(CloseableHttpClient.java:56)
	at com.sun.jersey.client.apache4.ApacheHttpClient4Handler.handle(ApacheHttpClient4Handler.java:173)
	... 29 more
[wanxinp2p-gateway-server][${env:SERVER_PORT}] 2023-10-18 13:35:30,619 WARN [DiscoveryClient-CacheRefreshExecutor-0][RetryableEurekaHttpClient.java:130] - Request execution failed with message: java.net.ConnectException: Connection refused: connect
[wanxinp2p-gateway-server][${env:SERVER_PORT}] 2023-10-18 13:35:34,671 INFO [DiscoveryClient-HeartbeatExecutor-0][RetryableEurekaHttpClient.java:124] - Request execution succeeded on retry #1
[wanxinp2p-gateway-server][${env:SERVER_PORT}] 2023-10-18 13:35:34,671 INFO [DiscoveryClient-HeartbeatExecutor-0][DiscoveryClient.java:850] - DiscoveryClient_GATEWAY-SERVER/gateway-server:192.168.1.8:53010 - Re-registering apps/GATEWAY-SERVER
[wanxinp2p-gateway-server][${env:SERVER_PORT}] 2023-10-18 13:35:34,671 INFO [DiscoveryClient-HeartbeatExecutor-0][DiscoveryClient.java:826] - DiscoveryClient_GATEWAY-SERVER/gateway-server:192.168.1.8:53010: registering service...
[wanxinp2p-gateway-server][${env:SERVER_PORT}] 2023-10-18 13:35:34,711 INFO [DiscoveryClient-CacheRefreshExecutor-0][RetryableEurekaHttpClient.java:124] - Request execution succeeded on retry #1
[wanxinp2p-gateway-server][${env:SERVER_PORT}] 2023-10-18 13:35:34,780 INFO [DiscoveryClient-HeartbeatExecutor-0][DiscoveryClient.java:835] - DiscoveryClient_GATEWAY-SERVER/gateway-server:192.168.1.8:53010 - registration status: 204
[wanxinp2p-gateway-server][${env:SERVER_PORT}] 2023-10-18 13:35:55,413 INFO [AsyncResolver-bootstrap-executor-0][ConfigClusterResolver.java:43] - Resolving eureka endpoints via configuration
[wanxinp2p-gateway-server][${env:SERVER_PORT}] 2023-10-18 13:36:04,741 INFO [DiscoveryClient-CacheRefreshExecutor-0][DiscoveryClient.java:958] - Disable delta property : false
[wanxinp2p-gateway-server][${env:SERVER_PORT}] 2023-10-18 13:36:04,741 INFO [DiscoveryClient-CacheRefreshExecutor-0][DiscoveryClient.java:959] - Single vip registry refresh property : null
[wanxinp2p-gateway-server][${env:SERVER_PORT}] 2023-10-18 13:36:04,741 INFO [DiscoveryClient-CacheRefreshExecutor-0][DiscoveryClient.java:960] - Force full registry fetch : false
[wanxinp2p-gateway-server][${env:SERVER_PORT}] 2023-10-18 13:36:04,741 INFO [DiscoveryClient-CacheRefreshExecutor-0][DiscoveryClient.java:961] - Application is null : false
[wanxinp2p-gateway-server][${env:SERVER_PORT}] 2023-10-18 13:36:04,741 INFO [DiscoveryClient-CacheRefreshExecutor-0][DiscoveryClient.java:962] - Registered Applications size is zero : true
[wanxinp2p-gateway-server][${env:SERVER_PORT}] 2023-10-18 13:36:04,741 INFO [DiscoveryClient-CacheRefreshExecutor-0][DiscoveryClient.java:964] - Application version is -1: false
[wanxinp2p-gateway-server][${env:SERVER_PORT}] 2023-10-18 13:36:04,742 INFO [DiscoveryClient-CacheRefreshExecutor-0][DiscoveryClient.java:1047] - Getting all instance registry info from the eureka server
[wanxinp2p-gateway-server][${env:SERVER_PORT}] 2023-10-18 13:36:04,760 INFO [DiscoveryClient-CacheRefreshExecutor-0][DiscoveryClient.java:1056] - The response status is 200
[wanxinp2p-gateway-server][${env:SERVER_PORT}] 2023-10-18 13:36:56,081 INFO [http-nio-53010-exec-2][DirectJDKLog.java:173] - Initializing Spring DispatcherServlet 'dispatcherServlet'
[wanxinp2p-gateway-server][${env:SERVER_PORT}] 2023-10-18 13:36:56,081 INFO [http-nio-53010-exec-2][FrameworkServlet.java:524] - Initializing Servlet 'dispatcherServlet'
[wanxinp2p-gateway-server][${env:SERVER_PORT}] 2023-10-18 13:36:56,095 INFO [http-nio-53010-exec-2][FrameworkServlet.java:546] - Completed initialization in 14 ms
[wanxinp2p-gateway-server][${env:SERVER_PORT}] 2023-10-18 13:38:00,260 INFO [Thread-10][EurekaServiceRegistry.java:65] - Unregistering application GATEWAY-SERVER with eureka with status DOWN
[wanxinp2p-gateway-server][${env:SERVER_PORT}] 2023-10-18 13:38:00,260 WARN [Thread-10][DiscoveryClient.java:1303] - Saw local status change event StatusChangeEvent [timestamp=1697607480260, current=DOWN, previous=UP]
[wanxinp2p-gateway-server][${env:SERVER_PORT}] 2023-10-18 13:38:00,260 INFO [DiscoveryClient-InstanceInfoReplicator-0][DiscoveryClient.java:826] - DiscoveryClient_GATEWAY-SERVER/gateway-server:192.168.1.8:53010: registering service...
[wanxinp2p-gateway-server][${env:SERVER_PORT}] 2023-10-18 13:38:00,263 INFO [Thread-10][ZuulFilterInitializer.java:77] - Stopping filter initializer
[wanxinp2p-gateway-server][${env:SERVER_PORT}] 2023-10-18 13:38:00,265 INFO [Thread-10][ExecutorConfigurationSupport.java:208] - Shutting down ExecutorService 'applicationTaskExecutor'
[wanxinp2p-gateway-server][${env:SERVER_PORT}] 2023-10-18 13:38:00,271 INFO [DiscoveryClient-InstanceInfoReplicator-0][DiscoveryClient.java:835] - DiscoveryClient_GATEWAY-SERVER/gateway-server:192.168.1.8:53010 - registration status: 204
[wanxinp2p-gateway-server][${env:SERVER_PORT}] 2023-10-18 13:38:00,295 INFO [Thread-10][DiscoveryClient.java:888] - Shutting down DiscoveryClient ...
[wanxinp2p-gateway-server][${env:SERVER_PORT}] 2023-10-18 13:38:03,302 INFO [Thread-10][DiscoveryClient.java:922] - Unregistering ...
[wanxinp2p-gateway-server][${env:SERVER_PORT}] 2023-10-18 13:38:03,321 INFO [Thread-10][DiscoveryClient.java:924] - DiscoveryClient_GATEWAY-SERVER/gateway-server:192.168.1.8:53010 - deregister  status: 200
[wanxinp2p-gateway-server][${env:SERVER_PORT}] 2023-10-18 13:38:03,327 INFO [Thread-10][DiscoveryClient.java:911] - Completed shut down of DiscoveryClient
