[wanxinp2p-discover-server][${env:SERVER_PORT}] 2023-10-08 21:19:02,008 WARN [http-nio-53000-exec-2][AbstractInstanceRegistry.java:353] - DS: Registry: lease doesn't exist, registering resource: GATEWAY-SERVER - gateway-server:192.168.86.1:53010
[wanxinp2p-discover-server][${env:SERVER_PORT}] 2023-10-08 21:19:02,009 WARN [http-nio-53000-exec-2][InstanceResource.java:116] - Not Found (Renew): GATEWAY-SERVER - gateway-server:192.168.86.1:53010
[wanxinp2p-discover-server][${env:SERVER_PORT}] 2023-10-08 21:19:02,034 INFO [http-nio-53000-exec-5][AbstractInstanceRegistry.java:266] - Registered instance GATEWAY-SERVER/gateway-server:192.168.86.1:53010 with status UP (replication=false)
[wanxinp2p-discover-server][${env:SERVER_PORT}] 2023-10-08 21:19:02,549 INFO [http-nio-53000-exec-7][AbstractInstanceRegistry.java:266] - Registered instance GATEWAY-SERVER/gateway-server:192.168.86.1:53010 with status UP (replication=true)
[wanxinp2p-discover-server][${env:SERVER_PORT}] 2023-10-08 21:20:06,528 INFO [Eureka-EvictionTimer][AbstractInstanceRegistry.java:1250] - Running the evict task with compensationTime 8321493ms
[wanxinp2p-discover-server][${env:SERVER_PORT}] 2023-10-08 21:20:06,528 INFO [Eureka-EvictionTimer][AbstractInstanceRegistry.java:611] - Evicting 1 items (expired=1, evictionLimit=1)
[wanxinp2p-discover-server][${env:SERVER_PORT}] 2023-10-08 21:20:06,528 WARN [Eureka-EvictionTimer][AbstractInstanceRegistry.java:623] - DS: Registry: expired lease for ACCOUNT-SERVICE/account-service:192.168.1.8:53030
[wanxinp2p-discover-server][${env:SERVER_PORT}] 2023-10-08 21:20:06,528 INFO [Eureka-EvictionTimer][AbstractInstanceRegistry.java:330] - Cancelled instance ACCOUNT-SERVICE/account-service:192.168.1.8:53030 (replication=false)
[wanxinp2p-discover-server][${env:SERVER_PORT}] 2023-10-08 21:20:16,543 INFO [Eureka-EvictionTimer][AbstractInstanceRegistry.java:1250] - Running the evict task with compensationTime 15ms
[wanxinp2p-discover-server][${env:SERVER_PORT}] 2023-10-08 21:20:16,543 INFO [Eureka-EvictionTimer][AbstractInstanceRegistry.java:611] - Evicting 1 items (expired=1, evictionLimit=1)
[wanxinp2p-discover-server][${env:SERVER_PORT}] 2023-10-08 21:20:16,543 WARN [Eureka-EvictionTimer][AbstractInstanceRegistry.java:623] - DS: Registry: expired lease for CONSUMER-SERVICE/consumer-service:192.168.86.1:53050
[wanxinp2p-discover-server][${env:SERVER_PORT}] 2023-10-08 21:20:16,543 INFO [Eureka-EvictionTimer][AbstractInstanceRegistry.java:330] - Cancelled instance CONSUMER-SERVICE/consumer-service:192.168.86.1:53050 (replication=false)
[wanxinp2p-discover-server][${env:SERVER_PORT}] 2023-10-08 21:20:18,976 WARN [http-nio-53000-exec-4][AbstractInstanceRegistry.java:353] - DS: Registry: lease doesn't exist, registering resource: ACCOUNT-SERVICE - account-service:192.168.1.8:53030
[wanxinp2p-discover-server][${env:SERVER_PORT}] 2023-10-08 21:20:18,977 WARN [http-nio-53000-exec-4][InstanceResource.java:116] - Not Found (Renew): ACCOUNT-SERVICE - account-service:192.168.1.8:53030
[wanxinp2p-discover-server][${env:SERVER_PORT}] 2023-10-08 21:20:18,994 INFO [http-nio-53000-exec-3][AbstractInstanceRegistry.java:266] - Registered instance ACCOUNT-SERVICE/account-service:192.168.1.8:53030 with status UP (replication=false)
[wanxinp2p-discover-server][${env:SERVER_PORT}] 2023-10-08 21:20:19,498 INFO [http-nio-53000-exec-9][AbstractInstanceRegistry.java:266] - Registered instance ACCOUNT-SERVICE/account-service:192.168.1.8:53030 with status UP (replication=true)
[wanxinp2p-discover-server][${env:SERVER_PORT}] 2023-10-08 21:20:23,364 WARN [http-nio-53000-exec-2][AbstractInstanceRegistry.java:353] - DS: Registry: lease doesn't exist, registering resource: CONSUMER-SERVICE - consumer-service:192.168.86.1:53050
[wanxinp2p-discover-server][${env:SERVER_PORT}] 2023-10-08 21:20:23,364 WARN [http-nio-53000-exec-2][InstanceResource.java:116] - Not Found (Renew): CONSUMER-SERVICE - consumer-service:192.168.86.1:53050
[wanxinp2p-discover-server][${env:SERVER_PORT}] 2023-10-08 21:20:23,384 INFO [http-nio-53000-exec-7][AbstractInstanceRegistry.java:266] - Registered instance CONSUMER-SERVICE/consumer-service:192.168.86.1:53050 with status UP (replication=false)
[wanxinp2p-discover-server][${env:SERVER_PORT}] 2023-10-08 21:20:23,902 INFO [http-nio-53000-exec-1][AbstractInstanceRegistry.java:266] - Registered instance CONSUMER-SERVICE/consumer-service:192.168.86.1:53050 with status UP (replication=true)
[wanxinp2p-discover-server][${env:SERVER_PORT}] 2023-10-08 21:20:26,551 INFO [Eureka-EvictionTimer][AbstractInstanceRegistry.java:1250] - Running the evict task with compensationTime 7ms
[wanxinp2p-discover-server][${env:SERVER_PORT}] 2023-10-08 21:20:36,553 INFO [Eureka-EvictionTimer][AbstractInstanceRegistry.java:1250] - Running the evict task with compensationTime 2ms
[wanxinp2p-discover-server][${env:SERVER_PORT}] 2023-10-08 21:20:46,559 INFO [Eureka-EvictionTimer][AbstractInstanceRegistry.java:1250] - Running the evict task with compensationTime 5ms
[wanxinp2p-discover-server][${env:SERVER_PORT}] 2023-10-08 21:20:56,566 INFO [Eureka-EvictionTimer][AbstractInstanceRegistry.java:1250] - Running the evict task with compensationTime 6ms
[wanxinp2p-discover-server][${env:SERVER_PORT}] 2023-10-08 21:21:06,580 INFO [Eureka-EvictionTimer][AbstractInstanceRegistry.java:1250] - Running the evict task with compensationTime 14ms
[wanxinp2p-discover-server][${env:SERVER_PORT}] 2023-10-08 21:21:16,592 INFO [Eureka-EvictionTimer][AbstractInstanceRegistry.java:1250] - Running the evict task with compensationTime 12ms
[wanxinp2p-discover-server][${env:SERVER_PORT}] 2023-10-08 21:21:26,604 INFO [Eureka-EvictionTimer][AbstractInstanceRegistry.java:1250] - Running the evict task with compensationTime 11ms
[wanxinp2p-discover-server][${env:SERVER_PORT}] 2023-10-08 21:21:36,610 INFO [Eureka-EvictionTimer][AbstractInstanceRegistry.java:1250] - Running the evict task with compensationTime 5ms
[wanxinp2p-discover-server][${env:SERVER_PORT}] 2023-10-08 21:21:46,623 INFO [Eureka-EvictionTimer][AbstractInstanceRegistry.java:1250] - Running the evict task with compensationTime 12ms
[wanxinp2p-discover-server][${env:SERVER_PORT}] 2023-10-08 21:21:56,630 INFO [Eureka-EvictionTimer][AbstractInstanceRegistry.java:1250] - Running the evict task with compensationTime 7ms
[wanxinp2p-discover-server][${env:SERVER_PORT}] 2023-10-08 21:22:06,641 INFO [Eureka-EvictionTimer][AbstractInstanceRegistry.java:1250] - Running the evict task with compensationTime 11ms
[wanxinp2p-discover-server][${env:SERVER_PORT}] 2023-10-08 21:22:16,650 INFO [Eureka-EvictionTimer][AbstractInstanceRegistry.java:1250] - Running the evict task with compensationTime 8ms
[wanxinp2p-discover-server][${env:SERVER_PORT}] 2023-10-08 21:22:26,664 INFO [Eureka-EvictionTimer][AbstractInstanceRegistry.java:1250] - Running the evict task with compensationTime 13ms
[wanxinp2p-discover-server][${env:SERVER_PORT}] 2023-10-08 21:22:36,676 INFO [Eureka-EvictionTimer][AbstractInstanceRegistry.java:1250] - Running the evict task with compensationTime 12ms
[wanxinp2p-discover-server][${env:SERVER_PORT}] 2023-10-08 21:22:46,687 INFO [Eureka-EvictionTimer][AbstractInstanceRegistry.java:1250] - Running the evict task with compensationTime 10ms
[wanxinp2p-discover-server][${env:SERVER_PORT}] 2023-10-08 21:22:56,692 INFO [Eureka-EvictionTimer][AbstractInstanceRegistry.java:1250] - Running the evict task with compensationTime 4ms
[wanxinp2p-discover-server][${env:SERVER_PORT}] 2023-10-08 21:23:06,699 INFO [Eureka-EvictionTimer][AbstractInstanceRegistry.java:1250] - Running the evict task with compensationTime 7ms
[wanxinp2p-discover-server][${env:SERVER_PORT}] 2023-10-08 21:23:16,704 INFO [Eureka-EvictionTimer][AbstractInstanceRegistry.java:1250] - Running the evict task with compensationTime 4ms
[wanxinp2p-discover-server][${env:SERVER_PORT}] 2023-10-08 21:23:26,704 INFO [Eureka-EvictionTimer][AbstractInstanceRegistry.java:1250] - Running the evict task with compensationTime 0ms
[wanxinp2p-discover-server][${env:SERVER_PORT}] 2023-10-08 21:23:36,710 INFO [Eureka-EvictionTimer][AbstractInstanceRegistry.java:1250] - Running the evict task with compensationTime 5ms
[wanxinp2p-discover-server][${env:SERVER_PORT}] 2023-10-08 21:23:46,713 INFO [Eureka-EvictionTimer][AbstractInstanceRegistry.java:1250] - Running the evict task with compensationTime 3ms
[wanxinp2p-discover-server][${env:SERVER_PORT}] 2023-10-08 21:23:56,714 INFO [Eureka-EvictionTimer][AbstractInstanceRegistry.java:1250] - Running the evict task with compensationTime 0ms
[wanxinp2p-discover-server][${env:SERVER_PORT}] 2023-10-08 21:24:06,725 INFO [Eureka-EvictionTimer][AbstractInstanceRegistry.java:1250] - Running the evict task with compensationTime 10ms
[wanxinp2p-discover-server][${env:SERVER_PORT}] 2023-10-08 21:24:16,731 INFO [Eureka-EvictionTimer][AbstractInstanceRegistry.java:1250] - Running the evict task with compensationTime 5ms
[wanxinp2p-discover-server][${env:SERVER_PORT}] 2023-10-08 21:24:26,731 INFO [Eureka-EvictionTimer][AbstractInstanceRegistry.java:1250] - Running the evict task with compensationTime 0ms
[wanxinp2p-discover-server][${env:SERVER_PORT}] 2023-10-08 21:24:36,741 INFO [Eureka-EvictionTimer][AbstractInstanceRegistry.java:1250] - Running the evict task with compensationTime 10ms
[wanxinp2p-discover-server][${env:SERVER_PORT}] 2023-10-08 21:24:46,753 INFO [Eureka-EvictionTimer][AbstractInstanceRegistry.java:1250] - Running the evict task with compensationTime 11ms
[wanxinp2p-discover-server][${env:SERVER_PORT}] 2023-10-08 21:24:56,759 INFO [Eureka-EvictionTimer][AbstractInstanceRegistry.java:1250] - Running the evict task with compensationTime 5ms
[wanxinp2p-discover-server][${env:SERVER_PORT}] 2023-10-08 21:25:06,771 INFO [Eureka-EvictionTimer][AbstractInstanceRegistry.java:1250] - Running the evict task with compensationTime 12ms
[wanxinp2p-discover-server][${env:SERVER_PORT}] 2023-10-08 21:25:16,782 INFO [Eureka-EvictionTimer][AbstractInstanceRegistry.java:1250] - Running the evict task with compensationTime 10ms
[wanxinp2p-discover-server][${env:SERVER_PORT}] 2023-10-08 21:25:19,415 INFO [ReplicaAwareInstanceRegistry - RenewalThresholdUpdater][PeerAwareInstanceRegistryImpl.java:539] - Current renewal threshold is : 0
[wanxinp2p-discover-server][${env:SERVER_PORT}] 2023-10-08 21:25:26,791 INFO [Eureka-EvictionTimer][AbstractInstanceRegistry.java:1250] - Running the evict task with compensationTime 8ms
[wanxinp2p-discover-server][${env:SERVER_PORT}] 2023-10-08 21:25:36,801 INFO [Eureka-EvictionTimer][AbstractInstanceRegistry.java:1250] - Running the evict task with compensationTime 10ms
[wanxinp2p-discover-server][${env:SERVER_PORT}] 2023-10-08 21:25:46,813 INFO [Eureka-EvictionTimer][AbstractInstanceRegistry.java:1250] - Running the evict task with compensationTime 12ms
[wanxinp2p-discover-server][${env:SERVER_PORT}] 2023-10-08 21:25:56,816 INFO [Eureka-EvictionTimer][AbstractInstanceRegistry.java:1250] - Running the evict task with compensationTime 2ms
[wanxinp2p-discover-server][${env:SERVER_PORT}] 2023-10-08 21:26:06,828 INFO [Eureka-EvictionTimer][AbstractInstanceRegistry.java:1250] - Running the evict task with compensationTime 11ms
[wanxinp2p-discover-server][${env:SERVER_PORT}] 2023-10-08 21:26:16,834 INFO [Eureka-EvictionTimer][AbstractInstanceRegistry.java:1250] - Running the evict task with compensationTime 6ms
[wanxinp2p-discover-server][${env:SERVER_PORT}] 2023-10-08 21:26:26,846 INFO [Eureka-EvictionTimer][AbstractInstanceRegistry.java:1250] - Running the evict task with compensationTime 11ms
[wanxinp2p-discover-server][${env:SERVER_PORT}] 2023-10-08 21:26:36,848 INFO [Eureka-EvictionTimer][AbstractInstanceRegistry.java:1250] - Running the evict task with compensationTime 1ms
[wanxinp2p-discover-server][${env:SERVER_PORT}] 2023-10-08 21:26:46,857 INFO [Eureka-EvictionTimer][AbstractInstanceRegistry.java:1250] - Running the evict task with compensationTime 8ms
[wanxinp2p-discover-server][${env:SERVER_PORT}] 2023-10-08 21:26:56,864 INFO [Eureka-EvictionTimer][AbstractInstanceRegistry.java:1250] - Running the evict task with compensationTime 6ms
[wanxinp2p-discover-server][${env:SERVER_PORT}] 2023-10-08 21:27:06,873 INFO [Eureka-EvictionTimer][AbstractInstanceRegistry.java:1250] - Running the evict task with compensationTime 9ms
[wanxinp2p-discover-server][${env:SERVER_PORT}] 2023-10-08 21:27:16,882 INFO [Eureka-EvictionTimer][AbstractInstanceRegistry.java:1250] - Running the evict task with compensationTime 8ms
[wanxinp2p-discover-server][${env:SERVER_PORT}] 2023-10-08 21:27:26,891 INFO [Eureka-EvictionTimer][AbstractInstanceRegistry.java:1250] - Running the evict task with compensationTime 9ms
[wanxinp2p-discover-server][${env:SERVER_PORT}] 2023-10-08 21:27:36,904 INFO [Eureka-EvictionTimer][AbstractInstanceRegistry.java:1250] - Running the evict task with compensationTime 13ms
[wanxinp2p-discover-server][${env:SERVER_PORT}] 2023-10-08 21:27:46,906 INFO [Eureka-EvictionTimer][AbstractInstanceRegistry.java:1250] - Running the evict task with compensationTime 1ms
[wanxinp2p-discover-server][${env:SERVER_PORT}] 2023-10-08 21:27:56,915 INFO [Eureka-EvictionTimer][AbstractInstanceRegistry.java:1250] - Running the evict task with compensationTime 8ms
[wanxinp2p-discover-server][${env:SERVER_PORT}] 2023-10-08 21:28:06,920 INFO [Eureka-EvictionTimer][AbstractInstanceRegistry.java:1250] - Running the evict task with compensationTime 5ms
[wanxinp2p-discover-server][${env:SERVER_PORT}] 2023-10-08 21:28:16,934 INFO [Eureka-EvictionTimer][AbstractInstanceRegistry.java:1250] - Running the evict task with compensationTime 13ms
[wanxinp2p-discover-server][${env:SERVER_PORT}] 2023-10-08 21:28:26,945 INFO [Eureka-EvictionTimer][AbstractInstanceRegistry.java:1250] - Running the evict task with compensationTime 11ms
[wanxinp2p-discover-server][${env:SERVER_PORT}] 2023-10-08 21:28:36,948 INFO [Eureka-EvictionTimer][AbstractInstanceRegistry.java:1250] - Running the evict task with compensationTime 3ms
[wanxinp2p-discover-server][${env:SERVER_PORT}] 2023-10-08 21:28:46,962 INFO [Eureka-EvictionTimer][AbstractInstanceRegistry.java:1250] - Running the evict task with compensationTime 14ms
[wanxinp2p-discover-server][${env:SERVER_PORT}] 2023-10-08 21:28:56,977 INFO [Eureka-EvictionTimer][AbstractInstanceRegistry.java:1250] - Running the evict task with compensationTime 14ms
[wanxinp2p-discover-server][${env:SERVER_PORT}] 2023-10-08 21:29:06,986 INFO [Eureka-EvictionTimer][AbstractInstanceRegistry.java:1250] - Running the evict task with compensationTime 8ms
[wanxinp2p-discover-server][${env:SERVER_PORT}] 2023-10-08 21:29:16,986 INFO [Eureka-EvictionTimer][AbstractInstanceRegistry.java:1250] - Running the evict task with compensationTime 0ms
[wanxinp2p-discover-server][${env:SERVER_PORT}] 2023-10-08 21:29:26,989 INFO [Eureka-EvictionTimer][AbstractInstanceRegistry.java:1250] - Running the evict task with compensationTime 2ms
[wanxinp2p-discover-server][${env:SERVER_PORT}] 2023-10-08 21:29:36,997 INFO [Eureka-EvictionTimer][AbstractInstanceRegistry.java:1250] - Running the evict task with compensationTime 7ms
[wanxinp2p-discover-server][${env:SERVER_PORT}] 2023-10-08 21:29:47,006 INFO [Eureka-EvictionTimer][AbstractInstanceRegistry.java:1250] - Running the evict task with compensationTime 8ms
[wanxinp2p-discover-server][${env:SERVER_PORT}] 2023-10-08 21:29:57,014 INFO [Eureka-EvictionTimer][AbstractInstanceRegistry.java:1250] - Running the evict task with compensationTime 8ms
[wanxinp2p-discover-server][${env:SERVER_PORT}] 2023-10-08 21:30:07,027 INFO [Eureka-EvictionTimer][AbstractInstanceRegistry.java:1250] - Running the evict task with compensationTime 12ms
[wanxinp2p-discover-server][${env:SERVER_PORT}] 2023-10-08 21:30:17,029 INFO [Eureka-EvictionTimer][AbstractInstanceRegistry.java:1250] - Running the evict task with compensationTime 2ms
[wanxinp2p-discover-server][${env:SERVER_PORT}] 2023-10-08 21:30:27,040 INFO [Eureka-EvictionTimer][AbstractInstanceRegistry.java:1250] - Running the evict task with compensationTime 10ms
[wanxinp2p-discover-server][${env:SERVER_PORT}] 2023-10-08 21:30:37,041 INFO [Eureka-EvictionTimer][AbstractInstanceRegistry.java:1250] - Running the evict task with compensationTime 1ms
[wanxinp2p-discover-server][${env:SERVER_PORT}] 2023-10-08 21:30:47,050 INFO [Eureka-EvictionTimer][AbstractInstanceRegistry.java:1250] - Running the evict task with compensationTime 9ms
[wanxinp2p-discover-server][${env:SERVER_PORT}] 2023-10-08 21:30:57,062 INFO [Eureka-EvictionTimer][AbstractInstanceRegistry.java:1250] - Running the evict task with compensationTime 12ms
[wanxinp2p-discover-server][${env:SERVER_PORT}] 2023-10-08 21:31:07,063 INFO [Eureka-EvictionTimer][AbstractInstanceRegistry.java:1250] - Running the evict task with compensationTime 0ms
[wanxinp2p-discover-server][${env:SERVER_PORT}] 2023-10-08 21:31:17,068 INFO [Eureka-EvictionTimer][AbstractInstanceRegistry.java:1250] - Running the evict task with compensationTime 4ms
[wanxinp2p-discover-server][${env:SERVER_PORT}] 2023-10-08 21:31:27,069 INFO [Eureka-EvictionTimer][AbstractInstanceRegistry.java:1250] - Running the evict task with compensationTime 1ms
[wanxinp2p-discover-server][${env:SERVER_PORT}] 2023-10-08 21:31:37,075 INFO [Eureka-EvictionTimer][AbstractInstanceRegistry.java:1250] - Running the evict task with compensationTime 5ms
[wanxinp2p-discover-server][${env:SERVER_PORT}] 2023-10-08 21:31:47,082 INFO [Eureka-EvictionTimer][AbstractInstanceRegistry.java:1250] - Running the evict task with compensationTime 6ms
[wanxinp2p-discover-server][${env:SERVER_PORT}] 2023-10-08 21:31:57,086 INFO [Eureka-EvictionTimer][AbstractInstanceRegistry.java:1250] - Running the evict task with compensationTime 4ms
[wanxinp2p-discover-server][${env:SERVER_PORT}] 2023-10-08 21:32:07,088 INFO [Eureka-EvictionTimer][AbstractInstanceRegistry.java:1250] - Running the evict task with compensationTime 2ms
[wanxinp2p-discover-server][${env:SERVER_PORT}] 2023-10-08 21:32:17,098 INFO [Eureka-EvictionTimer][AbstractInstanceRegistry.java:1250] - Running the evict task with compensationTime 9ms
[wanxinp2p-discover-server][${env:SERVER_PORT}] 2023-10-08 21:32:27,106 INFO [Eureka-EvictionTimer][AbstractInstanceRegistry.java:1250] - Running the evict task with compensationTime 7ms
[wanxinp2p-discover-server][${env:SERVER_PORT}] 2023-10-08 21:32:37,111 INFO [Eureka-EvictionTimer][AbstractInstanceRegistry.java:1250] - Running the evict task with compensationTime 5ms
[wanxinp2p-discover-server][${env:SERVER_PORT}] 2023-10-08 21:32:47,120 INFO [Eureka-EvictionTimer][AbstractInstanceRegistry.java:1250] - Running the evict task with compensationTime 9ms
[wanxinp2p-discover-server][${env:SERVER_PORT}] 2023-10-08 21:32:57,132 INFO [Eureka-EvictionTimer][AbstractInstanceRegistry.java:1250] - Running the evict task with compensationTime 11ms
[wanxinp2p-discover-server][${env:SERVER_PORT}] 2023-10-08 21:33:07,142 INFO [Eureka-EvictionTimer][AbstractInstanceRegistry.java:1250] - Running the evict task with compensationTime 9ms
[wanxinp2p-discover-server][${env:SERVER_PORT}] 2023-10-08 21:33:17,151 INFO [Eureka-EvictionTimer][AbstractInstanceRegistry.java:1250] - Running the evict task with compensationTime 9ms
[wanxinp2p-discover-server][${env:SERVER_PORT}] 2023-10-08 21:33:27,159 INFO [Eureka-EvictionTimer][AbstractInstanceRegistry.java:1250] - Running the evict task with compensationTime 8ms
[wanxinp2p-discover-server][${env:SERVER_PORT}] 2023-10-08 21:33:37,163 INFO [Eureka-EvictionTimer][AbstractInstanceRegistry.java:1250] - Running the evict task with compensationTime 3ms
[wanxinp2p-discover-server][${env:SERVER_PORT}] 2023-10-08 21:33:47,166 INFO [Eureka-EvictionTimer][AbstractInstanceRegistry.java:1250] - Running the evict task with compensationTime 3ms
[wanxinp2p-discover-server][${env:SERVER_PORT}] 2023-10-08 21:33:57,182 INFO [Eureka-EvictionTimer][AbstractInstanceRegistry.java:1250] - Running the evict task with compensationTime 15ms
[wanxinp2p-discover-server][${env:SERVER_PORT}] 2023-10-08 21:34:07,191 INFO [Eureka-EvictionTimer][AbstractInstanceRegistry.java:1250] - Running the evict task with compensationTime 8ms
[wanxinp2p-discover-server][${env:SERVER_PORT}] 2023-10-08 21:34:17,204 INFO [Eureka-EvictionTimer][AbstractInstanceRegistry.java:1250] - Running the evict task with compensationTime 13ms
[wanxinp2p-discover-server][${env:SERVER_PORT}] 2023-10-08 21:34:27,217 INFO [Eureka-EvictionTimer][AbstractInstanceRegistry.java:1250] - Running the evict task with compensationTime 13ms
[wanxinp2p-discover-server][${env:SERVER_PORT}] 2023-10-08 21:34:37,220 INFO [Eureka-EvictionTimer][AbstractInstanceRegistry.java:1250] - Running the evict task with compensationTime 3ms
[wanxinp2p-discover-server][${env:SERVER_PORT}] 2023-10-08 21:34:47,233 INFO [Eureka-EvictionTimer][AbstractInstanceRegistry.java:1250] - Running the evict task with compensationTime 12ms
[wanxinp2p-discover-server][${env:SERVER_PORT}] 2023-10-08 21:34:57,243 INFO [Eureka-EvictionTimer][AbstractInstanceRegistry.java:1250] - Running the evict task with compensationTime 10ms
[wanxinp2p-discover-server][${env:SERVER_PORT}] 2023-10-08 21:35:07,253 INFO [Eureka-EvictionTimer][AbstractInstanceRegistry.java:1250] - Running the evict task with compensationTime 10ms
[wanxinp2p-discover-server][${env:SERVER_PORT}] 2023-10-08 21:35:17,260 INFO [Eureka-EvictionTimer][AbstractInstanceRegistry.java:1250] - Running the evict task with compensationTime 5ms
[wanxinp2p-discover-server][${env:SERVER_PORT}] 2023-10-08 21:35:27,274 INFO [Eureka-EvictionTimer][AbstractInstanceRegistry.java:1250] - Running the evict task with compensationTime 15ms
[wanxinp2p-discover-server][${env:SERVER_PORT}] 2023-10-08 21:35:37,282 INFO [Eureka-EvictionTimer][AbstractInstanceRegistry.java:1250] - Running the evict task with compensationTime 6ms
[wanxinp2p-discover-server][${env:SERVER_PORT}] 2023-10-08 21:35:47,283 INFO [Eureka-EvictionTimer][AbstractInstanceRegistry.java:1250] - Running the evict task with compensationTime 1ms
[wanxinp2p-discover-server][${env:SERVER_PORT}] 2023-10-08 21:35:57,295 INFO [Eureka-EvictionTimer][AbstractInstanceRegistry.java:1250] - Running the evict task with compensationTime 11ms
[wanxinp2p-discover-server][${env:SERVER_PORT}] 2023-10-08 21:36:07,307 INFO [Eureka-EvictionTimer][AbstractInstanceRegistry.java:1250] - Running the evict task with compensationTime 12ms
[wanxinp2p-discover-server][${env:SERVER_PORT}] 2023-10-08 21:36:17,319 INFO [Eureka-EvictionTimer][AbstractInstanceRegistry.java:1250] - Running the evict task with compensationTime 11ms
[wanxinp2p-discover-server][${env:SERVER_PORT}] 2023-10-08 21:36:27,333 INFO [Eureka-EvictionTimer][AbstractInstanceRegistry.java:1250] - Running the evict task with compensationTime 13ms
[wanxinp2p-discover-server][${env:SERVER_PORT}] 2023-10-08 21:36:37,336 INFO [Eureka-EvictionTimer][AbstractInstanceRegistry.java:1250] - Running the evict task with compensationTime 3ms
[wanxinp2p-discover-server][${env:SERVER_PORT}] 2023-10-08 21:36:47,337 INFO [Eureka-EvictionTimer][AbstractInstanceRegistry.java:1250] - Running the evict task with compensationTime 0ms
[wanxinp2p-discover-server][${env:SERVER_PORT}] 2023-10-08 21:36:57,352 INFO [Eureka-EvictionTimer][AbstractInstanceRegistry.java:1250] - Running the evict task with compensationTime 15ms
[wanxinp2p-discover-server][${env:SERVER_PORT}] 2023-10-08 21:37:07,357 INFO [Eureka-EvictionTimer][AbstractInstanceRegistry.java:1250] - Running the evict task with compensationTime 5ms
[wanxinp2p-discover-server][${env:SERVER_PORT}] 2023-10-08 21:37:17,359 INFO [Eureka-EvictionTimer][AbstractInstanceRegistry.java:1250] - Running the evict task with compensationTime 1ms
[wanxinp2p-discover-server][${env:SERVER_PORT}] 2023-10-08 21:37:27,361 INFO [Eureka-EvictionTimer][AbstractInstanceRegistry.java:1250] - Running the evict task with compensationTime 2ms
[wanxinp2p-discover-server][${env:SERVER_PORT}] 2023-10-08 21:37:37,371 INFO [Eureka-EvictionTimer][AbstractInstanceRegistry.java:1250] - Running the evict task with compensationTime 10ms
[wanxinp2p-discover-server][${env:SERVER_PORT}] 2023-10-08 21:37:47,384 INFO [Eureka-EvictionTimer][AbstractInstanceRegistry.java:1250] - Running the evict task with compensationTime 13ms
[wanxinp2p-discover-server][${env:SERVER_PORT}] 2023-10-08 21:37:57,398 INFO [Eureka-EvictionTimer][AbstractInstanceRegistry.java:1250] - Running the evict task with compensationTime 13ms
[wanxinp2p-discover-server][${env:SERVER_PORT}] 2023-10-08 21:38:07,407 INFO [Eureka-EvictionTimer][AbstractInstanceRegistry.java:1250] - Running the evict task with compensationTime 8ms
[wanxinp2p-discover-server][${env:SERVER_PORT}] 2023-10-08 21:38:17,414 INFO [Eureka-EvictionTimer][AbstractInstanceRegistry.java:1250] - Running the evict task with compensationTime 7ms
[wanxinp2p-discover-server][${env:SERVER_PORT}] 2023-10-08 21:38:27,429 INFO [Eureka-EvictionTimer][AbstractInstanceRegistry.java:1250] - Running the evict task with compensationTime 14ms
[wanxinp2p-discover-server][${env:SERVER_PORT}] 2023-10-08 21:38:37,443 INFO [Eureka-EvictionTimer][AbstractInstanceRegistry.java:1250] - Running the evict task with compensationTime 13ms
[wanxinp2p-discover-server][${env:SERVER_PORT}] 2023-10-08 21:38:47,457 INFO [Eureka-EvictionTimer][AbstractInstanceRegistry.java:1250] - Running the evict task with compensationTime 14ms
[wanxinp2p-discover-server][${env:SERVER_PORT}] 2023-10-08 21:38:57,463 INFO [Eureka-EvictionTimer][AbstractInstanceRegistry.java:1250] - Running the evict task with compensationTime 5ms
[wanxinp2p-discover-server][${env:SERVER_PORT}] 2023-10-08 21:39:07,467 INFO [Eureka-EvictionTimer][AbstractInstanceRegistry.java:1250] - Running the evict task with compensationTime 4ms
[wanxinp2p-discover-server][${env:SERVER_PORT}] 2023-10-08 21:39:17,481 INFO [Eureka-EvictionTimer][AbstractInstanceRegistry.java:1250] - Running the evict task with compensationTime 13ms
[wanxinp2p-discover-server][${env:SERVER_PORT}] 2023-10-08 21:39:27,492 INFO [Eureka-EvictionTimer][AbstractInstanceRegistry.java:1250] - Running the evict task with compensationTime 11ms
[wanxinp2p-discover-server][${env:SERVER_PORT}] 2023-10-08 21:39:37,505 INFO [Eureka-EvictionTimer][AbstractInstanceRegistry.java:1250] - Running the evict task with compensationTime 12ms
[wanxinp2p-discover-server][${env:SERVER_PORT}] 2023-10-08 21:39:47,510 INFO [Eureka-EvictionTimer][AbstractInstanceRegistry.java:1250] - Running the evict task with compensationTime 4ms
[wanxinp2p-discover-server][${env:SERVER_PORT}] 2023-10-08 21:39:57,518 INFO [Eureka-EvictionTimer][AbstractInstanceRegistry.java:1250] - Running the evict task with compensationTime 8ms
[wanxinp2p-discover-server][${env:SERVER_PORT}] 2023-10-08 21:40:07,521 INFO [Eureka-EvictionTimer][AbstractInstanceRegistry.java:1250] - Running the evict task with compensationTime 3ms
[wanxinp2p-discover-server][${env:SERVER_PORT}] 2023-10-08 21:40:17,524 INFO [Eureka-EvictionTimer][AbstractInstanceRegistry.java:1250] - Running the evict task with compensationTime 3ms
[wanxinp2p-discover-server][${env:SERVER_PORT}] 2023-10-08 21:40:19,429 INFO [ReplicaAwareInstanceRegistry - RenewalThresholdUpdater][PeerAwareInstanceRegistryImpl.java:539] - Current renewal threshold is : 0
[wanxinp2p-discover-server][${env:SERVER_PORT}] 2023-10-08 21:40:27,539 INFO [Eureka-EvictionTimer][AbstractInstanceRegistry.java:1250] - Running the evict task with compensationTime 14ms
[wanxinp2p-discover-server][${env:SERVER_PORT}] 2023-10-08 21:40:37,545 INFO [Eureka-EvictionTimer][AbstractInstanceRegistry.java:1250] - Running the evict task with compensationTime 6ms
[wanxinp2p-discover-server][${env:SERVER_PORT}] 2023-10-08 21:40:47,557 INFO [Eureka-EvictionTimer][AbstractInstanceRegistry.java:1250] - Running the evict task with compensationTime 12ms
[wanxinp2p-discover-server][${env:SERVER_PORT}] 2023-10-08 21:40:57,559 INFO [Eureka-EvictionTimer][AbstractInstanceRegistry.java:1250] - Running the evict task with compensationTime 1ms
[wanxinp2p-discover-server][${env:SERVER_PORT}] 2023-10-08 21:41:07,571 INFO [Eureka-EvictionTimer][AbstractInstanceRegistry.java:1250] - Running the evict task with compensationTime 12ms
[wanxinp2p-discover-server][${env:SERVER_PORT}] 2023-10-08 21:41:17,572 INFO [Eureka-EvictionTimer][AbstractInstanceRegistry.java:1250] - Running the evict task with compensationTime 0ms
[wanxinp2p-discover-server][${env:SERVER_PORT}] 2023-10-08 21:41:27,575 INFO [Eureka-EvictionTimer][AbstractInstanceRegistry.java:1250] - Running the evict task with compensationTime 2ms
[wanxinp2p-discover-server][${env:SERVER_PORT}] 2023-10-08 21:41:37,586 INFO [Eureka-EvictionTimer][AbstractInstanceRegistry.java:1250] - Running the evict task with compensationTime 11ms
[wanxinp2p-discover-server][${env:SERVER_PORT}] 2023-10-08 21:41:47,601 INFO [Eureka-EvictionTimer][AbstractInstanceRegistry.java:1250] - Running the evict task with compensationTime 15ms
[wanxinp2p-discover-server][${env:SERVER_PORT}] 2023-10-08 21:41:57,604 INFO [Eureka-EvictionTimer][AbstractInstanceRegistry.java:1250] - Running the evict task with compensationTime 2ms
[wanxinp2p-discover-server][${env:SERVER_PORT}] 2023-10-08 21:42:07,614 INFO [Eureka-EvictionTimer][AbstractInstanceRegistry.java:1250] - Running the evict task with compensationTime 9ms
[wanxinp2p-discover-server][${env:SERVER_PORT}] 2023-10-08 21:42:17,625 INFO [Eureka-EvictionTimer][AbstractInstanceRegistry.java:1250] - Running the evict task with compensationTime 11ms
[wanxinp2p-discover-server][${env:SERVER_PORT}] 2023-10-08 21:42:27,635 INFO [Eureka-EvictionTimer][AbstractInstanceRegistry.java:1250] - Running the evict task with compensationTime 9ms
[wanxinp2p-discover-server][${env:SERVER_PORT}] 2023-10-08 21:42:37,643 INFO [Eureka-EvictionTimer][AbstractInstanceRegistry.java:1250] - Running the evict task with compensationTime 8ms
[wanxinp2p-discover-server][${env:SERVER_PORT}] 2023-10-08 21:42:47,656 INFO [Eureka-EvictionTimer][AbstractInstanceRegistry.java:1250] - Running the evict task with compensationTime 11ms
[wanxinp2p-discover-server][${env:SERVER_PORT}] 2023-10-08 21:42:57,664 INFO [Eureka-EvictionTimer][AbstractInstanceRegistry.java:1250] - Running the evict task with compensationTime 8ms
[wanxinp2p-discover-server][${env:SERVER_PORT}] 2023-10-08 21:43:07,668 INFO [Eureka-EvictionTimer][AbstractInstanceRegistry.java:1250] - Running the evict task with compensationTime 4ms
[wanxinp2p-discover-server][${env:SERVER_PORT}] 2023-10-08 21:43:17,670 INFO [Eureka-EvictionTimer][AbstractInstanceRegistry.java:1250] - Running the evict task with compensationTime 1ms
[wanxinp2p-discover-server][${env:SERVER_PORT}] 2023-10-08 21:43:27,682 INFO [Eureka-EvictionTimer][AbstractInstanceRegistry.java:1250] - Running the evict task with compensationTime 11ms
[wanxinp2p-discover-server][${env:SERVER_PORT}] 2023-10-08 21:43:37,697 INFO [Eureka-EvictionTimer][AbstractInstanceRegistry.java:1250] - Running the evict task with compensationTime 14ms
[wanxinp2p-discover-server][${env:SERVER_PORT}] 2023-10-08 21:43:47,704 INFO [Eureka-EvictionTimer][AbstractInstanceRegistry.java:1250] - Running the evict task with compensationTime 7ms
[wanxinp2p-discover-server][${env:SERVER_PORT}] 2023-10-08 21:43:57,708 INFO [Eureka-EvictionTimer][AbstractInstanceRegistry.java:1250] - Running the evict task with compensationTime 4ms
[wanxinp2p-discover-server][${env:SERVER_PORT}] 2023-10-08 21:44:07,719 INFO [Eureka-EvictionTimer][AbstractInstanceRegistry.java:1250] - Running the evict task with compensationTime 10ms
[wanxinp2p-discover-server][${env:SERVER_PORT}] 2023-10-08 21:44:17,724 INFO [Eureka-EvictionTimer][AbstractInstanceRegistry.java:1250] - Running the evict task with compensationTime 5ms
[wanxinp2p-discover-server][${env:SERVER_PORT}] 2023-10-08 21:44:27,737 INFO [Eureka-EvictionTimer][AbstractInstanceRegistry.java:1250] - Running the evict task with compensationTime 12ms
[wanxinp2p-discover-server][${env:SERVER_PORT}] 2023-10-08 21:44:37,751 INFO [Eureka-EvictionTimer][AbstractInstanceRegistry.java:1250] - Running the evict task with compensationTime 13ms
[wanxinp2p-discover-server][${env:SERVER_PORT}] 2023-10-08 21:44:47,759 INFO [Eureka-EvictionTimer][AbstractInstanceRegistry.java:1250] - Running the evict task with compensationTime 7ms
[wanxinp2p-discover-server][${env:SERVER_PORT}] 2023-10-08 21:44:57,769 INFO [Eureka-EvictionTimer][AbstractInstanceRegistry.java:1250] - Running the evict task with compensationTime 10ms
[wanxinp2p-discover-server][${env:SERVER_PORT}] 2023-10-08 21:45:07,784 INFO [Eureka-EvictionTimer][AbstractInstanceRegistry.java:1250] - Running the evict task with compensationTime 14ms
[wanxinp2p-discover-server][${env:SERVER_PORT}] 2023-10-08 21:45:17,799 INFO [Eureka-EvictionTimer][AbstractInstanceRegistry.java:1250] - Running the evict task with compensationTime 14ms
[wanxinp2p-discover-server][${env:SERVER_PORT}] 2023-10-08 21:45:27,813 INFO [Eureka-EvictionTimer][AbstractInstanceRegistry.java:1250] - Running the evict task with compensationTime 14ms
[wanxinp2p-discover-server][${env:SERVER_PORT}] 2023-10-08 21:45:37,820 INFO [Eureka-EvictionTimer][AbstractInstanceRegistry.java:1250] - Running the evict task with compensationTime 6ms
[wanxinp2p-discover-server][${env:SERVER_PORT}] 2023-10-08 21:45:47,834 INFO [Eureka-EvictionTimer][AbstractInstanceRegistry.java:1250] - Running the evict task with compensationTime 14ms
[wanxinp2p-discover-server][${env:SERVER_PORT}] 2023-10-08 21:45:57,845 INFO [Eureka-EvictionTimer][AbstractInstanceRegistry.java:1250] - Running the evict task with compensationTime 11ms
[wanxinp2p-discover-server][${env:SERVER_PORT}] 2023-10-08 21:46:07,855 INFO [Eureka-EvictionTimer][AbstractInstanceRegistry.java:1250] - Running the evict task with compensationTime 9ms
[wanxinp2p-discover-server][${env:SERVER_PORT}] 2023-10-08 21:46:17,859 INFO [Eureka-EvictionTimer][AbstractInstanceRegistry.java:1250] - Running the evict task with compensationTime 4ms
[wanxinp2p-discover-server][${env:SERVER_PORT}] 2023-10-08 21:46:27,859 INFO [Eureka-EvictionTimer][AbstractInstanceRegistry.java:1250] - Running the evict task with compensationTime 0ms
[wanxinp2p-discover-server][${env:SERVER_PORT}] 2023-10-08 21:46:37,860 INFO [Eureka-EvictionTimer][AbstractInstanceRegistry.java:1250] - Running the evict task with compensationTime 0ms
[wanxinp2p-discover-server][${env:SERVER_PORT}] 2023-10-08 21:46:47,870 INFO [Eureka-EvictionTimer][AbstractInstanceRegistry.java:1250] - Running the evict task with compensationTime 9ms
[wanxinp2p-discover-server][${env:SERVER_PORT}] 2023-10-08 21:46:57,882 INFO [Eureka-EvictionTimer][AbstractInstanceRegistry.java:1250] - Running the evict task with compensationTime 12ms
[wanxinp2p-discover-server][${env:SERVER_PORT}] 2023-10-08 21:47:07,887 INFO [Eureka-EvictionTimer][AbstractInstanceRegistry.java:1250] - Running the evict task with compensationTime 4ms
[wanxinp2p-discover-server][${env:SERVER_PORT}] 2023-10-08 21:47:17,901 INFO [Eureka-EvictionTimer][AbstractInstanceRegistry.java:1250] - Running the evict task with compensationTime 14ms
[wanxinp2p-discover-server][${env:SERVER_PORT}] 2023-10-08 21:47:27,901 INFO [Eureka-EvictionTimer][AbstractInstanceRegistry.java:1250] - Running the evict task with compensationTime 0ms
[wanxinp2p-discover-server][${env:SERVER_PORT}] 2023-10-08 21:47:37,902 INFO [Eureka-EvictionTimer][AbstractInstanceRegistry.java:1250] - Running the evict task with compensationTime 1ms
[wanxinp2p-discover-server][${env:SERVER_PORT}] 2023-10-08 21:47:47,912 INFO [Eureka-EvictionTimer][AbstractInstanceRegistry.java:1250] - Running the evict task with compensationTime 9ms
[wanxinp2p-discover-server][${env:SERVER_PORT}] 2023-10-08 21:47:57,923 INFO [Eureka-EvictionTimer][AbstractInstanceRegistry.java:1250] - Running the evict task with compensationTime 11ms
[wanxinp2p-discover-server][${env:SERVER_PORT}] 2023-10-08 21:48:07,927 INFO [Eureka-EvictionTimer][AbstractInstanceRegistry.java:1250] - Running the evict task with compensationTime 3ms
[wanxinp2p-discover-server][${env:SERVER_PORT}] 2023-10-08 21:48:17,934 INFO [Eureka-EvictionTimer][AbstractInstanceRegistry.java:1250] - Running the evict task with compensationTime 6ms
[wanxinp2p-discover-server][${env:SERVER_PORT}] 2023-10-08 21:48:27,939 INFO [Eureka-EvictionTimer][AbstractInstanceRegistry.java:1250] - Running the evict task with compensationTime 4ms
[wanxinp2p-discover-server][${env:SERVER_PORT}] 2023-10-08 21:48:37,940 INFO [Eureka-EvictionTimer][AbstractInstanceRegistry.java:1250] - Running the evict task with compensationTime 0ms
[wanxinp2p-discover-server][${env:SERVER_PORT}] 2023-10-08 21:48:47,942 INFO [Eureka-EvictionTimer][AbstractInstanceRegistry.java:1250] - Running the evict task with compensationTime 2ms
[wanxinp2p-discover-server][${env:SERVER_PORT}] 2023-10-08 21:48:57,950 INFO [Eureka-EvictionTimer][AbstractInstanceRegistry.java:1250] - Running the evict task with compensationTime 7ms
[wanxinp2p-discover-server][${env:SERVER_PORT}] 2023-10-08 21:49:07,963 INFO [Eureka-EvictionTimer][AbstractInstanceRegistry.java:1250] - Running the evict task with compensationTime 13ms
[wanxinp2p-discover-server][${env:SERVER_PORT}] 2023-10-08 21:49:17,971 INFO [Eureka-EvictionTimer][AbstractInstanceRegistry.java:1250] - Running the evict task with compensationTime 8ms
[wanxinp2p-discover-server][${env:SERVER_PORT}] 2023-10-08 21:49:27,974 INFO [Eureka-EvictionTimer][AbstractInstanceRegistry.java:1250] - Running the evict task with compensationTime 2ms
[wanxinp2p-discover-server][${env:SERVER_PORT}] 2023-10-08 21:49:37,983 INFO [Eureka-EvictionTimer][AbstractInstanceRegistry.java:1250] - Running the evict task with compensationTime 9ms
[wanxinp2p-discover-server][${env:SERVER_PORT}] 2023-10-08 21:49:47,994 INFO [Eureka-EvictionTimer][AbstractInstanceRegistry.java:1250] - Running the evict task with compensationTime 11ms
[wanxinp2p-discover-server][${env:SERVER_PORT}] 2023-10-08 21:49:58,004 INFO [Eureka-EvictionTimer][AbstractInstanceRegistry.java:1250] - Running the evict task with compensationTime 9ms
[wanxinp2p-discover-server][${env:SERVER_PORT}] 2023-10-08 21:50:08,016 INFO [Eureka-EvictionTimer][AbstractInstanceRegistry.java:1250] - Running the evict task with compensationTime 12ms
[wanxinp2p-discover-server][${env:SERVER_PORT}] 2023-10-08 21:50:18,027 INFO [Eureka-EvictionTimer][AbstractInstanceRegistry.java:1250] - Running the evict task with compensationTime 11ms
[wanxinp2p-discover-server][${env:SERVER_PORT}] 2023-10-08 21:50:28,036 INFO [Eureka-EvictionTimer][AbstractInstanceRegistry.java:1250] - Running the evict task with compensationTime 8ms
[wanxinp2p-discover-server][${env:SERVER_PORT}] 2023-10-08 21:50:38,050 INFO [Eureka-EvictionTimer][AbstractInstanceRegistry.java:1250] - Running the evict task with compensationTime 13ms
[wanxinp2p-discover-server][${env:SERVER_PORT}] 2023-10-08 21:50:48,052 INFO [Eureka-EvictionTimer][AbstractInstanceRegistry.java:1250] - Running the evict task with compensationTime 2ms
[wanxinp2p-discover-server][${env:SERVER_PORT}] 2023-10-08 21:50:58,063 INFO [Eureka-EvictionTimer][AbstractInstanceRegistry.java:1250] - Running the evict task with compensationTime 11ms
[wanxinp2p-discover-server][${env:SERVER_PORT}] 2023-10-08 21:51:08,070 INFO [Eureka-EvictionTimer][AbstractInstanceRegistry.java:1250] - Running the evict task with compensationTime 7ms
[wanxinp2p-discover-server][${env:SERVER_PORT}] 2023-10-08 21:51:18,081 INFO [Eureka-EvictionTimer][AbstractInstanceRegistry.java:1250] - Running the evict task with compensationTime 10ms
[wanxinp2p-discover-server][${env:SERVER_PORT}] 2023-10-08 21:51:28,090 INFO [Eureka-EvictionTimer][AbstractInstanceRegistry.java:1250] - Running the evict task with compensationTime 8ms
[wanxinp2p-discover-server][${env:SERVER_PORT}] 2023-10-08 21:51:38,099 INFO [Eureka-EvictionTimer][AbstractInstanceRegistry.java:1250] - Running the evict task with compensationTime 9ms
[wanxinp2p-discover-server][${env:SERVER_PORT}] 2023-10-08 21:51:48,114 INFO [Eureka-EvictionTimer][AbstractInstanceRegistry.java:1250] - Running the evict task with compensationTime 14ms
[wanxinp2p-discover-server][${env:SERVER_PORT}] 2023-10-08 21:51:58,125 INFO [Eureka-EvictionTimer][AbstractInstanceRegistry.java:1250] - Running the evict task with compensationTime 11ms
[wanxinp2p-discover-server][${env:SERVER_PORT}] 2023-10-08 21:52:08,131 INFO [Eureka-EvictionTimer][AbstractInstanceRegistry.java:1250] - Running the evict task with compensationTime 5ms
[wanxinp2p-discover-server][${env:SERVER_PORT}] 2023-10-08 21:52:18,145 INFO [Eureka-EvictionTimer][AbstractInstanceRegistry.java:1250] - Running the evict task with compensationTime 14ms
[wanxinp2p-discover-server][${env:SERVER_PORT}] 2023-10-08 21:52:28,150 INFO [Eureka-EvictionTimer][AbstractInstanceRegistry.java:1250] - Running the evict task with compensationTime 4ms
[wanxinp2p-discover-server][${env:SERVER_PORT}] 2023-10-08 21:52:38,151 INFO [Eureka-EvictionTimer][AbstractInstanceRegistry.java:1250] - Running the evict task with compensationTime 1ms
[wanxinp2p-discover-server][${env:SERVER_PORT}] 2023-10-08 21:52:48,165 INFO [Eureka-EvictionTimer][AbstractInstanceRegistry.java:1250] - Running the evict task with compensationTime 13ms
[wanxinp2p-discover-server][${env:SERVER_PORT}] 2023-10-08 21:52:58,178 INFO [Eureka-EvictionTimer][AbstractInstanceRegistry.java:1250] - Running the evict task with compensationTime 13ms
[wanxinp2p-discover-server][${env:SERVER_PORT}] 2023-10-08 21:53:08,192 INFO [Eureka-EvictionTimer][AbstractInstanceRegistry.java:1250] - Running the evict task with compensationTime 14ms
[wanxinp2p-discover-server][${env:SERVER_PORT}] 2023-10-08 21:53:18,194 INFO [Eureka-EvictionTimer][AbstractInstanceRegistry.java:1250] - Running the evict task with compensationTime 1ms
[wanxinp2p-discover-server][${env:SERVER_PORT}] 2023-10-08 21:53:28,204 INFO [Eureka-EvictionTimer][AbstractInstanceRegistry.java:1250] - Running the evict task with compensationTime 10ms
[wanxinp2p-discover-server][${env:SERVER_PORT}] 2023-10-08 21:53:38,218 INFO [Eureka-EvictionTimer][AbstractInstanceRegistry.java:1250] - Running the evict task with compensationTime 14ms
[wanxinp2p-discover-server][${env:SERVER_PORT}] 2023-10-08 21:53:48,231 INFO [Eureka-EvictionTimer][AbstractInstanceRegistry.java:1250] - Running the evict task with compensationTime 12ms
[wanxinp2p-discover-server][${env:SERVER_PORT}] 2023-10-08 21:53:58,235 INFO [Eureka-EvictionTimer][AbstractInstanceRegistry.java:1250] - Running the evict task with compensationTime 4ms
[wanxinp2p-discover-server][${env:SERVER_PORT}] 2023-10-08 21:54:08,238 INFO [Eureka-EvictionTimer][AbstractInstanceRegistry.java:1250] - Running the evict task with compensationTime 3ms
[wanxinp2p-discover-server][${env:SERVER_PORT}] 2023-10-08 21:54:18,245 INFO [Eureka-EvictionTimer][AbstractInstanceRegistry.java:1250] - Running the evict task with compensationTime 6ms
[wanxinp2p-discover-server][${env:SERVER_PORT}] 2023-10-08 21:54:28,247 INFO [Eureka-EvictionTimer][AbstractInstanceRegistry.java:1250] - Running the evict task with compensationTime 2ms
[wanxinp2p-discover-server][${env:SERVER_PORT}] 2023-10-08 21:54:38,257 INFO [Eureka-EvictionTimer][AbstractInstanceRegistry.java:1250] - Running the evict task with compensationTime 10ms
[wanxinp2p-discover-server][${env:SERVER_PORT}] 2023-10-08 21:54:48,258 INFO [Eureka-EvictionTimer][AbstractInstanceRegistry.java:1250] - Running the evict task with compensationTime 0ms
[wanxinp2p-discover-server][${env:SERVER_PORT}] 2023-10-08 21:54:58,265 INFO [Eureka-EvictionTimer][AbstractInstanceRegistry.java:1250] - Running the evict task with compensationTime 7ms
[wanxinp2p-discover-server][${env:SERVER_PORT}] 2023-10-08 21:55:08,271 INFO [Eureka-EvictionTimer][AbstractInstanceRegistry.java:1250] - Running the evict task with compensationTime 5ms
[wanxinp2p-discover-server][${env:SERVER_PORT}] 2023-10-08 21:55:18,277 INFO [Eureka-EvictionTimer][AbstractInstanceRegistry.java:1250] - Running the evict task with compensationTime 6ms
[wanxinp2p-discover-server][${env:SERVER_PORT}] 2023-10-08 21:55:19,439 INFO [ReplicaAwareInstanceRegistry - RenewalThresholdUpdater][PeerAwareInstanceRegistryImpl.java:539] - Current renewal threshold is : 0
[wanxinp2p-discover-server][${env:SERVER_PORT}] 2023-10-08 21:55:28,291 INFO [Eureka-EvictionTimer][AbstractInstanceRegistry.java:1250] - Running the evict task with compensationTime 14ms
[wanxinp2p-discover-server][${env:SERVER_PORT}] 2023-10-08 21:55:38,297 INFO [Eureka-EvictionTimer][AbstractInstanceRegistry.java:1250] - Running the evict task with compensationTime 5ms
[wanxinp2p-discover-server][${env:SERVER_PORT}] 2023-10-08 21:55:48,302 INFO [Eureka-EvictionTimer][AbstractInstanceRegistry.java:1250] - Running the evict task with compensationTime 5ms
[wanxinp2p-discover-server][${env:SERVER_PORT}] 2023-10-08 21:55:58,305 INFO [Eureka-EvictionTimer][AbstractInstanceRegistry.java:1250] - Running the evict task with compensationTime 2ms
[wanxinp2p-discover-server][${env:SERVER_PORT}] 2023-10-08 21:56:08,320 INFO [Eureka-EvictionTimer][AbstractInstanceRegistry.java:1250] - Running the evict task with compensationTime 14ms
[wanxinp2p-discover-server][${env:SERVER_PORT}] 2023-10-08 21:56:18,326 INFO [Eureka-EvictionTimer][AbstractInstanceRegistry.java:1250] - Running the evict task with compensationTime 6ms
[wanxinp2p-discover-server][${env:SERVER_PORT}] 2023-10-08 21:56:28,337 INFO [Eureka-EvictionTimer][AbstractInstanceRegistry.java:1250] - Running the evict task with compensationTime 10ms
[wanxinp2p-discover-server][${env:SERVER_PORT}] 2023-10-08 21:56:38,338 INFO [Eureka-EvictionTimer][AbstractInstanceRegistry.java:1250] - Running the evict task with compensationTime 0ms
[wanxinp2p-discover-server][${env:SERVER_PORT}] 2023-10-08 21:56:48,340 INFO [Eureka-EvictionTimer][AbstractInstanceRegistry.java:1250] - Running the evict task with compensationTime 2ms
[wanxinp2p-discover-server][${env:SERVER_PORT}] 2023-10-08 21:56:58,351 INFO [Eureka-EvictionTimer][AbstractInstanceRegistry.java:1250] - Running the evict task with compensationTime 11ms
[wanxinp2p-discover-server][${env:SERVER_PORT}] 2023-10-08 21:57:08,357 INFO [Eureka-EvictionTimer][AbstractInstanceRegistry.java:1250] - Running the evict task with compensationTime 6ms
[wanxinp2p-discover-server][${env:SERVER_PORT}] 2023-10-08 21:57:18,362 INFO [Eureka-EvictionTimer][AbstractInstanceRegistry.java:1250] - Running the evict task with compensationTime 4ms
[wanxinp2p-discover-server][${env:SERVER_PORT}] 2023-10-08 21:57:28,375 INFO [Eureka-EvictionTimer][AbstractInstanceRegistry.java:1250] - Running the evict task with compensationTime 13ms
[wanxinp2p-discover-server][${env:SERVER_PORT}] 2023-10-08 21:57:38,381 INFO [Eureka-EvictionTimer][AbstractInstanceRegistry.java:1250] - Running the evict task with compensationTime 6ms
[wanxinp2p-discover-server][${env:SERVER_PORT}] 2023-10-08 21:57:48,390 INFO [Eureka-EvictionTimer][AbstractInstanceRegistry.java:1250] - Running the evict task with compensationTime 8ms
[wanxinp2p-discover-server][${env:SERVER_PORT}] 2023-10-08 21:57:58,401 INFO [Eureka-EvictionTimer][AbstractInstanceRegistry.java:1250] - Running the evict task with compensationTime 11ms
[wanxinp2p-discover-server][${env:SERVER_PORT}] 2023-10-08 21:58:08,406 INFO [Eureka-EvictionTimer][AbstractInstanceRegistry.java:1250] - Running the evict task with compensationTime 5ms
[wanxinp2p-discover-server][${env:SERVER_PORT}] 2023-10-08 21:58:18,418 INFO [Eureka-EvictionTimer][AbstractInstanceRegistry.java:1250] - Running the evict task with compensationTime 11ms
[wanxinp2p-discover-server][${env:SERVER_PORT}] 2023-10-08 21:58:28,420 INFO [Eureka-EvictionTimer][AbstractInstanceRegistry.java:1250] - Running the evict task with compensationTime 2ms
[wanxinp2p-discover-server][${env:SERVER_PORT}] 2023-10-08 21:58:38,422 INFO [Eureka-EvictionTimer][AbstractInstanceRegistry.java:1250] - Running the evict task with compensationTime 1ms
[wanxinp2p-discover-server][${env:SERVER_PORT}] 2023-10-08 21:58:48,431 INFO [Eureka-EvictionTimer][AbstractInstanceRegistry.java:1250] - Running the evict task with compensationTime 9ms
[wanxinp2p-discover-server][${env:SERVER_PORT}] 2023-10-08 21:58:58,438 INFO [Eureka-EvictionTimer][AbstractInstanceRegistry.java:1250] - Running the evict task with compensationTime 6ms
[wanxinp2p-discover-server][${env:SERVER_PORT}] 2023-10-08 21:59:08,440 INFO [Eureka-EvictionTimer][AbstractInstanceRegistry.java:1250] - Running the evict task with compensationTime 1ms
[wanxinp2p-discover-server][${env:SERVER_PORT}] 2023-10-08 21:59:18,455 INFO [Eureka-EvictionTimer][AbstractInstanceRegistry.java:1250] - Running the evict task with compensationTime 14ms
[wanxinp2p-discover-server][${env:SERVER_PORT}] 2023-10-08 21:59:28,468 INFO [Eureka-EvictionTimer][AbstractInstanceRegistry.java:1250] - Running the evict task with compensationTime 13ms
[wanxinp2p-discover-server][${env:SERVER_PORT}] 2023-10-08 21:59:38,483 INFO [Eureka-EvictionTimer][AbstractInstanceRegistry.java:1250] - Running the evict task with compensationTime 14ms
[wanxinp2p-discover-server][${env:SERVER_PORT}] 2023-10-08 21:59:48,490 INFO [Eureka-EvictionTimer][AbstractInstanceRegistry.java:1250] - Running the evict task with compensationTime 7ms
[wanxinp2p-discover-server][${env:SERVER_PORT}] 2023-10-08 21:59:58,493 INFO [Eureka-EvictionTimer][AbstractInstanceRegistry.java:1250] - Running the evict task with compensationTime 2ms
