[wanxinp2p-consumer-service][${env:SERVER_PORT}] 2023-10-10 21:55:27,147 INFO [main][DefaultApplicationProvider.java:85] - App ID is set to consumer-service by app.id property from System Property
[wanxinp2p-consumer-service][${env:SERVER_PORT}] 2023-10-10 21:55:27,150 INFO [main][DefaultServerProvider.java:108] - Environment is set to [dev] by JVM system property 'env'.
[wanxinp2p-consumer-service][${env:SERVER_PORT}] 2023-10-10 21:55:27,178 WARN [main][DefaultMetaServerProvider.java:39] - Could not find meta server address, because it is not available in neither (1) JVM system property 'apollo.meta', (2) OS env variable 'APOLLO_META' (3) property 'apollo.meta' from server.properties nor (4) property 'apollo.meta' from app.properties
[wanxinp2p-consumer-service][${env:SERVER_PORT}] 2023-10-10 21:55:27,183 INFO [main][MetaDomainConsts.java:93] - Located meta server address http://localhost:8080 for env DEV from com.ctrip.framework.apollo.core.internals.LegacyMetaServerProvider
[wanxinp2p-consumer-service][${env:SERVER_PORT}] 2023-10-10 21:55:36,496 INFO [main][SpringApplication.java:675] - No active profile set, falling back to default profiles: default
[wanxinp2p-consumer-service][${env:SERVER_PORT}] 2023-10-10 21:55:37,283 INFO [main][RepositoryConfigurationDelegate.java:244] - Multiple Spring Data modules found, entering strict repository configuration mode!
[wanxinp2p-consumer-service][${env:SERVER_PORT}] 2023-10-10 21:55:37,286 INFO [main][RepositoryConfigurationDelegate.java:126] - Bootstrapping Spring Data repositories in DEFAULT mode.
[wanxinp2p-consumer-service][${env:SERVER_PORT}] 2023-10-10 21:55:37,310 INFO [main][RepositoryConfigurationDelegate.java:182] - Finished Spring Data repository scanning in 14ms. Found 0 repository interfaces.
[wanxinp2p-consumer-service][${env:SERVER_PORT}] 2023-10-10 21:55:37,388 WARN [main][EndpointId.java:135] - Endpoint ID 'service-registry' contains invalid characters, please migrate to a valid format.
[wanxinp2p-consumer-service][${env:SERVER_PORT}] 2023-10-10 21:55:37,462 INFO [main][ConfigurationClassPostProcessor.java:380] - Cannot enhance @Configuration bean definition 'com.ctrip.framework.apollo.spring.boot.ApolloAutoConfiguration' since its singleton instance has been created too early. The typical cause is a non-static @Bean method with a BeanDefinitionRegistryPostProcessor return type: Consider declaring such methods as 'static'.
[wanxinp2p-consumer-service][${env:SERVER_PORT}] 2023-10-10 21:55:37,617 INFO [main][GenericScope.java:294] - BeanFactory id=deb9f2d0-17b3-3a19-9d92-33aa52875082
[wanxinp2p-consumer-service][${env:SERVER_PORT}] 2023-10-10 21:55:37,633 WARN [main][PropertySourcesDeducer.java:75] - Multiple PropertySourcesPlaceholderConfigurer beans registered [propertySourcesPlaceholderConfigurer, org.springframework.context.support.PropertySourcesPlaceholderConfigurer], falling back to Environment
[wanxinp2p-consumer-service][${env:SERVER_PORT}] 2023-10-10 21:55:37,641 INFO [main][PostProcessorRegistrationDelegate.java:330] - Bean 'cn.itcast.wanxinp2p.consumer.agent.AccountApiAgent' of type [org.springframework.cloud.openfeign.FeignClientFactoryBean] is not eligible for getting processed by all BeanPostProcessors (for example: not eligible for auto-proxying)
[wanxinp2p-consumer-service][${env:SERVER_PORT}] 2023-10-10 21:55:37,655 INFO [main][PostProcessorRegistrationDelegate.java:330] - Bean 'com.alibaba.druid.spring.boot.autoconfigure.stat.DruidSpringAopConfiguration' of type [com.alibaba.druid.spring.boot.autoconfigure.stat.DruidSpringAopConfiguration] is not eligible for getting processed by all BeanPostProcessors (for example: not eligible for auto-proxying)
[wanxinp2p-consumer-service][${env:SERVER_PORT}] 2023-10-10 21:55:37,664 INFO [main][PostProcessorRegistrationDelegate.java:330] - Bean 'org.apache.rocketmq.spring.autoconfigure.RocketMQAutoConfiguration' of type [org.apache.rocketmq.spring.autoconfigure.RocketMQAutoConfiguration$$EnhancerBySpringCGLIB$$659f7e17] is not eligible for getting processed by all BeanPostProcessors (for example: not eligible for auto-proxying)
[wanxinp2p-consumer-service][${env:SERVER_PORT}] 2023-10-10 21:55:37,673 INFO [main][PostProcessorRegistrationDelegate.java:330] - Bean 'rocketmq-org.apache.rocketmq.spring.autoconfigure.RocketMQProperties' of type [org.apache.rocketmq.spring.autoconfigure.RocketMQProperties] is not eligible for getting processed by all BeanPostProcessors (for example: not eligible for auto-proxying)
[wanxinp2p-consumer-service][${env:SERVER_PORT}] 2023-10-10 21:55:37,881 INFO [main][PostProcessorRegistrationDelegate.java:330] - Bean 'defaultMQProducer' of type [org.apache.rocketmq.client.producer.DefaultMQProducer] is not eligible for getting processed by all BeanPostProcessors (for example: not eligible for auto-proxying)
[wanxinp2p-consumer-service][${env:SERVER_PORT}] 2023-10-10 21:55:37,884 INFO [main][PostProcessorRegistrationDelegate.java:330] - Bean 'org.springframework.boot.autoconfigure.jackson.JacksonAutoConfiguration$JacksonObjectMapperConfiguration' of type [org.springframework.boot.autoconfigure.jackson.JacksonAutoConfiguration$JacksonObjectMapperConfiguration$$EnhancerBySpringCGLIB$$989ceeac] is not eligible for getting processed by all BeanPostProcessors (for example: not eligible for auto-proxying)
[wanxinp2p-consumer-service][${env:SERVER_PORT}] 2023-10-10 21:55:37,888 INFO [main][PostProcessorRegistrationDelegate.java:330] - Bean 'org.springframework.boot.autoconfigure.jackson.JacksonAutoConfiguration$JacksonObjectMapperBuilderConfiguration' of type [org.springframework.boot.autoconfigure.jackson.JacksonAutoConfiguration$JacksonObjectMapperBuilderConfiguration$$EnhancerBySpringCGLIB$$4ae9b0c5] is not eligible for getting processed by all BeanPostProcessors (for example: not eligible for auto-proxying)
[wanxinp2p-consumer-service][${env:SERVER_PORT}] 2023-10-10 21:55:37,892 INFO [main][PostProcessorRegistrationDelegate.java:330] - Bean 'org.springframework.boot.autoconfigure.jackson.JacksonAutoConfiguration$Jackson2ObjectMapperBuilderCustomizerConfiguration' of type [org.springframework.boot.autoconfigure.jackson.JacksonAutoConfiguration$Jackson2ObjectMapperBuilderCustomizerConfiguration$$EnhancerBySpringCGLIB$$60096b4] is not eligible for getting processed by all BeanPostProcessors (for example: not eligible for auto-proxying)
[wanxinp2p-consumer-service][${env:SERVER_PORT}] 2023-10-10 21:55:37,896 INFO [main][PostProcessorRegistrationDelegate.java:330] - Bean 'spring.jackson-org.springframework.boot.autoconfigure.jackson.JacksonProperties' of type [org.springframework.boot.autoconfigure.jackson.JacksonProperties] is not eligible for getting processed by all BeanPostProcessors (for example: not eligible for auto-proxying)
[wanxinp2p-consumer-service][${env:SERVER_PORT}] 2023-10-10 21:55:37,900 INFO [main][PostProcessorRegistrationDelegate.java:330] - Bean 'standardJacksonObjectMapperBuilderCustomizer' of type [org.springframework.boot.autoconfigure.jackson.JacksonAutoConfiguration$Jackson2ObjectMapperBuilderCustomizerConfiguration$StandardJackson2ObjectMapperBuilderCustomizer] is not eligible for getting processed by all BeanPostProcessors (for example: not eligible for auto-proxying)
[wanxinp2p-consumer-service][${env:SERVER_PORT}] 2023-10-10 21:55:37,905 INFO [main][PostProcessorRegistrationDelegate.java:330] - Bean 'org.springframework.boot.autoconfigure.jackson.JacksonAutoConfiguration$ParameterNamesModuleConfiguration' of type [org.springframework.boot.autoconfigure.jackson.JacksonAutoConfiguration$ParameterNamesModuleConfiguration$$EnhancerBySpringCGLIB$$2ccc0de2] is not eligible for getting processed by all BeanPostProcessors (for example: not eligible for auto-proxying)
[wanxinp2p-consumer-service][${env:SERVER_PORT}] 2023-10-10 21:55:37,909 INFO [main][PostProcessorRegistrationDelegate.java:330] - Bean 'parameterNamesModule' of type [com.fasterxml.jackson.module.paramnames.ParameterNamesModule] is not eligible for getting processed by all BeanPostProcessors (for example: not eligible for auto-proxying)
[wanxinp2p-consumer-service][${env:SERVER_PORT}] 2023-10-10 21:55:37,910 INFO [main][PostProcessorRegistrationDelegate.java:330] - Bean 'org.springframework.boot.autoconfigure.jackson.JacksonAutoConfiguration' of type [org.springframework.boot.autoconfigure.jackson.JacksonAutoConfiguration$$EnhancerBySpringCGLIB$$7aa88c3b] is not eligible for getting processed by all BeanPostProcessors (for example: not eligible for auto-proxying)
[wanxinp2p-consumer-service][${env:SERVER_PORT}] 2023-10-10 21:55:37,941 INFO [main][PostProcessorRegistrationDelegate.java:330] - Bean 'jsonComponentModule' of type [org.springframework.boot.jackson.JsonComponentModule] is not eligible for getting processed by all BeanPostProcessors (for example: not eligible for auto-proxying)
[wanxinp2p-consumer-service][${env:SERVER_PORT}] 2023-10-10 21:55:37,942 INFO [main][PostProcessorRegistrationDelegate.java:330] - Bean 'org.springframework.data.web.config.SpringDataJacksonConfiguration' of type [org.springframework.data.web.config.SpringDataJacksonConfiguration] is not eligible for getting processed by all BeanPostProcessors (for example: not eligible for auto-proxying)
[wanxinp2p-consumer-service][${env:SERVER_PORT}] 2023-10-10 21:55:37,945 INFO [main][PostProcessorRegistrationDelegate.java:330] - Bean 'jacksonGeoModule' of type [org.springframework.data.geo.GeoModule] is not eligible for getting processed by all BeanPostProcessors (for example: not eligible for auto-proxying)
[wanxinp2p-consumer-service][${env:SERVER_PORT}] 2023-10-10 21:55:37,947 INFO [main][PostProcessorRegistrationDelegate.java:330] - Bean 'jacksonObjectMapperBuilder' of type [org.springframework.http.converter.json.Jackson2ObjectMapperBuilder] is not eligible for getting processed by all BeanPostProcessors (for example: not eligible for auto-proxying)
[wanxinp2p-consumer-service][${env:SERVER_PORT}] 2023-10-10 21:55:37,959 INFO [main][PostProcessorRegistrationDelegate.java:330] - Bean 'jacksonObjectMapper' of type [com.fasterxml.jackson.databind.ObjectMapper] is not eligible for getting processed by all BeanPostProcessors (for example: not eligible for auto-proxying)
[wanxinp2p-consumer-service][${env:SERVER_PORT}] 2023-10-10 21:55:38,793 INFO [main][PostProcessorRegistrationDelegate.java:330] - Bean 'rocketMQTemplate' of type [org.apache.rocketmq.spring.core.RocketMQTemplate] is not eligible for getting processed by all BeanPostProcessors (for example: not eligible for auto-proxying)
[wanxinp2p-consumer-service][${env:SERVER_PORT}] 2023-10-10 21:55:38,795 INFO [main][PostProcessorRegistrationDelegate.java:330] - Bean 'transactionHandlerRegistry' of type [org.apache.rocketmq.spring.config.TransactionHandlerRegistry] is not eligible for getting processed by all BeanPostProcessors (for example: not eligible for auto-proxying)
[wanxinp2p-consumer-service][${env:SERVER_PORT}] 2023-10-10 21:55:38,834 INFO [main][PostProcessorRegistrationDelegate.java:330] - Bean 'org.springframework.transaction.annotation.ProxyTransactionManagementConfiguration' of type [org.springframework.transaction.annotation.ProxyTransactionManagementConfiguration$$EnhancerBySpringCGLIB$$3d096f1b] is not eligible for getting processed by all BeanPostProcessors (for example: not eligible for auto-proxying)
[wanxinp2p-consumer-service][${env:SERVER_PORT}] 2023-10-10 21:55:38,857 INFO [main][PostProcessorRegistrationDelegate.java:330] - Bean 'spring.datasource.druid-com.alibaba.druid.spring.boot.autoconfigure.properties.DruidStatProperties' of type [com.alibaba.druid.spring.boot.autoconfigure.properties.DruidStatProperties] is not eligible for getting processed by all BeanPostProcessors (for example: not eligible for auto-proxying)
[wanxinp2p-consumer-service][${env:SERVER_PORT}] 2023-10-10 21:55:38,865 INFO [main][PostProcessorRegistrationDelegate.java:330] - Bean 'advisor' of type [org.springframework.aop.support.RegexpMethodPointcutAdvisor] is not eligible for getting processed by all BeanPostProcessors (for example: not eligible for auto-proxying)
[wanxinp2p-consumer-service][${env:SERVER_PORT}] 2023-10-10 21:55:38,876 INFO [main][PostProcessorRegistrationDelegate.java:330] - Bean 'org.springframework.cloud.autoconfigure.ConfigurationPropertiesRebinderAutoConfiguration' of type [org.springframework.cloud.autoconfigure.ConfigurationPropertiesRebinderAutoConfiguration$$EnhancerBySpringCGLIB$$59237218] is not eligible for getting processed by all BeanPostProcessors (for example: not eligible for auto-proxying)
[wanxinp2p-consumer-service][${env:SERVER_PORT}] 2023-10-10 21:55:39,125 INFO [main][TomcatWebServer.java:90] - Tomcat initialized with port(s): 53050 (http)
[wanxinp2p-consumer-service][${env:SERVER_PORT}] 2023-10-10 21:55:39,139 INFO [main][DirectJDKLog.java:173] - Initializing ProtocolHandler ["http-nio-53050"]
[wanxinp2p-consumer-service][${env:SERVER_PORT}] 2023-10-10 21:55:39,146 INFO [main][DirectJDKLog.java:173] - Starting service [Tomcat]
[wanxinp2p-consumer-service][${env:SERVER_PORT}] 2023-10-10 21:55:39,147 INFO [main][DirectJDKLog.java:173] - Starting Servlet engine: [Apache Tomcat/9.0.16]
[wanxinp2p-consumer-service][${env:SERVER_PORT}] 2023-10-10 21:55:39,155 INFO [main][DirectJDKLog.java:173] - The APR based Apache Tomcat Native library which allows optimal performance in production environments was not found on the java.library.path: [C:\Program Files (x86)\Java\jdk1.8\bin;C:\Windows\Sun\Java\bin;C:\Windows\system32;C:\Windows;C:\Program Files\Common Files\Oracle\Java\javapath;C:\Program Files (x86)\Common Files\Intel\Shared Libraries\redist\intel64_win\compiler;C:\Program Files (x86)\Common Files\Oracle\Java\javapath;C:\Windows\system32;C:\Windows;C:\Windows\System32\Wbem;C:\Windows\System32\WindowsPowerShell\v1.0\;C:\Windows\System32\OpenSSH\;C:\Program Files (x86)\NVIDIA Corporation\PhysX\Common;C:\Program Files\NVIDIA Corporation\NVIDIA NvDLISR;C:\Program Files\Git\cmd;C:\Program Files (x86)\nodejs\;C:\Program Files\dotnet\;C:\Program Files\Microsoft SQL Server\130\Tools\Binn\;C:\Program Files\Microsoft SQL Server\Client SDK\ODBC\170\Tools\Binn\;C:\Program Files\MongoDB\Server\5.0\bin;C:\Users\User\Downloads\mongodb-database-tools-windows-x86_64-100.5.2\mongodb-database-tools-windows-x86_64-100.5.2\bin;C:\Program Files\TortoiseSVN\bin;C:\Program Files (x86)\Tencent\??web?????\dll;D:\work\mysql_community_server\mysql-8.0.29-winx64\mysql-8.0.29-winx64\bin;D:\work\java\maven\apache-maven-3.8.6-bin\apache-maven-3.8.6\bin;D:\work\java\apache-tomcat-9.0.64-windows-x64\apache-tomcat-9.0.64\bin;D:\work\java\apache-tomcat-9.0.64-windows-x64\apache-tomcat-9.0.64\lib;C:\Program Files\Microsoft SQL Server\120\Tools\Binn\;C:\Program Files (x86)\NetSarang\Xshell 7\;C:\Program Files (x86)\Java\jdk1.8\bin;D:\work\java\apache-maven-3.6.0-bin\apache-maven-3.6.0\bin;C:\ProgramData\chocolatey\bin;C:\Program Files\Docker\Docker\resources\bin;D:\redis\;C:\Users\User\AppData\Local\Programs\Python\Python310\Scripts\;C:\Users\User\AppData\Local\Programs\Python\Python310\;D:\work\anaconda;D:\work\anaconda\Library\mingw-w64\bin;D:\work\anaconda\Library\usr\bin;D:\work\anaconda\Library\bin;D:\work\anaconda\Scripts;C:\Program Files\MySQL\MySQL Shell 8.0\bin\;C:\Users\User\AppData\Local\Microsoft\WindowsApps;C:\Users\User\AppData\Local\Programs\Microsoft VS Code\bin;C:\Users\User\AppData\Roaming\npm;C:\Users\User\.dotnet\tools;D:\intellij_community\IntelliJ IDEA Community Edition 2022.2.5\bin;;C:\Program Files\PostgreSQL\15\bin;;.]
[wanxinp2p-consumer-service][${env:SERVER_PORT}] 2023-10-10 21:55:39,227 INFO [main][DirectJDKLog.java:173] - Initializing Spring embedded WebApplicationContext
[wanxinp2p-consumer-service][${env:SERVER_PORT}] 2023-10-10 21:55:39,228 INFO [main][ServletWebServerApplicationContext.java:296] - Root WebApplicationContext: initialization completed in 2713 ms
[wanxinp2p-consumer-service][${env:SERVER_PORT}] 2023-10-10 21:55:39,358 WARN [main][URLConfigurationSource.java:121] - No URLs will be polled as dynamic configuration sources.
[wanxinp2p-consumer-service][${env:SERVER_PORT}] 2023-10-10 21:55:39,359 INFO [main][URLConfigurationSource.java:122] - To enable URLs as dynamic configuration sources, define System property archaius.configurationSource.additionalUrls or make config.properties available on classpath.
[wanxinp2p-consumer-service][${env:SERVER_PORT}] 2023-10-10 21:55:39,370 INFO [main][DynamicPropertyFactory.java:281] - DynamicPropertyFactory is initialized with configuration sources: com.netflix.config.ConcurrentCompositeConfiguration@2b15bd0e
[wanxinp2p-consumer-service][${env:SERVER_PORT}] 2023-10-10 21:55:39,474 INFO [main][DruidDataSourceAutoConfigure.java:56] - Init DruidDataSource
[wanxinp2p-consumer-service][${env:SERVER_PORT}] 2023-10-10 21:55:40,197 INFO [main][DruidDataSource.java:1002] - {dataSource-1} inited
[wanxinp2p-consumer-service][${env:SERVER_PORT}] 2023-10-10 21:55:40,920 INFO [NettyClientSelector_1][Slf4jLoggerFactory.java:95] - closeChannel: close the connection to remote address[] result: true
[wanxinp2p-consumer-service][${env:SERVER_PORT}] 2023-10-10 21:55:40,923 INFO [NettyClientSelector_1][Slf4jLoggerFactory.java:95] - closeChannel: close the connection to remote address[] result: true
[wanxinp2p-consumer-service][${env:SERVER_PORT}] 2023-10-10 21:55:42,003 INFO [main][EndpointLinksResolver.java:59] - Exposing 2 endpoint(s) beneath base path '/actuator'
[wanxinp2p-consumer-service][${env:SERVER_PORT}] 2023-10-10 21:55:42,101 INFO [main][PropertySourcedRequestMappingHandlerMapping.java:69] - Mapped URL path [/v2/api-docs] onto method [public org.springframework.http.ResponseEntity<springfox.documentation.spring.web.json.Json> springfox.documentation.swagger2.web.Swagger2Controller.getDocumentation(java.lang.String,javax.servlet.http.HttpServletRequest)]
[wanxinp2p-consumer-service][${env:SERVER_PORT}] 2023-10-10 21:55:42,120 WARN [main][URLConfigurationSource.java:121] - No URLs will be polled as dynamic configuration sources.
[wanxinp2p-consumer-service][${env:SERVER_PORT}] 2023-10-10 21:55:42,120 INFO [main][URLConfigurationSource.java:122] - To enable URLs as dynamic configuration sources, define System property archaius.configurationSource.additionalUrls or make config.properties available on classpath.
[wanxinp2p-consumer-service][${env:SERVER_PORT}] 2023-10-10 21:55:42,279 INFO [main][ExecutorConfigurationSupport.java:171] - Initializing ExecutorService 'applicationTaskExecutor'
[wanxinp2p-consumer-service][${env:SERVER_PORT}] 2023-10-10 21:55:43,086 INFO [main][InstanceInfoFactory.java:71] - Setting initial instance status as: STARTING
[wanxinp2p-consumer-service][${env:SERVER_PORT}] 2023-10-10 21:55:43,116 INFO [main][DiscoveryClient.java:349] - Initializing Eureka in region us-east-1
[wanxinp2p-consumer-service][${env:SERVER_PORT}] 2023-10-10 21:55:43,173 INFO [main][DiscoveryJerseyProvider.java:70] - Using JSON encoding codec LegacyJacksonJson
[wanxinp2p-consumer-service][${env:SERVER_PORT}] 2023-10-10 21:55:43,173 INFO [main][DiscoveryJerseyProvider.java:71] - Using JSON decoding codec LegacyJacksonJson
[wanxinp2p-consumer-service][${env:SERVER_PORT}] 2023-10-10 21:55:43,282 INFO [main][DiscoveryJerseyProvider.java:80] - Using XML encoding codec XStreamXml
[wanxinp2p-consumer-service][${env:SERVER_PORT}] 2023-10-10 21:55:43,282 INFO [main][DiscoveryJerseyProvider.java:81] - Using XML decoding codec XStreamXml
[wanxinp2p-consumer-service][${env:SERVER_PORT}] 2023-10-10 21:55:43,499 INFO [main][ConfigClusterResolver.java:43] - Resolving eureka endpoints via configuration
[wanxinp2p-consumer-service][${env:SERVER_PORT}] 2023-10-10 21:55:43,613 INFO [main][DiscoveryClient.java:958] - Disable delta property : false
[wanxinp2p-consumer-service][${env:SERVER_PORT}] 2023-10-10 21:55:43,613 INFO [main][DiscoveryClient.java:959] - Single vip registry refresh property : null
[wanxinp2p-consumer-service][${env:SERVER_PORT}] 2023-10-10 21:55:43,613 INFO [main][DiscoveryClient.java:960] - Force full registry fetch : false
[wanxinp2p-consumer-service][${env:SERVER_PORT}] 2023-10-10 21:55:43,614 INFO [main][DiscoveryClient.java:961] - Application is null : false
[wanxinp2p-consumer-service][${env:SERVER_PORT}] 2023-10-10 21:55:43,614 INFO [main][DiscoveryClient.java:962] - Registered Applications size is zero : true
[wanxinp2p-consumer-service][${env:SERVER_PORT}] 2023-10-10 21:55:43,614 INFO [main][DiscoveryClient.java:964] - Application version is -1: true
[wanxinp2p-consumer-service][${env:SERVER_PORT}] 2023-10-10 21:55:43,614 INFO [main][DiscoveryClient.java:1047] - Getting all instance registry info from the eureka server
[wanxinp2p-consumer-service][${env:SERVER_PORT}] 2023-10-10 21:55:43,779 INFO [main][DiscoveryClient.java:1056] - The response status is 200
[wanxinp2p-consumer-service][${env:SERVER_PORT}] 2023-10-10 21:55:43,782 INFO [main][DiscoveryClient.java:1270] - Starting heartbeat executor: renew interval is: 30
[wanxinp2p-consumer-service][${env:SERVER_PORT}] 2023-10-10 21:55:43,785 INFO [main][InstanceInfoReplicator.java:60] - InstanceInfoReplicator onDemand update allowed rate per min is 4
[wanxinp2p-consumer-service][${env:SERVER_PORT}] 2023-10-10 21:55:43,788 INFO [main][DiscoveryClient.java:449] - Discovery Client initialized at timestamp 1696946143787 with initial instances count: 1
[wanxinp2p-consumer-service][${env:SERVER_PORT}] 2023-10-10 21:55:43,789 INFO [main][EurekaServiceRegistry.java:42] - Registering application CONSUMER-SERVICE with eureka with status UP
[wanxinp2p-consumer-service][${env:SERVER_PORT}] 2023-10-10 21:55:43,790 INFO [main][DiscoveryClient.java:1305] - Saw local status change event StatusChangeEvent [timestamp=1696946143790, current=UP, previous=STARTING]
[wanxinp2p-consumer-service][${env:SERVER_PORT}] 2023-10-10 21:55:43,792 INFO [DiscoveryClient-InstanceInfoReplicator-0][DiscoveryClient.java:826] - DiscoveryClient_CONSUMER-SERVICE/consumer-service:192.168.1.8:53050: registering service...
[wanxinp2p-consumer-service][${env:SERVER_PORT}] 2023-10-10 21:55:43,793 INFO [main][DocumentationPluginsBootstrapper.java:160] - Context refreshed
[wanxinp2p-consumer-service][${env:SERVER_PORT}] 2023-10-10 21:55:43,803 INFO [main][DocumentationPluginsBootstrapper.java:163] - Found 1 custom documentation plugin(s)
[wanxinp2p-consumer-service][${env:SERVER_PORT}] 2023-10-10 21:55:43,831 INFO [DiscoveryClient-InstanceInfoReplicator-0][DiscoveryClient.java:835] - DiscoveryClient_CONSUMER-SERVICE/consumer-service:192.168.1.8:53050 - registration status: 204
[wanxinp2p-consumer-service][${env:SERVER_PORT}] 2023-10-10 21:55:43,835 INFO [main][ApiListingReferenceScanner.java:41] - Scanning for api listing references
[wanxinp2p-consumer-service][${env:SERVER_PORT}] 2023-10-10 21:55:43,949 INFO [main][DirectJDKLog.java:173] - Starting ProtocolHandler ["http-nio-53050"]
[wanxinp2p-consumer-service][${env:SERVER_PORT}] 2023-10-10 21:55:43,962 INFO [main][TomcatWebServer.java:204] - Tomcat started on port(s): 53050 (http) with context path '/consumer'
[wanxinp2p-consumer-service][${env:SERVER_PORT}] 2023-10-10 21:55:43,963 INFO [main][EurekaAutoServiceRegistration.java:141] - Updating port to 53050
[wanxinp2p-consumer-service][${env:SERVER_PORT}] 2023-10-10 21:55:43,965 INFO [main][StartupInfoLogger.java:59] - Started ConsumerService in 17.772 seconds (JVM running for 21.786)
[wanxinp2p-consumer-service][${env:SERVER_PORT}] 2023-10-10 21:56:10,594 INFO [NettyClientSelector_1][Slf4jLoggerFactory.java:95] - closeChannel: close the connection to remote address[] result: true
[wanxinp2p-consumer-service][${env:SERVER_PORT}] 2023-10-10 21:56:10,858 INFO [NettyClientSelector_1][Slf4jLoggerFactory.java:95] - closeChannel: close the connection to remote address[] result: true
[wanxinp2p-consumer-service][${env:SERVER_PORT}] 2023-10-10 21:56:40,575 INFO [NettyClientSelector_1][Slf4jLoggerFactory.java:95] - closeChannel: close the connection to remote address[] result: true
[wanxinp2p-consumer-service][${env:SERVER_PORT}] 2023-10-10 21:56:40,844 INFO [NettyClientSelector_1][Slf4jLoggerFactory.java:95] - closeChannel: close the connection to remote address[] result: true
[wanxinp2p-consumer-service][${env:SERVER_PORT}] 2023-10-10 21:57:10,599 INFO [NettyClientSelector_1][Slf4jLoggerFactory.java:95] - closeChannel: close the connection to remote address[] result: true
[wanxinp2p-consumer-service][${env:SERVER_PORT}] 2023-10-10 21:57:10,848 INFO [NettyClientSelector_1][Slf4jLoggerFactory.java:95] - closeChannel: close the connection to remote address[] result: true
[wanxinp2p-consumer-service][${env:SERVER_PORT}] 2023-10-10 21:57:40,580 INFO [NettyClientSelector_1][Slf4jLoggerFactory.java:95] - closeChannel: close the connection to remote address[] result: true
[wanxinp2p-consumer-service][${env:SERVER_PORT}] 2023-10-10 21:57:40,860 INFO [NettyClientSelector_1][Slf4jLoggerFactory.java:95] - closeChannel: close the connection to remote address[] result: true
[wanxinp2p-consumer-service][${env:SERVER_PORT}] 2023-10-10 21:58:10,592 INFO [NettyClientSelector_1][Slf4jLoggerFactory.java:95] - closeChannel: close the connection to remote address[] result: true
[wanxinp2p-consumer-service][${env:SERVER_PORT}] 2023-10-10 21:58:10,855 INFO [NettyClientSelector_1][Slf4jLoggerFactory.java:95] - closeChannel: close the connection to remote address[] result: true
[wanxinp2p-consumer-service][${env:SERVER_PORT}] 2023-10-10 21:58:40,587 INFO [NettyClientSelector_1][Slf4jLoggerFactory.java:95] - closeChannel: close the connection to remote address[] result: true
[wanxinp2p-consumer-service][${env:SERVER_PORT}] 2023-10-10 21:58:40,849 INFO [NettyClientSelector_1][Slf4jLoggerFactory.java:95] - closeChannel: close the connection to remote address[] result: true
[wanxinp2p-consumer-service][${env:SERVER_PORT}] 2023-10-10 21:59:10,601 INFO [NettyClientSelector_1][Slf4jLoggerFactory.java:95] - closeChannel: close the connection to remote address[] result: true
[wanxinp2p-consumer-service][${env:SERVER_PORT}] 2023-10-10 21:59:10,864 INFO [NettyClientSelector_1][Slf4jLoggerFactory.java:95] - closeChannel: close the connection to remote address[] result: true
[wanxinp2p-consumer-service][${env:SERVER_PORT}] 2023-10-10 21:59:40,592 INFO [NettyClientSelector_1][Slf4jLoggerFactory.java:95] - closeChannel: close the connection to remote address[] result: true
[wanxinp2p-consumer-service][${env:SERVER_PORT}] 2023-10-10 21:59:40,841 INFO [NettyClientSelector_1][Slf4jLoggerFactory.java:95] - closeChannel: close the connection to remote address[] result: true
